#
# There is insufficient memory for the Java Runtime Environment to continue.
# Native memory allocation (malloc) failed to allocate 926416 bytes for Chunk::new
# Possible reasons:
#   The system is out of physical RAM or swap space
#   The process is running with CompressedOops enabled, and the Java Heap may be blocking the growth of the native heap
# Possible solutions:
#   Reduce memory load on the system
#   Increase physical memory or swap space
#   Check if swap backing store is full
#   Decrease Java heap size (-Xmx/-Xms)
#   Decrease number of Java threads
#   Decrease Java thread stack sizes (-Xss)
#   Set larger code cache with -XX:ReservedCodeCacheSize=
#   JVM is running with Unscaled Compressed Oops mode in which the Java heap is
#     placed in the first 4GB address space. The Java Heap base address is the
#     maximum limit for the native heap growth. Please use -XX:HeapBaseMinAddress
#     to set the Java Heap base and to place the Java Heap above 4GB virtual address.
# This output file may be truncated or incomplete.
#
#  Out of Memory Error (./src/hotspot/share/memory/arena.cpp:197), pid=8720, tid=21348
#
# JRE version: OpenJDK Runtime Environment (11.0.8+10) (build 11.0.8+10-b944.6842174)
# Java VM: OpenJDK 64-Bit Server VM (11.0.8+10-b944.6842174, mixed mode, tiered, compressed oops, g1 gc, windows-amd64)
# No core dump will be written. Minidumps are not enabled by default on client versions of Windows
#

---------------  S U M M A R Y ------------

Command Line: --add-opens=java.base/java.util=ALL-UNNAMED --add-opens=java.base/java.lang=ALL-UNNAMED --add-opens=java.base/java.lang.invoke=ALL-UNNAMED --add-opens=java.prefs/java.util.prefs=ALL-UNNAMED -Xmx2048m -Dfile.encoding=UTF-8 -Duser.country=HN -Duser.language=es -Duser.variant org.gradle.launcher.daemon.bootstrap.GradleDaemon 6.7.1

Host: Intel(R) Core(TM) i7-9750H CPU @ 2.60GHz, 12 cores, 7G,  Windows 10 , 64 bit Build 19041 (10.0.19041.1023)
Time: Sat Jul 31 15:29:21 2021 Hora estándar, América Central elapsed time: 9 seconds (0d 0h 0m 9s)

---------------  T H R E A D  ---------------

Current thread (0x000002093f2ab800):  JavaThread "C2 CompilerThread1" daemon [_thread_in_native, id=21348, stack(0x0000007ecc200000,0x0000007ecc300000)]


Current CompileTask:
C2:   9615 11689       4       com.android.tools.r8.ir.conversion.o::a (1157 bytes)

Stack: [0x0000007ecc200000,0x0000007ecc300000]
Native frames: (J=compiled Java code, j=interpreted, Vv=VM code, C=native code)
V  [jvm.dll+0x5de50a]
V  [jvm.dll+0x7122f5]
V  [jvm.dll+0x71384d]
V  [jvm.dll+0x713f03]
V  [jvm.dll+0x23e728]
V  [jvm.dll+0xb899c]
V  [jvm.dll+0xb8e9c]
V  [jvm.dll+0x2b20e4]
V  [jvm.dll+0x502098]
V  [jvm.dll+0x1f8df6]
V  [jvm.dll+0x1f685f]
V  [jvm.dll+0x17f32c]
V  [jvm.dll+0x205047]
V  [jvm.dll+0x203891]
V  [jvm.dll+0x6dad3f]
V  [jvm.dll+0x6d3895]
V  [jvm.dll+0x5dd4a6]
C  [ucrtbase.dll+0x21bb2]
C  [KERNEL32.DLL+0x17034]
C  [ntdll.dll+0x52651]


---------------  P R O C E S S  ---------------

Threads class SMR info:
_java_thread_list=0x0000020946d09ec0, length=191, elements={
0x000002092240e000, 0x000002093cb5a000, 0x000002093cb5b800, 0x000002093d4f6000,
0x000002093d4f7000, 0x000002093d4f8000, 0x000002093d502000, 0x000002093cb76000,
0x000002093d64e000, 0x000002093d676800, 0x000002093fd34800, 0x000002093ef5a800,
0x000002093eca0800, 0x000002093f05d000, 0x000002093f09b800, 0x000002093f2ab800,
0x000002093f363000, 0x000002093f663000, 0x000002093fef7000, 0x000002093fb44800,
0x000002093f046000, 0x000002093f810800, 0x000002093f812000, 0x000002093f80f800,
0x000002093f811000, 0x000002093f80c800, 0x000002093f813000, 0x000002093f80d000,
0x000002093f80e000, 0x000002093f80e800, 0x0000020943043800, 0x0000020943046000,
0x0000020943046800, 0x0000020943041000, 0x0000020943048800, 0x0000020943047800,
0x0000020943049000, 0x000002094304c800, 0x000002094304b800, 0x000002094304e000,
0x000002094304a000, 0x000002094304d000, 0x000002094304f000, 0x000002094304f800,
0x000002094304a800, 0x000002094214f000, 0x000002094214b000, 0x000002094214a000,
0x0000020942149000, 0x000002094214d000, 0x000002094214f800, 0x0000020942151800,
0x000002094214b800, 0x0000020942150800, 0x0000020942152000, 0x000002094214c800,
0x0000020942153000, 0x0000020942154000, 0x000002094214e000, 0x0000020942158000,
0x0000020942155800, 0x0000020942154800, 0x0000020942156000, 0x0000020942157000,
0x000002093fa6f000, 0x000002093fa6e800, 0x000002093fa70000, 0x000002093fa71800,
0x000002093fa75000, 0x000002093fa76800, 0x000002093fa71000, 0x000002093fa73800,
0x000002093fa78000, 0x000002093fa77800, 0x000002093fa74000, 0x000002093fa72800,
0x000002093fa7a000, 0x000002093fa79000, 0x000002093fa7a800, 0x000002093fa7b800,
0x000002093fa75800, 0x000002093fa7c800, 0x000002093fa7d000, 0x0000020941f58000,
0x0000020941f59800, 0x0000020941f58800, 0x0000020941f5a000, 0x0000020941f5b000,
0x0000020941f55800, 0x0000020941f5c000, 0x0000020941f57000, 0x0000020941f56000,
0x0000020941f5d800, 0x0000020941f61000, 0x0000020941f61800, 0x0000020941f5e800,
0x0000020941f5f000, 0x0000020941f60000, 0x0000020941f62800, 0x0000020941f5c800,
0x0000020941f63000, 0x0000020941f64000, 0x0000020942305800, 0x000002094230a000,
0x0000020942304000, 0x0000020942305000, 0x0000020942308000, 0x000002094230a800,
0x0000020942307800, 0x000002094230b800, 0x000002094230c000, 0x0000020942309000,
0x0000020942306800, 0x0000020942310800, 0x0000020942312000, 0x0000020942311000,
0x000002094230f800, 0x000002094230e000, 0x000002094230d000, 0x0000020942312800,
0x000002094230e800, 0x00000209430a1000, 0x00000209430a3800, 0x00000209430a4800,
0x000002094309e800, 0x00000209430a2000, 0x00000209430a5000, 0x00000209430a3000,
0x000002094309f800, 0x00000209430a6000, 0x00000209430a0800, 0x00000209430ac800,
0x00000209430a8800, 0x00000209430a7000, 0x00000209430aa000, 0x00000209430a9800,
0x00000209430ab000, 0x00000209430ab800, 0x00000209430ad800, 0x00000209430a7800,
0x00000209400de800, 0x00000209400db800, 0x00000209400dd000, 0x00000209400df800,
0x00000209400e1000, 0x00000209400dc000, 0x00000209400e0000, 0x00000209400e2000,
0x00000209400e2800, 0x00000209400e3800, 0x00000209400dd800, 0x00000209400e9000,
0x00000209400e7800, 0x00000209400ea000, 0x00000209400e6800, 0x00000209400e8800,
0x00000209400e4800, 0x00000209400e6000, 0x00000209400e5000, 0x00000209422aa800,
0x00000209422ab000, 0x00000209422a9800, 0x00000209422ad000, 0x00000209422ac000,
0x00000209422ad800, 0x00000209422ae800, 0x00000209422a9000, 0x00000209422b2000,
0x00000209422b2800, 0x00000209422af800, 0x00000209422b5000, 0x00000209422b4000,
0x00000209422b1000, 0x00000209422b6000, 0x00000209422b0000, 0x00000209422b3800,
0x00000209422b6800, 0x00000209422b7800, 0x00000209433b3800, 0x00000209433b4800,
0x00000209433b2800, 0x00000209433b5000, 0x00000209433b6000, 0x00000209433b0000,
0x00000209433b6800, 0x00000209433b1000, 0x00000209433b7800, 0x00000209433b2000,
0x00000209433bd800, 0x00000209433bb000, 0x00000209433bb800
}

Java Threads: ( => current thread )
  0x000002092240e000 JavaThread "main" [_thread_blocked, id=12276, stack(0x0000007eca800000,0x0000007eca900000)]
  0x000002093cb5a000 JavaThread "Reference Handler" daemon [_thread_blocked, id=15292, stack(0x0000007ecaf00000,0x0000007ecb000000)]
  0x000002093cb5b800 JavaThread "Finalizer" daemon [_thread_blocked, id=11324, stack(0x0000007ecb000000,0x0000007ecb100000)]
  0x000002093d4f6000 JavaThread "Signal Dispatcher" daemon [_thread_blocked, id=17496, stack(0x0000007ecb100000,0x0000007ecb200000)]
  0x000002093d4f7000 JavaThread "Attach Listener" daemon [_thread_blocked, id=18288, stack(0x0000007ecb200000,0x0000007ecb300000)]
  0x000002093d4f8000 JavaThread "C2 CompilerThread0" daemon [_thread_in_native, id=2124, stack(0x0000007ecb300000,0x0000007ecb400000)]
  0x000002093d502000 JavaThread "C1 CompilerThread0" daemon [_thread_blocked, id=3164, stack(0x0000007ecb400000,0x0000007ecb500000)]
  0x000002093cb76000 JavaThread "Sweeper thread" daemon [_thread_blocked, id=18720, stack(0x0000007ecb500000,0x0000007ecb600000)]
  0x000002093d64e000 JavaThread "Common-Cleaner" daemon [_thread_blocked, id=8672, stack(0x0000007ecb600000,0x0000007ecb700000)]
  0x000002093d676800 JavaThread "Service Thread" daemon [_thread_blocked, id=10880, stack(0x0000007ecb700000,0x0000007ecb800000)]
  0x000002093fd34800 JavaThread "Daemon health stats" [_thread_blocked, id=16248, stack(0x0000007ecbd00000,0x0000007ecbe00000)]
  0x000002093ef5a800 JavaThread "Incoming local TCP Connector on port 60826" [_thread_in_native, id=12816, stack(0x0000007ecbe00000,0x0000007ecbf00000)]
  0x000002093eca0800 JavaThread "Daemon periodic checks" [_thread_blocked, id=22156, stack(0x0000007ecbf00000,0x0000007ecc000000)]
  0x000002093f05d000 JavaThread "Daemon" [_thread_blocked, id=17388, stack(0x0000007ecc000000,0x0000007ecc100000)]
  0x000002093f09b800 JavaThread "Handler for socket connection from /127.0.0.1:60826 to /127.0.0.1:60827" [_thread_in_native, id=15700, stack(0x0000007ecc100000,0x0000007ecc200000)]
=>0x000002093f2ab800 JavaThread "C2 CompilerThread1" daemon [_thread_in_native, id=21348, stack(0x0000007ecc200000,0x0000007ecc300000)]
  0x000002093f363000 JavaThread "Cancel handler" [_thread_blocked, id=14592, stack(0x0000007ecc300000,0x0000007ecc400000)]
  0x000002093f663000 JavaThread "Daemon worker" [_thread_blocked, id=4704, stack(0x0000007ecc400000,0x0000007ecc500000)]
  0x000002093fef7000 JavaThread "Asynchronous log dispatcher for DefaultDaemonConnection: socket connection from /127.0.0.1:60826 to /127.0.0.1:60827" [_thread_blocked, id=16628, stack(0x0000007ecc500000,0x0000007ecc600000)]
  0x000002093fb44800 JavaThread "Stdin handler" [_thread_blocked, id=3492, stack(0x0000007ecc600000,0x0000007ecc700000)]
  0x000002093f046000 JavaThread "Thread-8" [_thread_blocked, id=20148, stack(0x0000007ecc700000,0x0000007ecc800000)]
  0x000002093f810800 JavaThread "Cache worker for file hash cache (C:\Users\josem\.gradle\caches\6.7.1\fileHashes)" [_thread_blocked, id=10864, stack(0x0000007eccf00000,0x0000007ecd000000)]
  0x000002093f812000 JavaThread "File lock request listener" [_thread_in_native, id=8724, stack(0x0000007ecd000000,0x0000007ecd100000)]
  0x000002093f80f800 JavaThread "Cache worker for journal cache (C:\Users\josem\.gradle\caches\journal-1)" [_thread_blocked, id=14920, stack(0x0000007ecd300000,0x0000007ecd400000)]
  0x000002093f811000 JavaThread "Cache worker for file hash cache (D:\Dispositivos moviles\Tercer Parcial\PDM_2021_II_P3_PROYECTO3\.gradle\6.7.1\fileHashes)" [_thread_blocked, id=20012, stack(0x0000007ecd400000,0x0000007ecd500000)]
  0x000002093f80c800 JavaThread "Cache worker for checksums cache (D:\Dispositivos moviles\Tercer Parcial\PDM_2021_II_P3_PROYECTO3\.gradle\checksums)" [_thread_blocked, id=13736, stack(0x0000007ecd500000,0x0000007ecd600000)]
  0x000002093f813000 JavaThread "Cache worker for cache directory md-supplier (C:\Users\josem\.gradle\caches\6.7.1\md-supplier)" [_thread_blocked, id=22888, stack(0x0000007ecd600000,0x0000007ecd700000)]
  0x000002093f80d000 JavaThread "Cache worker for cache directory md-rule (C:\Users\josem\.gradle\caches\6.7.1\md-rule)" [_thread_blocked, id=22292, stack(0x0000007ecd700000,0x0000007ecd800000)]
  0x000002093f80e000 JavaThread "Cache worker for execution history cache (C:\Users\josem\.gradle\caches\6.7.1\executionHistory)" [_thread_blocked, id=7668, stack(0x0000007ecd800000,0x0000007ecd900000)]
  0x000002093f80e800 JavaThread "jar transforms" [_thread_blocked, id=16436, stack(0x0000007ecd900000,0x0000007ecda00000)]
  0x0000020943043800 JavaThread "Cache worker for file content cache (C:\Users\josem\.gradle\caches\6.7.1\fileContent)" [_thread_blocked, id=18516, stack(0x0000007ecda00000,0x0000007ecdb00000)]
  0x0000020943046000 JavaThread "Cache worker for Build Output Cleanup Cache (D:\Dispositivos moviles\Tercer Parcial\PDM_2021_II_P3_PROYECTO3\.gradle\buildOutputCleanup)" [_thread_blocked, id=9744, stack(0x0000007ecdb00000,0x0000007ecdc00000)]
  0x0000020943046800 JavaThread "Build operations" [_thread_blocked, id=23172, stack(0x0000007ecdc00000,0x0000007ecdd00000)]
  0x0000020943041000 JavaThread "Build operations Thread 2" [_thread_blocked, id=18276, stack(0x0000007ecdd00000,0x0000007ecde00000)]
  0x0000020943048800 JavaThread "Build operations Thread 3" [_thread_blocked, id=11200, stack(0x0000007ecde00000,0x0000007ecdf00000)]
  0x0000020943047800 JavaThread "Build operations Thread 4" [_thread_blocked, id=6704, stack(0x0000007ecdf00000,0x0000007ece000000)]
  0x0000020943049000 JavaThread "Build operations Thread 5" [_thread_blocked, id=6104, stack(0x0000007ece000000,0x0000007ece100000)]
  0x000002094304c800 JavaThread "Build operations Thread 6" [_thread_blocked, id=12500, stack(0x0000007ece100000,0x0000007ece200000)]
  0x000002094304b800 JavaThread "Build operations Thread 7" [_thread_blocked, id=22268, stack(0x0000007ece200000,0x0000007ece300000)]
  0x000002094304e000 JavaThread "Build operations Thread 8" [_thread_blocked, id=14296, stack(0x0000007ece300000,0x0000007ece400000)]
  0x000002094304a000 JavaThread "Build operations Thread 9" [_thread_blocked, id=9888, stack(0x0000007ece400000,0x0000007ece500000)]
  0x000002094304d000 JavaThread "Build operations Thread 10" [_thread_blocked, id=1916, stack(0x0000007ece500000,0x0000007ece600000)]
  0x000002094304f000 JavaThread "Build operations Thread 11" [_thread_blocked, id=21544, stack(0x0000007ece600000,0x0000007ece700000)]
  0x000002094304f800 JavaThread "Build operations Thread 12" [_thread_blocked, id=1008, stack(0x0000007ece700000,0x0000007ece800000)]
  0x000002094304a800 JavaThread "jar transforms Thread 2" [_thread_blocked, id=22576, stack(0x0000007ece800000,0x0000007ece900000)]
  0x000002094214f000 JavaThread "jar transforms Thread 3" [_thread_blocked, id=15520, stack(0x0000007ece900000,0x0000007ecea00000)]
  0x000002094214b000 JavaThread "jar transforms Thread 4" [_thread_blocked, id=21988, stack(0x0000007ecea00000,0x0000007eceb00000)]
  0x000002094214a000 JavaThread "jar transforms Thread 5" [_thread_blocked, id=21992, stack(0x0000007eceb00000,0x0000007ecec00000)]
  0x0000020942149000 JavaThread "jar transforms Thread 6" [_thread_blocked, id=20548, stack(0x0000007ecec00000,0x0000007eced00000)]
  0x000002094214d000 JavaThread "jar transforms Thread 7" [_thread_blocked, id=7712, stack(0x0000007eced00000,0x0000007ecee00000)]
  0x000002094214f800 JavaThread "jar transforms Thread 8" [_thread_blocked, id=4748, stack(0x0000007ecee00000,0x0000007ecef00000)]
  0x0000020942151800 JavaThread "jar transforms Thread 9" [_thread_blocked, id=19416, stack(0x0000007ecef00000,0x0000007ecf000000)]
  0x000002094214b800 JavaThread "jar transforms Thread 10" [_thread_blocked, id=12820, stack(0x0000007ecf000000,0x0000007ecf100000)]
  0x0000020942150800 JavaThread "jar transforms Thread 11" [_thread_blocked, id=6768, stack(0x0000007ecf100000,0x0000007ecf200000)]
  0x0000020942152000 JavaThread "jar transforms Thread 12" [_thread_blocked, id=9484, stack(0x0000007ecf200000,0x0000007ecf300000)]
  0x000002094214c800 JavaThread "jar transforms Thread 13" [_thread_blocked, id=9184, stack(0x0000007ecf300000,0x0000007ecf400000)]
  0x0000020942153000 JavaThread "jar transforms Thread 14" [_thread_blocked, id=20272, stack(0x0000007ecf400000,0x0000007ecf500000)]
  0x0000020942154000 JavaThread "jar transforms Thread 15" [_thread_blocked, id=3388, stack(0x0000007ecf500000,0x0000007ecf600000)]
  0x000002094214e000 JavaThread "jar transforms Thread 16" [_thread_blocked, id=23132, stack(0x0000007ecf600000,0x0000007ecf700000)]
  0x0000020942158000 JavaThread "jar transforms Thread 17" [_thread_blocked, id=16748, stack(0x0000007ecf700000,0x0000007ecf800000)]
  0x0000020942155800 JavaThread "jar transforms Thread 18" [_thread_blocked, id=8312, stack(0x0000007ecf800000,0x0000007ecf900000)]
  0x0000020942154800 JavaThread "jar transforms Thread 19" [_thread_blocked, id=3368, stack(0x0000007ecf900000,0x0000007ecfa00000)]
  0x0000020942156000 JavaThread "jar transforms Thread 20" [_thread_blocked, id=14580, stack(0x0000007ecfa00000,0x0000007ecfb00000)]
  0x0000020942157000 JavaThread "jar transforms Thread 21" [_thread_blocked, id=328, stack(0x0000007ecfb00000,0x0000007ecfc00000)]
  0x000002093fa6f000 JavaThread "jar transforms Thread 22" [_thread_blocked, id=17200, stack(0x0000007ecfc00000,0x0000007ecfd00000)]
  0x000002093fa6e800 JavaThread "jar transforms Thread 23" [_thread_blocked, id=19060, stack(0x0000007ecfd00000,0x0000007ecfe00000)]
  0x000002093fa70000 JavaThread "jar transforms Thread 24" [_thread_blocked, id=13892, stack(0x0000007ecfe00000,0x0000007ecff00000)]
  0x000002093fa71800 JavaThread "jar transforms Thread 25" [_thread_blocked, id=14016, stack(0x0000007ecff00000,0x0000007ed0000000)]
  0x000002093fa75000 JavaThread "jar transforms Thread 26" [_thread_blocked, id=11860, stack(0x0000007ed0000000,0x0000007ed0100000)]
  0x000002093fa76800 JavaThread "jar transforms Thread 27" [_thread_blocked, id=15716, stack(0x0000007ed0100000,0x0000007ed0200000)]
  0x000002093fa71000 JavaThread "jar transforms Thread 28" [_thread_blocked, id=4916, stack(0x0000007ed0200000,0x0000007ed0300000)]
  0x000002093fa73800 JavaThread "jar transforms Thread 29" [_thread_blocked, id=16280, stack(0x0000007ed0300000,0x0000007ed0400000)]
  0x000002093fa78000 JavaThread "jar transforms Thread 30" [_thread_blocked, id=18356, stack(0x0000007ed0400000,0x0000007ed0500000)]
  0x000002093fa77800 JavaThread "jar transforms Thread 31" [_thread_blocked, id=4856, stack(0x0000007ed0500000,0x0000007ed0600000)]
  0x000002093fa74000 JavaThread "jar transforms Thread 32" [_thread_blocked, id=20796, stack(0x0000007ed0600000,0x0000007ed0700000)]
  0x000002093fa72800 JavaThread "jar transforms Thread 33" [_thread_blocked, id=20224, stack(0x0000007ed0700000,0x0000007ed0800000)]
  0x000002093fa7a000 JavaThread "jar transforms Thread 34" [_thread_blocked, id=19592, stack(0x0000007ed0800000,0x0000007ed0900000)]
  0x000002093fa79000 JavaThread "jar transforms Thread 35" [_thread_blocked, id=1872, stack(0x0000007ed0900000,0x0000007ed0a00000)]
  0x000002093fa7a800 JavaThread "jar transforms Thread 36" [_thread_blocked, id=7640, stack(0x0000007ed0a00000,0x0000007ed0b00000)]
  0x000002093fa7b800 JavaThread "jar transforms Thread 37" [_thread_blocked, id=14708, stack(0x0000007ed0b00000,0x0000007ed0c00000)]
  0x000002093fa75800 JavaThread "jar transforms Thread 38" [_thread_blocked, id=16168, stack(0x0000007ed0c00000,0x0000007ed0d00000)]
  0x000002093fa7c800 JavaThread "jar transforms Thread 39" [_thread_blocked, id=22328, stack(0x0000007ed0d00000,0x0000007ed0e00000)]
  0x000002093fa7d000 JavaThread "jar transforms Thread 40" [_thread_blocked, id=9472, stack(0x0000007ed0e00000,0x0000007ed0f00000)]
  0x0000020941f58000 JavaThread "jar transforms Thread 41" [_thread_blocked, id=20720, stack(0x0000007ed0f00000,0x0000007ed1000000)]
  0x0000020941f59800 JavaThread "jar transforms Thread 42" [_thread_blocked, id=1808, stack(0x0000007ed1000000,0x0000007ed1100000)]
  0x0000020941f58800 JavaThread "jar transforms Thread 43" [_thread_blocked, id=18388, stack(0x0000007ed1100000,0x0000007ed1200000)]
  0x0000020941f5a000 JavaThread "jar transforms Thread 44" [_thread_blocked, id=7216, stack(0x0000007ed1200000,0x0000007ed1300000)]
  0x0000020941f5b000 JavaThread "jar transforms Thread 45" [_thread_blocked, id=11424, stack(0x0000007ed1300000,0x0000007ed1400000)]
  0x0000020941f55800 JavaThread "jar transforms Thread 46" [_thread_blocked, id=22880, stack(0x0000007ed1400000,0x0000007ed1500000)]
  0x0000020941f5c000 JavaThread "jar transforms Thread 47" [_thread_blocked, id=21092, stack(0x0000007ed1500000,0x0000007ed1600000)]
  0x0000020941f57000 JavaThread "jar transforms Thread 48" [_thread_blocked, id=20112, stack(0x0000007ed1600000,0x0000007ed1700000)]
  0x0000020941f56000 JavaThread "jar transforms Thread 49" [_thread_blocked, id=3236, stack(0x0000007ed1700000,0x0000007ed1800000)]
  0x0000020941f5d800 JavaThread "jar transforms Thread 50" [_thread_blocked, id=14132, stack(0x0000007ed1800000,0x0000007ed1900000)]
  0x0000020941f61000 JavaThread "jar transforms Thread 51" [_thread_blocked, id=4808, stack(0x0000007ed1900000,0x0000007ed1a00000)]
  0x0000020941f61800 JavaThread "jar transforms Thread 52" [_thread_blocked, id=22320, stack(0x0000007ed1a00000,0x0000007ed1b00000)]
  0x0000020941f5e800 JavaThread "jar transforms Thread 53" [_thread_blocked, id=15660, stack(0x0000007ed1b00000,0x0000007ed1c00000)]
  0x0000020941f5f000 JavaThread "jar transforms Thread 54" [_thread_blocked, id=9012, stack(0x0000007ed1c00000,0x0000007ed1d00000)]
  0x0000020941f60000 JavaThread "jar transforms Thread 55" [_thread_blocked, id=1520, stack(0x0000007ed1d00000,0x0000007ed1e00000)]
  0x0000020941f62800 JavaThread "jar transforms Thread 56" [_thread_blocked, id=17876, stack(0x0000007ed1e00000,0x0000007ed1f00000)]
  0x0000020941f5c800 JavaThread "jar transforms Thread 57" [_thread_blocked, id=10048, stack(0x0000007ed1f00000,0x0000007ed2000000)]
  0x0000020941f63000 JavaThread "jar transforms Thread 58" [_thread_blocked, id=17348, stack(0x0000007ed2000000,0x0000007ed2100000)]
  0x0000020941f64000 JavaThread "jar transforms Thread 59" [_thread_blocked, id=22048, stack(0x0000007ed2100000,0x0000007ed2200000)]
  0x0000020942305800 JavaThread "jar transforms Thread 60" [_thread_blocked, id=23328, stack(0x0000007ed2200000,0x0000007ed2300000)]
  0x000002094230a000 JavaThread "jar transforms Thread 61" [_thread_blocked, id=7340, stack(0x0000007ed2300000,0x0000007ed2400000)]
  0x0000020942304000 JavaThread "jar transforms Thread 62" [_thread_blocked, id=12796, stack(0x0000007ed2400000,0x0000007ed2500000)]
  0x0000020942305000 JavaThread "jar transforms Thread 63" [_thread_blocked, id=19204, stack(0x0000007ed2500000,0x0000007ed2600000)]
  0x0000020942308000 JavaThread "jar transforms Thread 64" [_thread_blocked, id=13272, stack(0x0000007ed2600000,0x0000007ed2700000)]
  0x000002094230a800 JavaThread "jar transforms Thread 65" [_thread_blocked, id=15780, stack(0x0000007ed2700000,0x0000007ed2800000)]
  0x0000020942307800 JavaThread "jar transforms Thread 66" [_thread_blocked, id=20836, stack(0x0000007ed2800000,0x0000007ed2900000)]
  0x000002094230b800 JavaThread "jar transforms Thread 67" [_thread_blocked, id=11888, stack(0x0000007ed2900000,0x0000007ed2a00000)]
  0x000002094230c000 JavaThread "jar transforms Thread 68" [_thread_blocked, id=18536, stack(0x0000007ed2a00000,0x0000007ed2b00000)]
  0x0000020942309000 JavaThread "jar transforms Thread 69" [_thread_blocked, id=12472, stack(0x0000007ed2b00000,0x0000007ed2c00000)]
  0x0000020942306800 JavaThread "jar transforms Thread 70" [_thread_blocked, id=16752, stack(0x0000007ed2c00000,0x0000007ed2d00000)]
  0x0000020942310800 JavaThread "jar transforms Thread 71" [_thread_blocked, id=17788, stack(0x0000007ed2d00000,0x0000007ed2e00000)]
  0x0000020942312000 JavaThread "jar transforms Thread 72" [_thread_blocked, id=16620, stack(0x0000007ed2e00000,0x0000007ed2f00000)]
  0x0000020942311000 JavaThread "jar transforms Thread 73" [_thread_blocked, id=15584, stack(0x0000007ed2f00000,0x0000007ed3000000)]
  0x000002094230f800 JavaThread "jar transforms Thread 74" [_thread_blocked, id=12220, stack(0x0000007ed3000000,0x0000007ed3100000)]
  0x000002094230e000 JavaThread "jar transforms Thread 75" [_thread_blocked, id=11488, stack(0x0000007ed3100000,0x0000007ed3200000)]
  0x000002094230d000 JavaThread "jar transforms Thread 76" [_thread_blocked, id=17504, stack(0x0000007ed3200000,0x0000007ed3300000)]
  0x0000020942312800 JavaThread "jar transforms Thread 77" [_thread_blocked, id=9040, stack(0x0000007ed3300000,0x0000007ed3400000)]
  0x000002094230e800 JavaThread "jar transforms Thread 78" [_thread_blocked, id=17572, stack(0x0000007ed3400000,0x0000007ed3500000)]
  0x00000209430a1000 JavaThread "jar transforms Thread 79" [_thread_blocked, id=22648, stack(0x0000007ed3500000,0x0000007ed3600000)]
  0x00000209430a3800 JavaThread "jar transforms Thread 80" [_thread_blocked, id=10472, stack(0x0000007ed3600000,0x0000007ed3700000)]
  0x00000209430a4800 JavaThread "jar transforms Thread 81" [_thread_blocked, id=12488, stack(0x0000007ed3700000,0x0000007ed3800000)]
  0x000002094309e800 JavaThread "jar transforms Thread 82" [_thread_blocked, id=22616, stack(0x0000007ed3800000,0x0000007ed3900000)]
  0x00000209430a2000 JavaThread "jar transforms Thread 83" [_thread_blocked, id=17004, stack(0x0000007ed3900000,0x0000007ed3a00000)]
  0x00000209430a5000 JavaThread "jar transforms Thread 84" [_thread_blocked, id=5544, stack(0x0000007ed3a00000,0x0000007ed3b00000)]
  0x00000209430a3000 JavaThread "jar transforms Thread 85" [_thread_blocked, id=14744, stack(0x0000007ed3b00000,0x0000007ed3c00000)]
  0x000002094309f800 JavaThread "jar transforms Thread 86" [_thread_blocked, id=15184, stack(0x0000007ed3c00000,0x0000007ed3d00000)]
  0x00000209430a6000 JavaThread "jar transforms Thread 87" [_thread_blocked, id=8780, stack(0x0000007ed3d00000,0x0000007ed3e00000)]
  0x00000209430a0800 JavaThread "jar transforms Thread 88" [_thread_blocked, id=6208, stack(0x0000007ed3e00000,0x0000007ed3f00000)]
  0x00000209430ac800 JavaThread "jar transforms Thread 89" [_thread_blocked, id=7808, stack(0x0000007ed3f00000,0x0000007ed4000000)]
  0x00000209430a8800 JavaThread "jar transforms Thread 90" [_thread_blocked, id=5860, stack(0x0000007ed4000000,0x0000007ed4100000)]
  0x00000209430a7000 JavaThread "jar transforms Thread 91" [_thread_blocked, id=14964, stack(0x0000007ed4100000,0x0000007ed4200000)]
  0x00000209430aa000 JavaThread "jar transforms Thread 92" [_thread_blocked, id=23044, stack(0x0000007ed4200000,0x0000007ed4300000)]
  0x00000209430a9800 JavaThread "jar transforms Thread 93" [_thread_blocked, id=16148, stack(0x0000007ed4300000,0x0000007ed4400000)]
  0x00000209430ab000 JavaThread "jar transforms Thread 94" [_thread_blocked, id=13336, stack(0x0000007ed4400000,0x0000007ed4500000)]
  0x00000209430ab800 JavaThread "jar transforms Thread 95" [_thread_blocked, id=10980, stack(0x0000007ed4500000,0x0000007ed4600000)]
  0x00000209430ad800 JavaThread "jar transforms Thread 96" [_thread_blocked, id=12240, stack(0x0000007ed4600000,0x0000007ed4700000)]
  0x00000209430a7800 JavaThread "jar transforms Thread 97" [_thread_blocked, id=10728, stack(0x0000007ed4700000,0x0000007ed4800000)]
  0x00000209400de800 JavaThread "jar transforms Thread 98" [_thread_blocked, id=2308, stack(0x0000007ed4800000,0x0000007ed4900000)]
  0x00000209400db800 JavaThread "jar transforms Thread 99" [_thread_blocked, id=23108, stack(0x0000007ed4900000,0x0000007ed4a00000)]
  0x00000209400dd000 JavaThread "jar transforms Thread 100" [_thread_blocked, id=9952, stack(0x0000007ed4a00000,0x0000007ed4b00000)]
  0x00000209400df800 JavaThread "jar transforms Thread 101" [_thread_blocked, id=18316, stack(0x0000007ed4b00000,0x0000007ed4c00000)]
  0x00000209400e1000 JavaThread "jar transforms Thread 102" [_thread_blocked, id=17880, stack(0x0000007ed4c00000,0x0000007ed4d00000)]
  0x00000209400dc000 JavaThread "jar transforms Thread 103" [_thread_blocked, id=13452, stack(0x0000007ed4d00000,0x0000007ed4e00000)]
  0x00000209400e0000 JavaThread "jar transforms Thread 104" [_thread_blocked, id=6096, stack(0x0000007ed4e00000,0x0000007ed4f00000)]
  0x00000209400e2000 JavaThread "jar transforms Thread 105" [_thread_blocked, id=17072, stack(0x0000007ed4f00000,0x0000007ed5000000)]
  0x00000209400e2800 JavaThread "jar transforms Thread 106" [_thread_blocked, id=17096, stack(0x0000007ed5000000,0x0000007ed5100000)]
  0x00000209400e3800 JavaThread "jar transforms Thread 107" [_thread_blocked, id=17036, stack(0x0000007ed5100000,0x0000007ed5200000)]
  0x00000209400dd800 JavaThread "jar transforms Thread 108" [_thread_blocked, id=21916, stack(0x0000007ed5200000,0x0000007ed5300000)]
  0x00000209400e9000 JavaThread "jar transforms Thread 109" [_thread_blocked, id=12032, stack(0x0000007ed5300000,0x0000007ed5400000)]
  0x00000209400e7800 JavaThread "jar transforms Thread 110" [_thread_blocked, id=14684, stack(0x0000007ed5400000,0x0000007ed5500000)]
  0x00000209400ea000 JavaThread "jar transforms Thread 111" [_thread_blocked, id=13956, stack(0x0000007ed5500000,0x0000007ed5600000)]
  0x00000209400e6800 JavaThread "jar transforms Thread 112" [_thread_blocked, id=14340, stack(0x0000007ed5600000,0x0000007ed5700000)]
  0x00000209400e8800 JavaThread "jar transforms Thread 113" [_thread_blocked, id=8004, stack(0x0000007ed5700000,0x0000007ed5800000)]
  0x00000209400e4800 JavaThread "jar transforms Thread 114" [_thread_blocked, id=7180, stack(0x0000007ed5800000,0x0000007ed5900000)]
  0x00000209400e6000 JavaThread "jar transforms Thread 115" [_thread_blocked, id=18264, stack(0x0000007ed5900000,0x0000007ed5a00000)]
  0x00000209400e5000 JavaThread "jar transforms Thread 116" [_thread_blocked, id=17736, stack(0x0000007ed5a00000,0x0000007ed5b00000)]
  0x00000209422aa800 JavaThread "jar transforms Thread 117" [_thread_blocked, id=22376, stack(0x0000007ed5b00000,0x0000007ed5c00000)]
  0x00000209422ab000 JavaThread "jar transforms Thread 118" [_thread_blocked, id=9160, stack(0x0000007ed5c00000,0x0000007ed5d00000)]
  0x00000209422a9800 JavaThread "jar transforms Thread 119" [_thread_blocked, id=16224, stack(0x0000007ed5d00000,0x0000007ed5e00000)]
  0x00000209422ad000 JavaThread "Memory manager" [_thread_blocked, id=10920, stack(0x0000007ed5e00000,0x0000007ed5f00000)]
  0x00000209422ac000 JavaThread "build event listener" [_thread_blocked, id=21764, stack(0x0000007ed5f00000,0x0000007ed6000000)]
  0x00000209422ad800 JavaThread "pool-3-thread-1" [_thread_blocked, id=22936, stack(0x0000007ed6000000,0x0000007ed6100000)]
  0x00000209422ae800 JavaThread "build event listener" [_thread_blocked, id=19484, stack(0x0000007ed6100000,0x0000007ed6200000)]
  0x00000209422a9000 JavaThread "Execution worker for ':'" [_thread_blocked, id=17512, stack(0x0000007ed6200000,0x0000007ed6300000)]
  0x00000209422b2000 JavaThread "Execution worker for ':' Thread 2" [_thread_blocked, id=16616, stack(0x0000007ed6300000,0x0000007ed6400000)]
  0x00000209422b2800 JavaThread "Execution worker for ':' Thread 3" [_thread_blocked, id=20024, stack(0x0000007ed6400000,0x0000007ed6500000)]
  0x00000209422af800 JavaThread "Execution worker for ':' Thread 4" [_thread_blocked, id=22172, stack(0x0000007ed6500000,0x0000007ed6600000)]
  0x00000209422b5000 JavaThread "Execution worker for ':' Thread 5" [_thread_blocked, id=2296, stack(0x0000007ed6600000,0x0000007ed6700000)]
  0x00000209422b4000 JavaThread "Execution worker for ':' Thread 6" [_thread_blocked, id=5532, stack(0x0000007ed6700000,0x0000007ed6800000)]
  0x00000209422b1000 JavaThread "Execution worker for ':' Thread 7" [_thread_blocked, id=13744, stack(0x0000007ed6800000,0x0000007ed6900000)]
  0x00000209422b6000 JavaThread "Execution worker for ':' Thread 8" [_thread_blocked, id=16520, stack(0x0000007ed6900000,0x0000007ed6a00000)]
  0x00000209422b0000 JavaThread "Execution worker for ':' Thread 9" [_thread_blocked, id=4120, stack(0x0000007ed6a00000,0x0000007ed6b00000)]
  0x00000209422b3800 JavaThread "Execution worker for ':' Thread 10" [_thread_blocked, id=12376, stack(0x0000007ed6b00000,0x0000007ed6c00000)]
  0x00000209422b6800 JavaThread "Execution worker for ':' Thread 11" [_thread_blocked, id=8396, stack(0x0000007ed6c00000,0x0000007ed6d00000)]
  0x00000209422b7800 JavaThread "Cache worker for execution history cache (D:\Dispositivos moviles\Tercer Parcial\PDM_2021_II_P3_PROYECTO3\.gradle\6.7.1\executionHistory)" [_thread_blocked, id=4656, stack(0x0000007ed6d00000,0x0000007ed6e00000)]
  0x00000209433b3800 JavaThread "WorkerExecutor Queue" [_thread_blocked, id=3272, stack(0x0000007ed6e00000,0x0000007ed6f00000)]
  0x00000209433b4800 JavaThread "WorkerExecutor Queue Thread 2" [_thread_blocked, id=21120, stack(0x0000007ed6f00000,0x0000007ed7000000)]
  0x00000209433b2800 JavaThread "WorkerExecutor Queue Thread 3" [_thread_blocked, id=8988, stack(0x0000007ed7000000,0x0000007ed7100000)]
  0x00000209433b5000 JavaThread "WorkerExecutor Queue Thread 4" [_thread_blocked, id=20744, stack(0x0000007ed7100000,0x0000007ed7200000)]
  0x00000209433b6000 JavaThread "WorkerExecutor Queue Thread 5" [_thread_blocked, id=8968, stack(0x0000007ed7200000,0x0000007ed7300000)]
  0x00000209433b0000 JavaThread "WorkerExecutor Queue Thread 6" [_thread_blocked, id=12436, stack(0x0000007ed7300000,0x0000007ed7400000)]
  0x00000209433b6800 JavaThread "WorkerExecutor Queue Thread 7" [_thread_blocked, id=4904, stack(0x0000007ed7400000,0x0000007ed7500000)]
  0x00000209433b1000 JavaThread "WorkerExecutor Queue Thread 8" [_thread_blocked, id=3660, stack(0x0000007ed7500000,0x0000007ed7600000)]
  0x00000209433b7800 JavaThread "WorkerExecutor Queue Thread 9" [_thread_in_native, id=9080, stack(0x0000007ed7600000,0x0000007ed7700000)]
  0x00000209433b2000 JavaThread "WorkerExecutor Queue Thread 10" [_thread_blocked, id=16152, stack(0x0000007ed7700000,0x0000007ed7800000)]
  0x00000209433bd800 JavaThread "WorkerExecutor Queue Thread 11" [_thread_blocked, id=20212, stack(0x0000007ed7800000,0x0000007ed7900000)]
  0x00000209433bb000 JavaThread "WorkerExecutor Queue Thread 12" [_thread_blocked, id=14032, stack(0x0000007ed7900000,0x0000007ed7a00000)]
  0x00000209433bb800 JavaThread "WorkerExecutor Queue Thread 13" [_thread_blocked, id=5128, stack(0x0000007ed7a00000,0x0000007ed7b00000)]

Other Threads:
  0x000002093cb57800 VMThread "VM Thread" [stack: 0x0000007ecae00000,0x0000007ecaf00000] [id=11556]
  0x000002093d677800 WatcherThread [stack: 0x0000007ecb800000,0x0000007ecb900000] [id=10564]
  0x0000020922424000 GCTaskThread "GC Thread#0" [stack: 0x0000007eca900000,0x0000007ecaa00000] [id=10884]
  0x000002093e332800 GCTaskThread "GC Thread#1" [stack: 0x0000007ecba00000,0x0000007ecbb00000] [id=15828]
  0x000002093dfec000 GCTaskThread "GC Thread#2" [stack: 0x0000007ecbb00000,0x0000007ecbc00000] [id=23256]
  0x000002093fb43800 GCTaskThread "GC Thread#3" [stack: 0x0000007ecc800000,0x0000007ecc900000] [id=7520]
  0x000002093eaa2000 GCTaskThread "GC Thread#4" [stack: 0x0000007ecc900000,0x0000007ecca00000] [id=14584]
  0x000002093ea53000 GCTaskThread "GC Thread#5" [stack: 0x0000007ecca00000,0x0000007eccb00000] [id=7756]
  0x000002093eb56000 GCTaskThread "GC Thread#6" [stack: 0x0000007eccb00000,0x0000007eccc00000] [id=22476]
  0x000002093eb2f800 GCTaskThread "GC Thread#7" [stack: 0x0000007eccc00000,0x0000007eccd00000] [id=10828]
  0x000002093f749800 GCTaskThread "GC Thread#8" [stack: 0x0000007eccd00000,0x0000007ecce00000] [id=14192]
  0x000002093eac3800 GCTaskThread "GC Thread#9" [stack: 0x0000007ecce00000,0x0000007eccf00000] [id=22776]
  0x0000020922456000 ConcurrentGCThread "G1 Main Marker" [stack: 0x0000007ecaa00000,0x0000007ecab00000] [id=14544]
  0x0000020922457000 ConcurrentGCThread "G1 Conc#0" [stack: 0x0000007ecab00000,0x0000007ecac00000] [id=15796]
  0x000002093f2e1000 ConcurrentGCThread "G1 Conc#1" [stack: 0x0000007ecd100000,0x0000007ecd200000] [id=22564]
  0x000002093f34a000 ConcurrentGCThread "G1 Conc#2" [stack: 0x0000007ecd200000,0x0000007ecd300000] [id=10776]
  0x000002093c9a4800 ConcurrentGCThread "G1 Refine#0" [stack: 0x0000007ecac00000,0x0000007ecad00000] [id=10788]
  0x000002093c9a5000 ConcurrentGCThread "G1 Young RemSet Sampling" [stack: 0x0000007ecad00000,0x0000007ecae00000] [id=19844]

Threads with active compile tasks:
C2 CompilerThread0   9731 12086       4       sun.security.provider.SHA::implCompress0 (482 bytes)
C2 CompilerThread1   9731 11689       4       com.android.tools.r8.ir.conversion.o::a (1157 bytes)

VM state:not at safepoint (normal execution)

VM Mutex/Monitor currently owned by a thread: None

Heap address: 0x0000000080000000, size: 2048 MB, Compressed Oops mode: 32-bit
Narrow klass base: 0x0000000000000000, Narrow klass shift: 3
Compressed class space size: 1073741824 Address: 0x0000000100000000

Heap:
 garbage-first heap   total 225280K, used 120448K [0x0000000080000000, 0x0000000100000000)
  region size 1024K, 16 young (16384K), 5 survivors (5120K)
 Metaspace       used 97878K, capacity 100746K, committed 102636K, reserved 1136640K
  class space    used 12916K, capacity 14037K, committed 14744K, reserved 1048576K
Heap Regions: E=young(eden), S=young(survivor), O=old, HS=humongous(starts), HC=humongous(continues), CS=collection set, F=free, A=archive, TAMS=top-at-mark-start (previous, next)
|   0|0x0000000080000000, 0x0000000080100000, 0x0000000080100000|100%| O|  |TAMS 0x0000000080100000, 0x0000000080000000| Complete 
|   1|0x0000000080100000, 0x0000000080200000, 0x0000000080200000|100%| O|  |TAMS 0x0000000080200000, 0x0000000080100000| Untracked 
|   2|0x0000000080200000, 0x0000000080300000, 0x0000000080300000|100%| O|  |TAMS 0x0000000080300000, 0x0000000080200000| Untracked 
|   3|0x0000000080300000, 0x0000000080400000, 0x0000000080400000|100%|HS|  |TAMS 0x0000000080400000, 0x0000000080300000| Complete 
|   4|0x0000000080400000, 0x0000000080500000, 0x0000000080500000|100%|HC|  |TAMS 0x0000000080500000, 0x0000000080400000| Complete 
|   5|0x0000000080500000, 0x0000000080600000, 0x0000000080600000|100%|HC|  |TAMS 0x0000000080600000, 0x0000000080500000| Complete 
|   6|0x0000000080600000, 0x0000000080700000, 0x0000000080700000|100%| O|  |TAMS 0x0000000080700000, 0x0000000080600000| Untracked 
|   7|0x0000000080700000, 0x0000000080800000, 0x0000000080800000|100%| O|  |TAMS 0x0000000080800000, 0x0000000080700000| Untracked 
|   8|0x0000000080800000, 0x0000000080900000, 0x0000000080900000|100%| O|  |TAMS 0x0000000080900000, 0x0000000080800000| Untracked 
|   9|0x0000000080900000, 0x0000000080a00000, 0x0000000080a00000|100%| O|  |TAMS 0x0000000080a00000, 0x0000000080900000| Untracked 
|  10|0x0000000080a00000, 0x0000000080b00000, 0x0000000080b00000|100%| O|  |TAMS 0x0000000080b00000, 0x0000000080a00000| Untracked 
|  11|0x0000000080b00000, 0x0000000080c00000, 0x0000000080c00000|100%| O|  |TAMS 0x0000000080c00000, 0x0000000080b00000| Untracked 
|  12|0x0000000080c00000, 0x0000000080d00000, 0x0000000080d00000|100%| O|  |TAMS 0x0000000080d00000, 0x0000000080c00000| Complete 
|  13|0x0000000080d00000, 0x0000000080e00000, 0x0000000080e00000|100%| O|  |TAMS 0x0000000080e00000, 0x0000000080d00000| Untracked 
|  14|0x0000000080e00000, 0x0000000080f00000, 0x0000000080f00000|100%| O|  |TAMS 0x0000000080f00000, 0x0000000080e00000| Untracked 
|  15|0x0000000080f00000, 0x0000000081000000, 0x0000000081000000|100%| O|  |TAMS 0x0000000081000000, 0x0000000080f00000| Untracked 
|  16|0x0000000081000000, 0x0000000081100000, 0x0000000081100000|100%| O|  |TAMS 0x0000000081100000, 0x0000000081000000| Untracked 
|  17|0x0000000081100000, 0x0000000081200000, 0x0000000081200000|100%| O|  |TAMS 0x0000000081200000, 0x0000000081100000| Untracked 
|  18|0x0000000081200000, 0x0000000081300000, 0x0000000081300000|100%| O|  |TAMS 0x0000000081300000, 0x0000000081200000| Complete 
|  19|0x0000000081300000, 0x0000000081400000, 0x0000000081400000|100%|HS|  |TAMS 0x0000000081400000, 0x0000000081300000| Complete 
|  20|0x0000000081400000, 0x0000000081500000, 0x0000000081500000|100%| O|  |TAMS 0x0000000081500000, 0x0000000081400000| Untracked 
|  21|0x0000000081500000, 0x0000000081600000, 0x0000000081600000|100%| O|  |TAMS 0x0000000081600000, 0x0000000081500000| Untracked 
|  22|0x0000000081600000, 0x0000000081700000, 0x0000000081700000|100%|HS|  |TAMS 0x0000000081700000, 0x0000000081600000| Complete 
|  23|0x0000000081700000, 0x0000000081800000, 0x0000000081800000|100%|HS|  |TAMS 0x0000000081800000, 0x0000000081700000| Complete 
|  24|0x0000000081800000, 0x0000000081900000, 0x0000000081900000|100%|HC|  |TAMS 0x0000000081900000, 0x0000000081800000| Complete 
|  25|0x0000000081900000, 0x0000000081a00000, 0x0000000081a00000|100%|HC|  |TAMS 0x0000000081a00000, 0x0000000081900000| Complete 
|  26|0x0000000081a00000, 0x0000000081b00000, 0x0000000081b00000|100%|HS|  |TAMS 0x0000000081b00000, 0x0000000081a00000| Complete 
|  27|0x0000000081b00000, 0x0000000081c00000, 0x0000000081c00000|100%|HC|  |TAMS 0x0000000081c00000, 0x0000000081b00000| Complete 
|  28|0x0000000081c00000, 0x0000000081d00000, 0x0000000081d00000|100%| O|  |TAMS 0x0000000081d00000, 0x0000000081c00000| Untracked 
|  29|0x0000000081d00000, 0x0000000081e00000, 0x0000000081e00000|100%| O|  |TAMS 0x0000000081e00000, 0x0000000081d00000| Untracked 
|  30|0x0000000081e00000, 0x0000000081f00000, 0x0000000081f00000|100%| O|  |TAMS 0x0000000081f00000, 0x0000000081e00000| Complete 
|  31|0x0000000081f00000, 0x0000000082000000, 0x0000000082000000|100%| O|  |TAMS 0x0000000082000000, 0x0000000081f00000| Complete 
|  32|0x0000000082000000, 0x0000000082100000, 0x0000000082100000|100%| O|  |TAMS 0x0000000082100000, 0x0000000082000000| Complete 
|  33|0x0000000082100000, 0x0000000082200000, 0x0000000082200000|100%| O|  |TAMS 0x0000000082200000, 0x0000000082100000| Complete 
|  34|0x0000000082200000, 0x0000000082300000, 0x0000000082300000|100%| O|  |TAMS 0x0000000082300000, 0x0000000082200000| Complete 
|  35|0x0000000082300000, 0x0000000082400000, 0x0000000082400000|100%| O|  |TAMS 0x0000000082400000, 0x0000000082300000| Complete 
|  36|0x0000000082400000, 0x0000000082500000, 0x0000000082500000|100%| O|  |TAMS 0x0000000082500000, 0x0000000082400000| Untracked 
|  37|0x0000000082500000, 0x0000000082600000, 0x0000000082600000|100%| O|  |TAMS 0x0000000082600000, 0x0000000082500000| Untracked 
|  38|0x0000000082600000, 0x0000000082700000, 0x0000000082700000|100%| O|  |TAMS 0x0000000082700000, 0x0000000082600000| Untracked 
|  39|0x0000000082700000, 0x0000000082800000, 0x0000000082800000|100%| O|  |TAMS 0x0000000082800000, 0x0000000082700000| Untracked 
|  40|0x0000000082800000, 0x0000000082900000, 0x0000000082900000|100%| O|  |TAMS 0x0000000082900000, 0x0000000082800000| Untracked 
|  41|0x0000000082900000, 0x0000000082a00000, 0x0000000082a00000|100%| O|  |TAMS 0x0000000082a00000, 0x0000000082900000| Complete 
|  42|0x0000000082a00000, 0x0000000082b00000, 0x0000000082b00000|100%| O|  |TAMS 0x0000000082b00000, 0x0000000082a00000| Untracked 
|  43|0x0000000082b00000, 0x0000000082c00000, 0x0000000082c00000|100%| O|  |TAMS 0x0000000082c00000, 0x0000000082b00000| Complete 
|  44|0x0000000082c00000, 0x0000000082d00000, 0x0000000082d00000|100%| O|  |TAMS 0x0000000082d00000, 0x0000000082c00000| Complete 
|  45|0x0000000082d00000, 0x0000000082e00000, 0x0000000082e00000|100%| O|  |TAMS 0x0000000082e00000, 0x0000000082d00000| Complete 
|  46|0x0000000082e00000, 0x0000000082f00000, 0x0000000082f00000|100%| O|  |TAMS 0x0000000082f00000, 0x0000000082e00000| Untracked 
|  47|0x0000000082f00000, 0x0000000083000000, 0x0000000083000000|100%| O|  |TAMS 0x0000000083000000, 0x0000000082f00000| Untracked 
|  48|0x0000000083000000, 0x0000000083100000, 0x0000000083100000|100%| O|  |TAMS 0x0000000083100000, 0x0000000083000000| Untracked 
|  49|0x0000000083100000, 0x0000000083200000, 0x0000000083200000|100%| O|  |TAMS 0x0000000083200000, 0x0000000083100000| Untracked 
|  50|0x0000000083200000, 0x0000000083300000, 0x0000000083300000|100%| O|  |TAMS 0x0000000083300000, 0x0000000083200000| Untracked 
|  51|0x0000000083300000, 0x0000000083400000, 0x0000000083400000|100%| O|  |TAMS 0x0000000083400000, 0x0000000083300000| Untracked 
|  52|0x0000000083400000, 0x0000000083500000, 0x0000000083500000|100%| O|  |TAMS 0x0000000083500000, 0x0000000083400000| Untracked 
|  53|0x0000000083500000, 0x0000000083600000, 0x0000000083600000|100%| O|  |TAMS 0x0000000083600000, 0x0000000083500000| Untracked 
|  54|0x0000000083600000, 0x0000000083700000, 0x0000000083700000|100%| O|  |TAMS 0x0000000083700000, 0x0000000083600000| Untracked 
|  55|0x0000000083700000, 0x0000000083800000, 0x0000000083800000|100%| O|  |TAMS 0x0000000083800000, 0x0000000083700000| Complete 
|  56|0x0000000083800000, 0x0000000083900000, 0x0000000083900000|100%| O|  |TAMS 0x0000000083900000, 0x0000000083800000| Untracked 
|  57|0x0000000083900000, 0x0000000083a00000, 0x0000000083a00000|100%| O|  |TAMS 0x0000000083a00000, 0x0000000083900000| Untracked 
|  58|0x0000000083a00000, 0x0000000083b00000, 0x0000000083b00000|100%| O|  |TAMS 0x0000000083b00000, 0x0000000083a00000| Complete 
|  59|0x0000000083b00000, 0x0000000083c00000, 0x0000000083c00000|100%| O|  |TAMS 0x0000000083c00000, 0x0000000083b00000| Untracked 
|  60|0x0000000083c00000, 0x0000000083d00000, 0x0000000083d00000|100%| O|  |TAMS 0x0000000083d00000, 0x0000000083c00000| Untracked 
|  61|0x0000000083d00000, 0x0000000083e00000, 0x0000000083e00000|100%| O|  |TAMS 0x0000000083e00000, 0x0000000083d00000| Untracked 
|  62|0x0000000083e00000, 0x0000000083f00000, 0x0000000083f00000|100%| O|  |TAMS 0x0000000083f00000, 0x0000000083e00000| Untracked 
|  63|0x0000000083f00000, 0x0000000084000000, 0x0000000084000000|100%| O|  |TAMS 0x0000000084000000, 0x0000000083f00000| Untracked 
|  64|0x0000000084000000, 0x0000000084100000, 0x0000000084100000|100%| O|  |TAMS 0x0000000084100000, 0x0000000084000000| Complete 
|  65|0x0000000084100000, 0x0000000084200000, 0x0000000084200000|100%| O|  |TAMS 0x0000000084200000, 0x0000000084100000| Complete 
|  66|0x0000000084200000, 0x0000000084300000, 0x0000000084300000|100%| O|  |TAMS 0x0000000084300000, 0x0000000084200000| Untracked 
|  67|0x0000000084300000, 0x0000000084400000, 0x0000000084400000|100%| O|  |TAMS 0x0000000084400000, 0x0000000084300000| Untracked 
|  68|0x0000000084400000, 0x0000000084500000, 0x0000000084500000|100%| O|  |TAMS 0x0000000084500000, 0x0000000084400000| Untracked 
|  69|0x0000000084500000, 0x0000000084600000, 0x0000000084600000|100%| O|  |TAMS 0x0000000084600000, 0x0000000084500000| Complete 
|  70|0x0000000084600000, 0x0000000084700000, 0x0000000084700000|100%| O|  |TAMS 0x0000000084700000, 0x0000000084600000| Untracked 
|  71|0x0000000084700000, 0x0000000084800000, 0x0000000084800000|100%| O|  |TAMS 0x0000000084800000, 0x0000000084700000| Untracked 
|  72|0x0000000084800000, 0x0000000084900000, 0x0000000084900000|100%| O|  |TAMS 0x0000000084900000, 0x0000000084800000| Complete 
|  73|0x0000000084900000, 0x0000000084a00000, 0x0000000084a00000|100%| O|  |TAMS 0x0000000084a00000, 0x0000000084900000| Complete 
|  74|0x0000000084a00000, 0x0000000084b00000, 0x0000000084b00000|100%| O|  |TAMS 0x0000000084b00000, 0x0000000084a00000| Complete 
|  75|0x0000000084b00000, 0x0000000084c00000, 0x0000000084c00000|100%| O|  |TAMS 0x0000000084c00000, 0x0000000084b00000| Untracked 
|  76|0x0000000084c00000, 0x0000000084d00000, 0x0000000084d00000|100%| O|  |TAMS 0x0000000084d00000, 0x0000000084c00000| Untracked 
|  77|0x0000000084d00000, 0x0000000084e00000, 0x0000000084e00000|100%| O|  |TAMS 0x0000000084e00000, 0x0000000084d00000| Untracked 
|  78|0x0000000084e00000, 0x0000000084f00000, 0x0000000084f00000|100%| O|  |TAMS 0x0000000084f00000, 0x0000000084e00000| Untracked 
|  79|0x0000000084f00000, 0x0000000085000000, 0x0000000085000000|100%| O|  |TAMS 0x0000000085000000, 0x0000000084f00000| Untracked 
|  80|0x0000000085000000, 0x0000000085100000, 0x0000000085100000|100%| O|  |TAMS 0x0000000085100000, 0x0000000085000000| Untracked 
|  81|0x0000000085100000, 0x0000000085200000, 0x0000000085200000|100%| O|  |TAMS 0x0000000085200000, 0x0000000085100000| Untracked 
|  82|0x0000000085200000, 0x0000000085300000, 0x0000000085300000|100%| O|  |TAMS 0x0000000085300000, 0x0000000085200000| Untracked 
|  83|0x0000000085300000, 0x0000000085400000, 0x0000000085400000|100%| O|  |TAMS 0x0000000085400000, 0x0000000085300000| Complete 
|  84|0x0000000085400000, 0x0000000085500000, 0x0000000085500000|100%| O|  |TAMS 0x0000000085500000, 0x0000000085400000| Complete 
|  85|0x0000000085500000, 0x0000000085600000, 0x0000000085600000|100%| O|  |TAMS 0x0000000085600000, 0x0000000085500000| Complete 
|  86|0x0000000085600000, 0x0000000085700000, 0x0000000085700000|100%| O|  |TAMS 0x0000000085700000, 0x0000000085600000| Complete 
|  87|0x0000000085700000, 0x0000000085800000, 0x0000000085800000|100%| O|  |TAMS 0x0000000085800000, 0x0000000085700000| Complete 
|  88|0x0000000085800000, 0x0000000085900000, 0x0000000085900000|100%| O|  |TAMS 0x0000000085900000, 0x0000000085800000| Complete 
|  89|0x0000000085900000, 0x0000000085a00000, 0x0000000085a00000|100%| O|  |TAMS 0x0000000085a00000, 0x0000000085900000| Complete 
|  90|0x0000000085a00000, 0x0000000085b00000, 0x0000000085b00000|100%| O|  |TAMS 0x0000000085b00000, 0x0000000085a00000| Complete 
|  91|0x0000000085b00000, 0x0000000085c00000, 0x0000000085c00000|100%| O|  |TAMS 0x0000000085c00000, 0x0000000085b00000| Untracked 
|  92|0x0000000085c00000, 0x0000000085d00000, 0x0000000085d00000|100%| O|  |TAMS 0x0000000085d00000, 0x0000000085c00000| Complete 
|  93|0x0000000085d00000, 0x0000000085e00000, 0x0000000085e00000|100%| O|  |TAMS 0x0000000085e00000, 0x0000000085d00000| Complete 
|  94|0x0000000085e00000, 0x0000000085f00000, 0x0000000085f00000|100%| O|  |TAMS 0x0000000085f00000, 0x0000000085e00000| Complete 
|  95|0x0000000085f00000, 0x0000000086000000, 0x0000000086000000|100%| O|  |TAMS 0x0000000086000000, 0x0000000085f00000| Complete 
|  96|0x0000000086000000, 0x0000000086100000, 0x0000000086100000|100%| O|  |TAMS 0x0000000086100000, 0x0000000086000000| Complete 
|  97|0x0000000086100000, 0x0000000086200000, 0x0000000086200000|100%| O|  |TAMS 0x0000000086200000, 0x0000000086100000| Complete 
|  98|0x0000000086200000, 0x0000000086300000, 0x0000000086300000|100%| O|  |TAMS 0x0000000086300000, 0x0000000086200000| Untracked 
|  99|0x0000000086300000, 0x0000000086400000, 0x0000000086400000|100%| O|  |TAMS 0x0000000086400000, 0x0000000086300000| Untracked 
| 100|0x0000000086400000, 0x0000000086500000, 0x0000000086500000|100%| O|  |TAMS 0x0000000086500000, 0x0000000086400000| Complete 
| 101|0x0000000086500000, 0x00000000865ca800, 0x0000000086600000| 79%| O|  |TAMS 0x00000000865ca800, 0x0000000086500000| Untracked 
| 102|0x0000000086600000, 0x0000000086700000, 0x0000000086700000|100%|HS|  |TAMS 0x0000000086600000, 0x0000000086600000| Complete 
| 103|0x0000000086700000, 0x0000000086800000, 0x0000000086800000|100%|HS|  |TAMS 0x0000000086700000, 0x0000000086700000| Complete 
| 104|0x0000000086800000, 0x0000000086800000, 0x0000000086900000|  0%| F|  |TAMS 0x0000000086800000, 0x0000000086800000| Untracked 
| 105|0x0000000086900000, 0x0000000086900000, 0x0000000086a00000|  0%| F|  |TAMS 0x0000000086900000, 0x0000000086900000| Untracked 
| 106|0x0000000086a00000, 0x0000000086a00000, 0x0000000086b00000|  0%| F|  |TAMS 0x0000000086a00000, 0x0000000086a00000| Untracked 
| 107|0x0000000086b00000, 0x0000000086b00000, 0x0000000086c00000|  0%| F|  |TAMS 0x0000000086b00000, 0x0000000086b00000| Untracked 
| 108|0x0000000086c00000, 0x0000000086c00000, 0x0000000086d00000|  0%| F|  |TAMS 0x0000000086c00000, 0x0000000086c00000| Untracked 
| 109|0x0000000086d00000, 0x0000000086d00000, 0x0000000086e00000|  0%| F|  |TAMS 0x0000000086d00000, 0x0000000086d00000| Untracked 
| 110|0x0000000086e00000, 0x0000000086e00000, 0x0000000086f00000|  0%| F|  |TAMS 0x0000000086e00000, 0x0000000086e00000| Untracked 
| 111|0x0000000086f00000, 0x0000000086f00000, 0x0000000087000000|  0%| F|  |TAMS 0x0000000086f00000, 0x0000000086f00000| Untracked 
| 112|0x0000000087000000, 0x0000000087000000, 0x0000000087100000|  0%| F|  |TAMS 0x0000000087000000, 0x0000000087000000| Untracked 
| 113|0x0000000087100000, 0x0000000087100000, 0x0000000087200000|  0%| F|  |TAMS 0x0000000087100000, 0x0000000087100000| Untracked 
| 114|0x0000000087200000, 0x0000000087200000, 0x0000000087300000|  0%| F|  |TAMS 0x0000000087200000, 0x0000000087200000| Untracked 
| 115|0x0000000087300000, 0x0000000087300000, 0x0000000087400000|  0%| F|  |TAMS 0x0000000087300000, 0x0000000087300000| Untracked 
| 116|0x0000000087400000, 0x0000000087400000, 0x0000000087500000|  0%| F|  |TAMS 0x0000000087400000, 0x0000000087400000| Untracked 
| 117|0x0000000087500000, 0x0000000087500000, 0x0000000087600000|  0%| F|  |TAMS 0x0000000087500000, 0x0000000087500000| Untracked 
| 118|0x0000000087600000, 0x0000000087600000, 0x0000000087700000|  0%| F|  |TAMS 0x0000000087600000, 0x0000000087600000| Untracked 
| 119|0x0000000087700000, 0x0000000087700000, 0x0000000087800000|  0%| F|  |TAMS 0x0000000087700000, 0x0000000087700000| Untracked 
| 120|0x0000000087800000, 0x0000000087800000, 0x0000000087900000|  0%| F|  |TAMS 0x0000000087800000, 0x0000000087800000| Untracked 
| 121|0x0000000087900000, 0x0000000087900000, 0x0000000087a00000|  0%| F|  |TAMS 0x0000000087900000, 0x0000000087900000| Untracked 
| 122|0x0000000087a00000, 0x0000000087a00000, 0x0000000087b00000|  0%| F|  |TAMS 0x0000000087a00000, 0x0000000087a00000| Untracked 
| 123|0x0000000087b00000, 0x0000000087b00000, 0x0000000087c00000|  0%| F|  |TAMS 0x0000000087b00000, 0x0000000087b00000| Untracked 
| 124|0x0000000087c00000, 0x0000000087c00000, 0x0000000087d00000|  0%| F|  |TAMS 0x0000000087c00000, 0x0000000087c00000| Untracked 
| 125|0x0000000087d00000, 0x0000000087d00000, 0x0000000087e00000|  0%| F|  |TAMS 0x0000000087d00000, 0x0000000087d00000| Untracked 
| 126|0x0000000087e00000, 0x0000000087e00000, 0x0000000087f00000|  0%| F|  |TAMS 0x0000000087e00000, 0x0000000087e00000| Untracked 
| 127|0x0000000087f00000, 0x0000000087f00000, 0x0000000088000000|  0%| F|  |TAMS 0x0000000087f00000, 0x0000000087f00000| Untracked 
| 128|0x0000000088000000, 0x0000000088000000, 0x0000000088100000|  0%| F|  |TAMS 0x0000000088000000, 0x0000000088000000| Untracked 
| 129|0x0000000088100000, 0x0000000088100000, 0x0000000088200000|  0%| F|  |TAMS 0x0000000088100000, 0x0000000088100000| Untracked 
| 130|0x0000000088200000, 0x0000000088200000, 0x0000000088300000|  0%| F|  |TAMS 0x0000000088200000, 0x0000000088200000| Untracked 
| 131|0x0000000088300000, 0x0000000088300000, 0x0000000088400000|  0%| F|  |TAMS 0x0000000088300000, 0x0000000088300000| Untracked 
| 132|0x0000000088400000, 0x0000000088400000, 0x0000000088500000|  0%| F|  |TAMS 0x0000000088400000, 0x0000000088400000| Untracked 
| 133|0x0000000088500000, 0x0000000088500000, 0x0000000088600000|  0%| F|  |TAMS 0x0000000088500000, 0x0000000088500000| Untracked 
| 134|0x0000000088600000, 0x0000000088600000, 0x0000000088700000|  0%| F|  |TAMS 0x0000000088600000, 0x0000000088600000| Untracked 
| 135|0x0000000088700000, 0x0000000088700000, 0x0000000088800000|  0%| F|  |TAMS 0x0000000088700000, 0x0000000088700000| Untracked 
| 136|0x0000000088800000, 0x0000000088800000, 0x0000000088900000|  0%| F|  |TAMS 0x0000000088800000, 0x0000000088800000| Untracked 
| 137|0x0000000088900000, 0x0000000088900000, 0x0000000088a00000|  0%| F|  |TAMS 0x0000000088900000, 0x0000000088900000| Untracked 
| 138|0x0000000088a00000, 0x0000000088a00000, 0x0000000088b00000|  0%| F|  |TAMS 0x0000000088a00000, 0x0000000088a00000| Untracked 
| 139|0x0000000088b00000, 0x0000000088b00000, 0x0000000088c00000|  0%| F|  |TAMS 0x0000000088b00000, 0x0000000088b00000| Untracked 
| 140|0x0000000088c00000, 0x0000000088c00000, 0x0000000088d00000|  0%| F|  |TAMS 0x0000000088c00000, 0x0000000088c00000| Untracked 
| 141|0x0000000088d00000, 0x0000000088d00000, 0x0000000088e00000|  0%| F|  |TAMS 0x0000000088d00000, 0x0000000088d00000| Untracked 
| 142|0x0000000088e00000, 0x0000000088e00000, 0x0000000088f00000|  0%| F|  |TAMS 0x0000000088e00000, 0x0000000088e00000| Untracked 
| 143|0x0000000088f00000, 0x0000000088f00000, 0x0000000089000000|  0%| F|  |TAMS 0x0000000088f00000, 0x0000000088f00000| Untracked 
| 144|0x0000000089000000, 0x0000000089000000, 0x0000000089100000|  0%| F|  |TAMS 0x0000000089000000, 0x0000000089000000| Untracked 
| 145|0x0000000089100000, 0x0000000089100000, 0x0000000089200000|  0%| F|  |TAMS 0x0000000089100000, 0x0000000089100000| Untracked 
| 146|0x0000000089200000, 0x00000000892d5830, 0x0000000089300000| 83%| S|CS|TAMS 0x0000000089200000, 0x0000000089200000| Complete 
| 147|0x0000000089300000, 0x0000000089400000, 0x0000000089400000|100%| S|CS|TAMS 0x0000000089300000, 0x0000000089300000| Complete 
| 148|0x0000000089400000, 0x0000000089500000, 0x0000000089500000|100%| S|CS|TAMS 0x0000000089400000, 0x0000000089400000| Complete 
| 149|0x0000000089500000, 0x0000000089600000, 0x0000000089600000|100%| S|CS|TAMS 0x0000000089500000, 0x0000000089500000| Complete 
| 150|0x0000000089600000, 0x0000000089700000, 0x0000000089700000|100%| S|CS|TAMS 0x0000000089600000, 0x0000000089600000| Complete 
| 151|0x0000000089700000, 0x0000000089700000, 0x0000000089800000|  0%| F|  |TAMS 0x0000000089700000, 0x0000000089700000| Untracked 
| 152|0x0000000089800000, 0x0000000089800000, 0x0000000089900000|  0%| F|  |TAMS 0x0000000089800000, 0x0000000089800000| Untracked 
| 153|0x0000000089900000, 0x0000000089900000, 0x0000000089a00000|  0%| F|  |TAMS 0x0000000089900000, 0x0000000089900000| Untracked 
| 154|0x0000000089a00000, 0x0000000089a00000, 0x0000000089b00000|  0%| F|  |TAMS 0x0000000089a00000, 0x0000000089a00000| Untracked 
| 155|0x0000000089b00000, 0x0000000089b00000, 0x0000000089c00000|  0%| F|  |TAMS 0x0000000089b00000, 0x0000000089b00000| Untracked 
| 156|0x0000000089c00000, 0x0000000089c00000, 0x0000000089d00000|  0%| F|  |TAMS 0x0000000089c00000, 0x0000000089c00000| Untracked 
| 157|0x0000000089d00000, 0x0000000089d00000, 0x0000000089e00000|  0%| F|  |TAMS 0x0000000089d00000, 0x0000000089d00000| Untracked 
| 158|0x0000000089e00000, 0x0000000089e00000, 0x0000000089f00000|  0%| F|  |TAMS 0x0000000089e00000, 0x0000000089e00000| Untracked 
| 159|0x0000000089f00000, 0x0000000089f00000, 0x000000008a000000|  0%| F|  |TAMS 0x0000000089f00000, 0x0000000089f00000| Untracked 
| 160|0x000000008a000000, 0x000000008a000000, 0x000000008a100000|  0%| F|  |TAMS 0x000000008a000000, 0x000000008a000000| Untracked 
| 161|0x000000008a100000, 0x000000008a100000, 0x000000008a200000|  0%| F|  |TAMS 0x000000008a100000, 0x000000008a100000| Untracked 
| 162|0x000000008a200000, 0x000000008a200000, 0x000000008a300000|  0%| F|  |TAMS 0x000000008a200000, 0x000000008a200000| Untracked 
| 163|0x000000008a300000, 0x000000008a300000, 0x000000008a400000|  0%| F|  |TAMS 0x000000008a300000, 0x000000008a300000| Untracked 
| 164|0x000000008a400000, 0x000000008a400000, 0x000000008a500000|  0%| F|  |TAMS 0x000000008a400000, 0x000000008a400000| Untracked 
| 165|0x000000008a500000, 0x000000008a500000, 0x000000008a600000|  0%| F|  |TAMS 0x000000008a500000, 0x000000008a500000| Untracked 
| 166|0x000000008a600000, 0x000000008a600000, 0x000000008a700000|  0%| F|  |TAMS 0x000000008a600000, 0x000000008a600000| Untracked 
| 167|0x000000008a700000, 0x000000008a700000, 0x000000008a800000|  0%| F|  |TAMS 0x000000008a700000, 0x000000008a700000| Untracked 
| 168|0x000000008a800000, 0x000000008a800000, 0x000000008a900000|  0%| F|  |TAMS 0x000000008a800000, 0x000000008a800000| Untracked 
| 169|0x000000008a900000, 0x000000008a900000, 0x000000008aa00000|  0%| F|  |TAMS 0x000000008a900000, 0x000000008a900000| Untracked 
| 170|0x000000008aa00000, 0x000000008aa00000, 0x000000008ab00000|  0%| F|  |TAMS 0x000000008aa00000, 0x000000008aa00000| Untracked 
| 171|0x000000008ab00000, 0x000000008ab00000, 0x000000008ac00000|  0%| F|  |TAMS 0x000000008ab00000, 0x000000008ab00000| Untracked 
| 172|0x000000008ac00000, 0x000000008ac00000, 0x000000008ad00000|  0%| F|  |TAMS 0x000000008ac00000, 0x000000008ac00000| Untracked 
| 173|0x000000008ad00000, 0x000000008ad00000, 0x000000008ae00000|  0%| F|  |TAMS 0x000000008ad00000, 0x000000008ad00000| Untracked 
| 174|0x000000008ae00000, 0x000000008ae00000, 0x000000008af00000|  0%| F|  |TAMS 0x000000008ae00000, 0x000000008ae00000| Untracked 
| 175|0x000000008af00000, 0x000000008af00000, 0x000000008b000000|  0%| F|  |TAMS 0x000000008af00000, 0x000000008af00000| Untracked 
| 176|0x000000008b000000, 0x000000008b000000, 0x000000008b100000|  0%| F|  |TAMS 0x000000008b000000, 0x000000008b000000| Untracked 
| 177|0x000000008b100000, 0x000000008b100000, 0x000000008b200000|  0%| F|  |TAMS 0x000000008b100000, 0x000000008b100000| Untracked 
| 178|0x000000008b200000, 0x000000008b200000, 0x000000008b300000|  0%| F|  |TAMS 0x000000008b200000, 0x000000008b200000| Untracked 
| 179|0x000000008b300000, 0x000000008b300000, 0x000000008b400000|  0%| F|  |TAMS 0x000000008b300000, 0x000000008b300000| Untracked 
| 180|0x000000008b400000, 0x000000008b400000, 0x000000008b500000|  0%| F|  |TAMS 0x000000008b400000, 0x000000008b400000| Untracked 
| 181|0x000000008b500000, 0x000000008b500000, 0x000000008b600000|  0%| F|  |TAMS 0x000000008b500000, 0x000000008b500000| Untracked 
| 182|0x000000008b600000, 0x000000008b600000, 0x000000008b700000|  0%| F|  |TAMS 0x000000008b600000, 0x000000008b600000| Untracked 
| 183|0x000000008b700000, 0x000000008b700000, 0x000000008b800000|  0%| F|  |TAMS 0x000000008b700000, 0x000000008b700000| Untracked 
| 184|0x000000008b800000, 0x000000008b800000, 0x000000008b900000|  0%| F|  |TAMS 0x000000008b800000, 0x000000008b800000| Untracked 
| 185|0x000000008b900000, 0x000000008b900000, 0x000000008ba00000|  0%| F|  |TAMS 0x000000008b900000, 0x000000008b900000| Untracked 
| 186|0x000000008ba00000, 0x000000008ba00000, 0x000000008bb00000|  0%| F|  |TAMS 0x000000008ba00000, 0x000000008ba00000| Untracked 
| 187|0x000000008bb00000, 0x000000008bb00000, 0x000000008bc00000|  0%| F|  |TAMS 0x000000008bb00000, 0x000000008bb00000| Untracked 
| 188|0x000000008bc00000, 0x000000008bc00000, 0x000000008bd00000|  0%| F|  |TAMS 0x000000008bc00000, 0x000000008bc00000| Untracked 
| 189|0x000000008bd00000, 0x000000008bd00000, 0x000000008be00000|  0%| F|  |TAMS 0x000000008bd00000, 0x000000008bd00000| Untracked 
| 190|0x000000008be00000, 0x000000008be00000, 0x000000008bf00000|  0%| F|  |TAMS 0x000000008be00000, 0x000000008be00000| Untracked 
| 191|0x000000008bf00000, 0x000000008bf00000, 0x000000008c000000|  0%| F|  |TAMS 0x000000008bf00000, 0x000000008bf00000| Untracked 
| 192|0x000000008c000000, 0x000000008c000000, 0x000000008c100000|  0%| F|  |TAMS 0x000000008c000000, 0x000000008c000000| Untracked 
| 193|0x000000008c100000, 0x000000008c100000, 0x000000008c200000|  0%| F|  |TAMS 0x000000008c100000, 0x000000008c100000| Untracked 
| 194|0x000000008c200000, 0x000000008c200000, 0x000000008c300000|  0%| F|  |TAMS 0x000000008c200000, 0x000000008c200000| Untracked 
| 195|0x000000008c300000, 0x000000008c300000, 0x000000008c400000|  0%| F|  |TAMS 0x000000008c300000, 0x000000008c300000| Untracked 
| 196|0x000000008c400000, 0x000000008c400000, 0x000000008c500000|  0%| F|  |TAMS 0x000000008c400000, 0x000000008c400000| Untracked 
| 197|0x000000008c500000, 0x000000008c500000, 0x000000008c600000|  0%| F|  |TAMS 0x000000008c500000, 0x000000008c500000| Untracked 
| 198|0x000000008c600000, 0x000000008c600000, 0x000000008c700000|  0%| F|  |TAMS 0x000000008c600000, 0x000000008c600000| Untracked 
| 199|0x000000008c700000, 0x000000008c700000, 0x000000008c800000|  0%| F|  |TAMS 0x000000008c700000, 0x000000008c700000| Untracked 
| 200|0x000000008c800000, 0x000000008c800000, 0x000000008c900000|  0%| F|  |TAMS 0x000000008c800000, 0x000000008c800000| Untracked 
| 201|0x000000008c900000, 0x000000008c900000, 0x000000008ca00000|  0%| F|  |TAMS 0x000000008c900000, 0x000000008c900000| Untracked 
| 202|0x000000008ca00000, 0x000000008ca00000, 0x000000008cb00000|  0%| F|  |TAMS 0x000000008ca00000, 0x000000008ca00000| Untracked 
| 203|0x000000008cb00000, 0x000000008cb00000, 0x000000008cc00000|  0%| F|  |TAMS 0x000000008cb00000, 0x000000008cb00000| Untracked 
| 204|0x000000008cc00000, 0x000000008cc00000, 0x000000008cd00000|  0%| F|  |TAMS 0x000000008cc00000, 0x000000008cc00000| Untracked 
| 205|0x000000008cd00000, 0x000000008cd00000, 0x000000008ce00000|  0%| F|  |TAMS 0x000000008cd00000, 0x000000008cd00000| Untracked 
| 206|0x000000008ce00000, 0x000000008ce00000, 0x000000008cf00000|  0%| F|  |TAMS 0x000000008ce00000, 0x000000008ce00000| Untracked 
| 207|0x000000008cf00000, 0x000000008cf00000, 0x000000008d000000|  0%| F|  |TAMS 0x000000008cf00000, 0x000000008cf00000| Untracked 
| 208|0x000000008d000000, 0x000000008d000000, 0x000000008d100000|  0%| F|  |TAMS 0x000000008d000000, 0x000000008d000000| Untracked 
| 209|0x000000008d100000, 0x000000008d159c60, 0x000000008d200000| 35%| E|  |TAMS 0x000000008d100000, 0x000000008d100000| Complete 
| 210|0x000000008d200000, 0x000000008d300000, 0x000000008d300000|100%| E|CS|TAMS 0x000000008d200000, 0x000000008d200000| Complete 
| 211|0x000000008d300000, 0x000000008d400000, 0x000000008d400000|100%| E|  |TAMS 0x000000008d300000, 0x000000008d300000| Complete 
| 212|0x000000008d400000, 0x000000008d500000, 0x000000008d500000|100%| E|CS|TAMS 0x000000008d400000, 0x000000008d400000| Complete 
| 213|0x000000008d500000, 0x000000008d600000, 0x000000008d600000|100%| E|CS|TAMS 0x000000008d500000, 0x000000008d500000| Complete 
| 214|0x000000008d600000, 0x000000008d700000, 0x000000008d700000|100%| E|CS|TAMS 0x000000008d600000, 0x000000008d600000| Complete 
| 215|0x000000008d700000, 0x000000008d800000, 0x000000008d800000|100%| E|CS|TAMS 0x000000008d700000, 0x000000008d700000| Complete 
| 216|0x000000008d800000, 0x000000008d900000, 0x000000008d900000|100%| E|CS|TAMS 0x000000008d800000, 0x000000008d800000| Complete 
| 217|0x000000008d900000, 0x000000008da00000, 0x000000008da00000|100%| E|CS|TAMS 0x000000008d900000, 0x000000008d900000| Complete 
| 218|0x000000008da00000, 0x000000008db00000, 0x000000008db00000|100%| E|CS|TAMS 0x000000008da00000, 0x000000008da00000| Complete 
| 219|0x000000008db00000, 0x000000008dc00000, 0x000000008dc00000|100%| E|CS|TAMS 0x000000008db00000, 0x000000008db00000| Complete 

Card table byte_map: [0x00000209356e0000,0x0000020935ae0000] _byte_map_base: 0x00000209352e0000

Marking Bits (Prev, Next): (CMBitMap*) 0x000002092244d0c0, (CMBitMap*) 0x000002092244d088
 Prev Bits: [0x0000020937ee0000, 0x0000020939ee0000)
 Next Bits: [0x0000020935ee0000, 0x0000020937ee0000)

Polling page: 0x00000209202b0000

Metaspace:

Usage:
  Non-class:     84.68 MB capacity,    82.97 MB ( 98%) used,     1.39 MB (  2%) free+waste,   321.38 KB ( <1%) overhead. 
      Class:     13.71 MB capacity,    12.61 MB ( 92%) used,   963.86 KB (  7%) free+waste,   156.88 KB (  1%) overhead. 
       Both:     98.38 MB capacity,    95.58 MB ( 97%) used,     2.33 MB (  2%) free+waste,   478.25 KB ( <1%) overhead. 

Virtual space:
  Non-class space:       86.00 MB reserved,      85.83 MB (>99%) committed 
      Class space:        1.00 GB reserved,      14.40 MB (  1%) committed 
             Both:        1.08 GB reserved,     100.23 MB (  9%) committed 

Chunk freelists:
   Non-Class:  1.02 MB
       Class:  619.00 KB
        Both:  1.63 MB

MaxMetaspaceSize: 17179869184.00 GB
CompressedClassSpaceSize: 1.00 GB

CodeHeap 'non-profiled nmethods': size=120000Kb used=5770Kb max_used=5770Kb free=114229Kb
 bounds [0x000002092d860000, 0x000002092de10000, 0x0000020934d90000]
CodeHeap 'profiled nmethods': size=120000Kb used=23191Kb max_used=23191Kb free=96808Kb
 bounds [0x0000020926330000, 0x00000209279e0000, 0x000002092d860000]
CodeHeap 'non-nmethods': size=5760Kb used=2286Kb max_used=2322Kb free=3474Kb
 bounds [0x0000020925d90000, 0x0000020926000000, 0x0000020926330000]
 total_blobs=12533 nmethods=11643 adapters=801
 compilation: enabled
              stopped_count=0, restarted_count=0
 full_count=0

Compilation events (20 events):
Event: 9.588 Thread 0x000002093d502000 nmethod 11819 0x0000020927961e10 code [0x0000020927962020, 0x0000020927962448]
Event: 9.588 Thread 0x000002093d502000 11796       2       com.android.tools.r8.v.b.q::add (9 bytes)
Event: 9.588 Thread 0x000002093d502000 nmethod 11796 0x0000020927962790 code [0x0000020927962940, 0x0000020927962a88]
Event: 9.588 Thread 0x000002093d502000 11849       2       java.util.TimSort::mergeAt (358 bytes)
Event: 9.588 Thread 0x000002093d502000 nmethod 11849 0x0000020927962b90 code [0x0000020927962da0, 0x0000020927963198]
Event: 9.588 Thread 0x000002093d502000 11834       2       com.android.tools.r8.w.a.a.a.h.a0$f::hasNext (14 bytes)
Event: 9.588 Thread 0x000002093d502000 nmethod 11834 0x0000020927963490 code [0x0000020927963640, 0x0000020927963758]
Event: 9.588 Thread 0x000002093d502000 11852       2       java.util.TimSort::ensureCapacity (77 bytes)
Event: 9.589 Thread 0x000002093d502000 nmethod 11852 0x0000020927963810 code [0x00000209279639e0, 0x0000020927963c68]
Event: 9.589 Thread 0x000002093d502000 11814       2       com.android.tools.r8.v.b.y::v (2 bytes)
Event: 9.589 Thread 0x000002093d502000 nmethod 11814 0x0000020927963e10 code [0x0000020927963fc0, 0x00000209279640b8]
Event: 9.589 Thread 0x000002093d502000 11853       2       com.android.tools.r8.graph.E::c (26 bytes)
Event: 9.589 Thread 0x000002093d502000 nmethod 11853 0x0000020927964190 code [0x0000020927964340, 0x00000209279644e8]
Event: 9.589 Thread 0x000002093d502000 11848       2       com.android.tools.r8.graph.l0::c (62 bytes)
Event: 9.590 Thread 0x000002093d502000 nmethod 11848 0x0000020927964610 code [0x0000020927964800, 0x0000020927964b68]
Event: 9.590 Thread 0x000002093d502000 11850       2       com.android.tools.r8.ir.conversion.o::g (11 bytes)
Event: 9.590 Thread 0x000002093d502000 nmethod 11850 0x0000020927964d90 code [0x0000020927964f40, 0x0000020927965078]
Event: 9.590 Thread 0x000002093d502000 11832       2       com.android.tools.r8.v.b.q::<init> (32 bytes)
Event: 9.591 Thread 0x000002093d502000 nmethod 11832 0x0000020927965190 code [0x0000020927965380, 0x00000209279657a8]
Event: 9.591 Thread 0x000002093d502000 11857       2       java.util.TimSort::mergeHi (732 bytes)

GC Heap History (20 events):
Event: 6.238 GC heap before
{Heap before GC invocations=14 (full 0):
 garbage-first heap   total 155648K, used 117130K [0x0000000080000000, 0x0000000100000000)
  region size 1024K, 65 young (66560K), 6 survivors (6144K)
 Metaspace       used 70782K, capacity 72326K, committed 72524K, reserved 1112064K
  class space    used 9190K, capacity 9744K, committed 9856K, reserved 1048576K
}
Event: 6.244 GC heap after
{Heap after GC invocations=15 (full 0):
 garbage-first heap   total 155648K, used 60776K [0x0000000080000000, 0x0000000100000000)
  region size 1024K, 5 young (5120K), 5 survivors (5120K)
 Metaspace       used 70782K, capacity 72326K, committed 72524K, reserved 1112064K
  class space    used 9190K, capacity 9744K, committed 9856K, reserved 1048576K
}
Event: 6.714 GC heap before
{Heap before GC invocations=15 (full 0):
 garbage-first heap   total 155648K, used 119144K [0x0000000080000000, 0x0000000100000000)
  region size 1024K, 62 young (63488K), 5 survivors (5120K)
 Metaspace       used 75620K, capacity 77297K, committed 77516K, reserved 1116160K
  class space    used 9875K, capacity 10462K, committed 10496K, reserved 1048576K
}
Event: 6.720 GC heap after
{Heap after GC invocations=16 (full 0):
 garbage-first heap   total 155648K, used 64059K [0x0000000080000000, 0x0000000100000000)
  region size 1024K, 8 young (8192K), 8 survivors (8192K)
 Metaspace       used 75620K, capacity 77297K, committed 77516K, reserved 1116160K
  class space    used 9875K, capacity 10462K, committed 10496K, reserved 1048576K
}
Event: 7.158 GC heap before
{Heap before GC invocations=16 (full 0):
 garbage-first heap   total 155648K, used 121403K [0x0000000080000000, 0x0000000100000000)
  region size 1024K, 65 young (66560K), 8 survivors (8192K)
 Metaspace       used 79472K, capacity 81509K, committed 81740K, reserved 1120256K
  class space    used 10395K, capacity 11136K, committed 11136K, reserved 1048576K
}
Event: 7.167 GC heap after
{Heap after GC invocations=17 (full 0):
 garbage-first heap   total 187392K, used 69626K [0x0000000080000000, 0x0000000100000000)
  region size 1024K, 9 young (9216K), 9 survivors (9216K)
 Metaspace       used 79472K, capacity 81509K, committed 81740K, reserved 1120256K
  class space    used 10395K, capacity 11136K, committed 11136K, reserved 1048576K
}
Event: 7.481 GC heap before
{Heap before GC invocations=17 (full 0):
 garbage-first heap   total 187392K, used 141306K [0x0000000080000000, 0x0000000100000000)
  region size 1024K, 80 young (81920K), 9 survivors (9216K)
 Metaspace       used 79991K, capacity 82097K, committed 82380K, reserved 1120256K
  class space    used 10409K, capacity 11146K, committed 11264K, reserved 1048576K
}
Event: 7.489 GC heap after
{Heap after GC invocations=18 (full 0):
 garbage-first heap   total 187392K, used 74560K [0x0000000080000000, 0x0000000100000000)
  region size 1024K, 7 young (7168K), 7 survivors (7168K)
 Metaspace       used 79991K, capacity 82097K, committed 82380K, reserved 1120256K
  class space    used 10409K, capacity 11146K, committed 11264K, reserved 1048576K
}
Event: 7.831 GC heap before
{Heap before GC invocations=18 (full 0):
 garbage-first heap   total 187392K, used 144192K [0x0000000080000000, 0x0000000100000000)
  region size 1024K, 76 young (77824K), 7 survivors (7168K)
 Metaspace       used 81849K, capacity 84041K, committed 84172K, reserved 1122304K
  class space    used 10655K, capacity 11416K, committed 11520K, reserved 1048576K
}
Event: 7.838 GC heap after
{Heap after GC invocations=19 (full 0):
 garbage-first heap   total 187392K, used 77595K [0x0000000080000000, 0x0000000100000000)
  region size 1024K, 6 young (6144K), 6 survivors (6144K)
 Metaspace       used 81849K, capacity 84041K, committed 84172K, reserved 1122304K
  class space    used 10655K, capacity 11416K, committed 11520K, reserved 1048576K
}
Event: 8.312 GC heap before
{Heap before GC invocations=19 (full 0):
 garbage-first heap   total 187392K, used 146203K [0x0000000080000000, 0x0000000100000000)
  region size 1024K, 74 young (75776K), 6 survivors (6144K)
 Metaspace       used 85770K, capacity 87959K, committed 88268K, reserved 1126400K
  class space    used 11141K, capacity 11925K, committed 12032K, reserved 1048576K
}
Event: 8.318 GC heap after
{Heap after GC invocations=20 (full 0):
 garbage-first heap   total 187392K, used 82600K [0x0000000080000000, 0x0000000100000000)
  region size 1024K, 6 young (6144K), 6 survivors (6144K)
 Metaspace       used 85770K, capacity 87959K, committed 88268K, reserved 1126400K
  class space    used 11141K, capacity 11925K, committed 12032K, reserved 1048576K
}
Event: 8.630 GC heap before
{Heap before GC invocations=20 (full 0):
 garbage-first heap   total 187392K, used 153256K [0x0000000080000000, 0x0000000100000000)
  region size 1024K, 72 young (73728K), 6 survivors (6144K)
 Metaspace       used 87300K, capacity 89611K, committed 89804K, reserved 1126400K
  class space    used 11338K, capacity 12170K, committed 12288K, reserved 1048576K
}
Event: 8.637 GC heap after
{Heap after GC invocations=21 (full 0):
 garbage-first heap   total 187392K, used 88885K [0x0000000080000000, 0x0000000100000000)
  region size 1024K, 7 young (7168K), 7 survivors (7168K)
 Metaspace       used 87300K, capacity 89611K, committed 89804K, reserved 1126400K
  class space    used 11338K, capacity 12170K, committed 12288K, reserved 1048576K
}
Event: 8.937 GC heap before
{Heap before GC invocations=21 (full 0):
 garbage-first heap   total 187392K, used 150325K [0x0000000080000000, 0x0000000100000000)
  region size 1024K, 68 young (69632K), 7 survivors (7168K)
 Metaspace       used 92239K, capacity 95009K, committed 95052K, reserved 1130496K
  class space    used 12143K, capacity 13157K, committed 13184K, reserved 1048576K
}
Event: 8.949 GC heap after
{Heap after GC invocations=22 (full 0):
 garbage-first heap   total 225280K, used 99696K [0x0000000080000000, 0x0000000100000000)
  region size 1024K, 9 young (9216K), 9 survivors (9216K)
 Metaspace       used 92239K, capacity 95009K, committed 95052K, reserved 1130496K
  class space    used 12143K, capacity 13157K, committed 13184K, reserved 1048576K
}
Event: 9.202 GC heap before
{Heap before GC invocations=22 (full 0):
 garbage-first heap   total 225280K, used 150896K [0x0000000080000000, 0x0000000100000000)
  region size 1024K, 61 young (62464K), 9 survivors (9216K)
 Metaspace       used 97419K, capacity 100784K, committed 100820K, reserved 1136640K
  class space    used 13119K, capacity 14450K, committed 14464K, reserved 1048576K
}
Event: 9.221 GC heap after
{Heap after GC invocations=23 (full 0):
 garbage-first heap   total 225280K, used 105974K [0x0000000080000000, 0x0000000100000000)
  region size 1024K, 6 young (6144K), 6 survivors (6144K)
 Metaspace       used 97419K, capacity 100784K, committed 100820K, reserved 1136640K
  class space    used 13119K, capacity 14450K, committed 14464K, reserved 1048576K
}
Event: 9.572 GC heap before
{Heap before GC invocations=24 (full 0):
 garbage-first heap   total 225280K, used 169462K [0x0000000080000000, 0x0000000100000000)
  region size 1024K, 69 young (70656K), 6 survivors (6144K)
 Metaspace       used 98319K, capacity 101599K, committed 102380K, reserved 1136640K
  class space    used 13131K, capacity 14420K, committed 14744K, reserved 1048576K
}
Event: 9.585 GC heap after
{Heap after GC invocations=25 (full 0):
 garbage-first heap   total 225280K, used 109184K [0x0000000080000000, 0x0000000100000000)
  region size 1024K, 5 young (5120K), 5 survivors (5120K)
 Metaspace       used 98319K, capacity 101599K, committed 102380K, reserved 1136640K
  class space    used 13131K, capacity 14420K, committed 14744K, reserved 1048576K
}

Deoptimization events (20 events):
Event: 9.446 Thread 0x00000209422b7800 DEOPT PACKING pc=0x000002092dc66fc8 sp=0x0000007ed6dfe660
Event: 9.446 Thread 0x00000209422b7800 DEOPT UNPACKING pc=0x0000020925db74af sp=0x0000007ed6dfe5e0 mode 2
Event: 9.456 Thread 0x00000209433b7800 DEOPT PACKING pc=0x00000209277ee7e4 sp=0x0000007ed76fc150
Event: 9.456 Thread 0x00000209433b7800 DEOPT UNPACKING pc=0x0000020925db72ce sp=0x0000007ed76fb620 mode 0
Event: 9.520 Thread 0x00000209433bb000 DEOPT PACKING pc=0x0000020926637f1f sp=0x0000007ed79fd8a0
Event: 9.520 Thread 0x00000209433bb000 DEOPT UNPACKING pc=0x0000020925db72ce sp=0x0000007ed79fcd18 mode 0
Event: 9.521 Thread 0x00000209433bb000 DEOPT PACKING pc=0x0000020926637f1f sp=0x0000007ed79fd8a0
Event: 9.521 Thread 0x00000209433bb000 DEOPT UNPACKING pc=0x0000020925db72ce sp=0x0000007ed79fcd18 mode 0
Event: 9.521 Thread 0x00000209433bb000 DEOPT PACKING pc=0x0000020926637f1f sp=0x0000007ed79fd8a0
Event: 9.521 Thread 0x00000209433bb000 DEOPT UNPACKING pc=0x0000020925db72ce sp=0x0000007ed79fcd18 mode 0
Event: 9.522 Thread 0x00000209433bb000 DEOPT PACKING pc=0x0000020926637f1f sp=0x0000007ed79fd8a0
Event: 9.522 Thread 0x00000209433bb000 DEOPT UNPACKING pc=0x0000020925db72ce sp=0x0000007ed79fcd18 mode 0
Event: 9.523 Thread 0x00000209433bb000 DEOPT PACKING pc=0x0000020926637f1f sp=0x0000007ed79fd8a0
Event: 9.523 Thread 0x00000209433bb000 DEOPT UNPACKING pc=0x0000020925db72ce sp=0x0000007ed79fcd18 mode 0
Event: 9.569 Thread 0x00000209433b1000 DEOPT PACKING pc=0x000002092794c2bb sp=0x0000007ed75fd310
Event: 9.569 Thread 0x00000209433b1000 DEOPT UNPACKING pc=0x0000020925db72ce sp=0x0000007ed75fc820 mode 0
Event: 9.588 Thread 0x00000209433bd800 Uncommon trap: trap_request=0xffffff7e fr.pc=0x000002092ddf3f48 relative=0x0000000000000088
Event: 9.588 Thread 0x00000209433bd800 Uncommon trap: reason=predicate action=maybe_recompile pc=0x000002092ddf3f48 method=java.util.TimSort.binarySort([Ljava/lang/Object;IIILjava/util/Comparator;)V @ 34 c2
Event: 9.588 Thread 0x00000209433bd800 DEOPT PACKING pc=0x000002092ddf3f48 sp=0x0000007ed78fd150
Event: 9.588 Thread 0x00000209433bd800 DEOPT UNPACKING pc=0x0000020925db74af sp=0x0000007ed78fd110 mode 2

Classes redefined (0 events):
No events

Internal exceptions (20 events):
Event: 9.313 Thread 0x00000209433b6000 Exception <a 'sun/nio/fs/WindowsException'{0x000000008cd1cdf8}> (0x000000008cd1cdf8) thrown at [./src/hotspot/share/prims/jni.cpp, line 615]
Event: 9.313 Thread 0x00000209433b0000 Exception <a 'sun/nio/fs/WindowsException'{0x000000008cefe790}> (0x000000008cefe790) thrown at [./src/hotspot/share/prims/jni.cpp, line 615]
Event: 9.313 Thread 0x00000209433b5000 Exception <a 'sun/nio/fs/WindowsException'{0x000000008d5b6798}> (0x000000008d5b6798) thrown at [./src/hotspot/share/prims/jni.cpp, line 615]
Event: 9.313 Thread 0x00000209433b0000 Exception <a 'sun/nio/fs/WindowsException'{0x000000008ceff4b8}> (0x000000008ceff4b8) thrown at [./src/hotspot/share/prims/jni.cpp, line 615]
Event: 9.318 Thread 0x00000209433b5000 Exception <a 'sun/nio/fs/WindowsException'{0x000000008d5b6fb0}> (0x000000008d5b6fb0) thrown at [./src/hotspot/share/prims/jni.cpp, line 615]
Event: 9.320 Thread 0x00000209433b5000 Exception <a 'sun/nio/fs/WindowsException'{0x000000008d5b7178}> (0x000000008d5b7178) thrown at [./src/hotspot/share/prims/jni.cpp, line 615]
Event: 9.320 Thread 0x00000209433b5000 Exception <a 'sun/nio/fs/WindowsException'{0x000000008d5b7ec8}> (0x000000008d5b7ec8) thrown at [./src/hotspot/share/prims/jni.cpp, line 615]
Event: 9.324 Thread 0x00000209433b0000 Exception <a 'sun/nio/fs/WindowsException'{0x000000008cd9fde0}> (0x000000008cd9fde0) thrown at [./src/hotspot/share/prims/jni.cpp, line 615]
Event: 9.325 Thread 0x00000209433b5000 Exception <a 'sun/nio/fs/WindowsException'{0x000000008d5b9710}> (0x000000008d5b9710) thrown at [./src/hotspot/share/prims/jni.cpp, line 615]
Event: 9.325 Thread 0x00000209433b6800 Exception <a 'sun/nio/fs/WindowsException'{0x000000008ceb92e0}> (0x000000008ceb92e0) thrown at [./src/hotspot/share/prims/jni.cpp, line 615]
Event: 9.325 Thread 0x00000209433b0000 Exception <a 'sun/nio/fs/WindowsException'{0x000000008cda0900}> (0x000000008cda0900) thrown at [./src/hotspot/share/prims/jni.cpp, line 615]
Event: 9.326 Thread 0x00000209433b0000 Exception <a 'sun/nio/fs/WindowsException'{0x000000008cda1450}> (0x000000008cda1450) thrown at [./src/hotspot/share/prims/jni.cpp, line 615]
Event: 9.364 Thread 0x00000209433b0000 Exception <a 'sun/nio/fs/WindowsException'{0x000000008cda2018}> (0x000000008cda2018) thrown at [./src/hotspot/share/prims/jni.cpp, line 615]
Event: 9.366 Thread 0x00000209433b2800 Exception <a 'sun/nio/fs/WindowsException'{0x000000008c8c6bd8}> (0x000000008c8c6bd8) thrown at [./src/hotspot/share/prims/jni.cpp, line 615]
Event: 9.375 Thread 0x00000209433b5000 Exception <a 'sun/nio/fs/WindowsException'{0x000000008d5ba368}> (0x000000008d5ba368) thrown at [./src/hotspot/share/prims/jni.cpp, line 615]
Event: 9.396 Thread 0x00000209433b0000 Exception <a 'sun/nio/fs/WindowsException'{0x000000008c49cbd0}> (0x000000008c49cbd0) thrown at [./src/hotspot/share/prims/jni.cpp, line 615]
Event: 9.397 Thread 0x00000209433b6800 Exception <a 'sun/nio/fs/WindowsException'{0x000000008c46a598}> (0x000000008c46a598) thrown at [./src/hotspot/share/prims/jni.cpp, line 615]
Event: 9.402 Thread 0x00000209433b3800 Exception <a 'java/lang/NoSuchMethodError'{0x000000008c3c6e90}: <clinit>> (0x000000008c3c6e90) thrown at [./src/hotspot/share/prims/jni.cpp, line 1362]
Event: 9.424 Thread 0x00000209433b0000 Exception <a 'sun/nio/fs/WindowsException'{0x000000008c4a8910}> (0x000000008c4a8910) thrown at [./src/hotspot/share/prims/jni.cpp, line 615]
Event: 9.440 Thread 0x00000209433b0000 Exception <a 'sun/nio/fs/WindowsException'{0x000000008b8ff890}> (0x000000008b8ff890) thrown at [./src/hotspot/share/prims/jni.cpp, line 615]

Events (20 events):
Event: 9.441 loading class com/google/common/collect/Maps$9
Event: 9.441 loading class com/google/common/collect/Maps$9 done
Event: 9.442 loading class org/gradle/internal/execution/history/impl/DefaultOutputFilesRepository$1
Event: 9.442 loading class org/gradle/internal/execution/history/impl/DefaultOutputFilesRepository$1 done
Event: 9.442 Executing VM operation: CGC_Operation
Event: 9.442 Executing VM operation: CGC_Operation done
Event: 9.444 loading class org/gradle/internal/execution/steps/SkipUpToDateStep$2
Event: 9.444 loading class org/gradle/internal/execution/steps/SkipUpToDateStep$2 done
Event: 9.445 Executing VM operation: RevokeBias
Event: 9.445 Executing VM operation: RevokeBias done
Event: 9.447 loading class com/google/common/collect/ImmutableList$SerializedForm
Event: 9.447 loading class com/google/common/collect/ImmutableList$SerializedForm done
Event: 9.461 loading class com/android/tools/r8/w/a/a/a/f/j0
Event: 9.461 loading class com/android/tools/r8/w/a/a/a/f/j0 done
Event: 9.462 loading class com/android/tools/r8/w/a/a/a/f/l
Event: 9.462 loading class com/android/tools/r8/w/a/a/a/f/l done
Event: 9.546 Executing VM operation: ICBufferFull
Event: 9.547 Executing VM operation: ICBufferFull done
Event: 9.572 Executing VM operation: G1CollectForAllocation
Event: 9.585 Executing VM operation: G1CollectForAllocation done


Dynamic libraries:
0x00007ff73c2c0000 - 0x00007ff73c2ca000 	D:\AndroidStudio\jre\bin\java.exe
0x00007ffdd48d0000 - 0x00007ffdd4ac5000 	C:\WINDOWS\SYSTEM32\ntdll.dll
0x00007ffdd3820000 - 0x00007ffdd38dd000 	C:\WINDOWS\System32\KERNEL32.DLL
0x00007ffdd20f0000 - 0x00007ffdd23b9000 	C:\WINDOWS\System32\KERNELBASE.dll
0x00007ffdd24d0000 - 0x00007ffdd25d0000 	C:\WINDOWS\System32\ucrtbase.dll
0x00007ffdc5d90000 - 0x00007ffdc5da7000 	D:\AndroidStudio\jre\bin\VCRUNTIME140.dll
0x00007ffdc8890000 - 0x00007ffdc88a9000 	D:\AndroidStudio\jre\bin\jli.dll
0x00007ffdd46f0000 - 0x00007ffdd4890000 	C:\WINDOWS\System32\USER32.dll
0x00007ffdbadb0000 - 0x00007ffdbb04a000 	C:\WINDOWS\WinSxS\amd64_microsoft.windows.common-controls_6595b64144ccf1df_6.0.19041.1110_none_60b5254171f9507e\COMCTL32.dll
0x00007ffdd2730000 - 0x00007ffdd2752000 	C:\WINDOWS\System32\win32u.dll
0x00007ffdd3170000 - 0x00007ffdd320e000 	C:\WINDOWS\System32\msvcrt.dll
0x00007ffdd3a10000 - 0x00007ffdd3a3a000 	C:\WINDOWS\System32\GDI32.dll
0x00007ffdd23c0000 - 0x00007ffdd24cb000 	C:\WINDOWS\System32\gdi32full.dll
0x00007ffdd2790000 - 0x00007ffdd282d000 	C:\WINDOWS\System32\msvcp_win.dll
0x00007ffdd3270000 - 0x00007ffdd32a0000 	C:\WINDOWS\System32\IMM32.DLL
0x00007ffdbc460000 - 0x00007ffdbc4fd000 	D:\AndroidStudio\jre\bin\msvcp140.dll
0x00007ffd6c530000 - 0x00007ffd6cfec000 	D:\AndroidStudio\jre\bin\server\jvm.dll
0x00007ffdd2940000 - 0x00007ffdd29ec000 	C:\WINDOWS\System32\ADVAPI32.dll
0x00007ffdd30d0000 - 0x00007ffdd316b000 	C:\WINDOWS\System32\sechost.dll
0x00007ffdd38e0000 - 0x00007ffdd3a0a000 	C:\WINDOWS\System32\RPCRT4.dll
0x00007ffdd3310000 - 0x00007ffdd3318000 	C:\WINDOWS\System32\PSAPI.DLL
0x00007ffda6d30000 - 0x00007ffda6d39000 	C:\WINDOWS\SYSTEM32\WSOCK32.dll
0x00007ffdbdb60000 - 0x00007ffdbdb87000 	C:\WINDOWS\SYSTEM32\WINMM.dll
0x00007ffdcf620000 - 0x00007ffdcf62a000 	C:\WINDOWS\SYSTEM32\VERSION.dll
0x00007ffdd3d00000 - 0x00007ffdd3d6b000 	C:\WINDOWS\System32\WS2_32.dll
0x00007ffdcfe40000 - 0x00007ffdcfe52000 	C:\WINDOWS\SYSTEM32\kernel.appcore.dll
0x00007ffdc8830000 - 0x00007ffdc8841000 	D:\AndroidStudio\jre\bin\verify.dll
0x00007ffdcf7f0000 - 0x00007ffdcf9d4000 	C:\WINDOWS\SYSTEM32\DBGHELP.DLL
0x00007ffdb84a0000 - 0x00007ffdb84cc000 	C:\WINDOWS\SYSTEM32\dbgcore.DLL
0x00007ffdd2060000 - 0x00007ffdd20e3000 	C:\WINDOWS\System32\bcryptPrimitives.dll
0x00007ffdc60c0000 - 0x00007ffdc60e9000 	D:\AndroidStudio\jre\bin\java.dll
0x00007ffdcd6f0000 - 0x00007ffdcd6fb000 	D:\AndroidStudio\jre\bin\jimage.dll
0x00007ffdc8770000 - 0x00007ffdc8788000 	D:\AndroidStudio\jre\bin\zip.dll
0x00007ffdd3d70000 - 0x00007ffdd44af000 	C:\WINDOWS\System32\SHELL32.dll
0x00007ffdd0140000 - 0x00007ffdd08d1000 	C:\WINDOWS\SYSTEM32\windows.storage.dll
0x00007ffdd2d70000 - 0x00007ffdd30c5000 	C:\WINDOWS\System32\combase.dll
0x00007ffdd1a80000 - 0x00007ffdd1aac000 	C:\WINDOWS\SYSTEM32\Wldp.dll
0x00007ffdd3b20000 - 0x00007ffdd3bce000 	C:\WINDOWS\System32\SHCORE.dll
0x00007ffdd3210000 - 0x00007ffdd3265000 	C:\WINDOWS\System32\shlwapi.dll
0x00007ffdd1f50000 - 0x00007ffdd1f6f000 	C:\WINDOWS\SYSTEM32\profapi.dll
0x00007ffdc8680000 - 0x00007ffdc869a000 	D:\AndroidStudio\jre\bin\net.dll
0x00007ffdcc870000 - 0x00007ffdcc97a000 	C:\WINDOWS\SYSTEM32\WINHTTP.dll
0x00007ffdd17e0000 - 0x00007ffdd184a000 	C:\WINDOWS\system32\mswsock.dll
0x00007ffdc6b90000 - 0x00007ffdc6ba4000 	D:\AndroidStudio\jre\bin\nio.dll
0x00007ffdbd2d0000 - 0x00007ffdbd2f7000 	C:\Users\josem\.gradle\native\fdc75f09e3144964f2cf3f50f0aa648679c211496f362492102eb8c894070792\windows-amd64\native-platform.dll
0x00007ffdbd130000 - 0x00007ffdbd2c6000 	C:\Users\josem\.gradle\native\12488b8bf47d2d4c9fbf2f6322a914ad602e24e48041cd04a747c6da556b65c4\windows-amd64\native-platform-file-events.dll
0x00007ffdc60b0000 - 0x00007ffdc60ba000 	D:\AndroidStudio\jre\bin\management.dll
0x00007ffdc60a0000 - 0x00007ffdc60ac000 	D:\AndroidStudio\jre\bin\management_ext.dll
0x00007ffdd19c0000 - 0x00007ffdd19d8000 	C:\WINDOWS\SYSTEM32\CRYPTSP.dll
0x00007ffdd1110000 - 0x00007ffdd1144000 	C:\WINDOWS\system32\rsaenh.dll
0x00007ffdd2760000 - 0x00007ffdd2787000 	C:\WINDOWS\System32\bcrypt.dll
0x00007ffdd1f10000 - 0x00007ffdd1f3e000 	C:\WINDOWS\SYSTEM32\USERENV.dll
0x00007ffdd19e0000 - 0x00007ffdd19ec000 	C:\WINDOWS\SYSTEM32\CRYPTBASE.dll
0x00007ffdd1480000 - 0x00007ffdd14bb000 	C:\WINDOWS\SYSTEM32\IPHLPAPI.DLL
0x00007ffdd45c0000 - 0x00007ffdd45c8000 	C:\WINDOWS\System32\NSI.dll
0x00007ffdc75b0000 - 0x00007ffdc75c7000 	C:\WINDOWS\SYSTEM32\dhcpcsvc6.DLL
0x00007ffdc7300000 - 0x00007ffdc731d000 	C:\WINDOWS\SYSTEM32\dhcpcsvc.DLL
0x00007ffdd14d0000 - 0x00007ffdd159c000 	C:\WINDOWS\SYSTEM32\DNSAPI.dll
0x00007ffdcc990000 - 0x00007ffdcc99b000 	C:\WINDOWS\SYSTEM32\WINNSI.DLL

dbghelp: loaded successfully - version: 4.0.5 - missing functions: none
symbol engine: initialized successfully - sym options: 0x614 - pdb path: .;D:\AndroidStudio\jre\bin;C:\WINDOWS\SYSTEM32;C:\WINDOWS\WinSxS\amd64_microsoft.windows.common-controls_6595b64144ccf1df_6.0.19041.1110_none_60b5254171f9507e;D:\AndroidStudio\jre\bin\server;C:\Users\josem\.gradle\native\fdc75f09e3144964f2cf3f50f0aa648679c211496f362492102eb8c894070792\windows-amd64;C:\Users\josem\.gradle\native\12488b8bf47d2d4c9fbf2f6322a914ad602e24e48041cd04a747c6da556b65c4\windows-amd64

VM Arguments:
jvm_args: --add-opens=java.base/java.util=ALL-UNNAMED --add-opens=java.base/java.lang=ALL-UNNAMED --add-opens=java.base/java.lang.invoke=ALL-UNNAMED --add-opens=java.prefs/java.util.prefs=ALL-UNNAMED -Xmx2048m -Dfile.encoding=UTF-8 -Duser.country=HN -Duser.language=es -Duser.variant 
java_command: org.gradle.launcher.daemon.bootstrap.GradleDaemon 6.7.1
java_class_path (initial): C:\Users\josem\.gradle\wrapper\dists\gradle-6.7.1-bin\bwlcbys1h7rz3272sye1xwiv6\gradle-6.7.1\lib\gradle-launcher-6.7.1.jar
Launcher Type: SUN_STANDARD

[Global flags]
     intx CICompilerCount                          = 4                                         {product} {ergonomic}
     uint ConcGCThreads                            = 3                                         {product} {ergonomic}
     uint G1ConcRefinementThreads                  = 10                                        {product} {ergonomic}
   size_t G1HeapRegionSize                         = 1048576                                   {product} {ergonomic}
    uintx GCDrainStackTargetSize                   = 64                                        {product} {ergonomic}
   size_t InitialHeapSize                          = 132120576                                 {product} {ergonomic}
   size_t MarkStackSize                            = 4194304                                   {product} {ergonomic}
   size_t MaxHeapSize                              = 2147483648                                {product} {command line}
   size_t MaxNewSize                               = 1287651328                                {product} {ergonomic}
   size_t MinHeapDeltaBytes                        = 1048576                                   {product} {ergonomic}
    uintx NonNMethodCodeHeapSize                   = 5836300                                {pd product} {ergonomic}
    uintx NonProfiledCodeHeapSize                  = 122910970                              {pd product} {ergonomic}
    uintx ProfiledCodeHeapSize                     = 122910970                              {pd product} {ergonomic}
    uintx ReservedCodeCacheSize                    = 251658240                              {pd product} {ergonomic}
     bool SegmentedCodeCache                       = true                                      {product} {ergonomic}
     bool UseCompressedClassPointers               = true                                 {lp64_product} {ergonomic}
     bool UseCompressedOops                        = true                                 {lp64_product} {ergonomic}
     bool UseG1GC                                  = true                                      {product} {ergonomic}
     bool UseLargePagesIndividualAllocation        = false                                  {pd product} {ergonomic}

Logging:
Log output configuration:
 #0: stdout all=warning uptime,level,tags
 #1: stderr all=off uptime,level,tags

Environment Variables:
PATH=C:\Program Files (x86)\Common Files\Oracle\Java\javapath;C:\Windows\system32;C:\Windows;C:\Windows\System32\Wbem;C:\Windows\System32\WindowsPowerShell\v1.0\;C:\Windows\System32\OpenSSH\;C:\Program Files\Intel\WiFi\bin\;C:\Program Files\Common Files\Intel\WirelessCommon\;C:\WINDOWS\system32;C:\WINDOWS;C:\WINDOWS\System32\Wbem;C:\WINDOWS\System32\WindowsPowerShell\v1.0\;C:\WINDOWS\System32\OpenSSH\;D:\Git\Git\cmd;C:\Program Files\Azure Data Studio\bin;C:\Program Files\Microsoft SQL Server\Client SDK\ODBC\170\Tools\Binn\;C:\Program Files (x86)\Microsoft SQL Server\150\Tools\Binn\;C:\Program Files\Microsoft SQL Server\150\Tools\Binn\;C:\Program Files\Microsoft SQL Server\150\DTS\Binn\;C:\Program Files (x86)\Microsoft SQL Server\150\DTS\Binn\;C:\Program Files\Apache Software Foundation\Tomcat 9.0\bin;C:\Program Files\MySQL\MySQL Server 8.0\bin;C:\Program Files\MariaDB 10.6\bin;;C:\Program Files\NVIDIA Corporation\NVIDIA NvDLISR;C:\Program Files (x86)\NVIDIA Corporation\PhysX\Common;C:\Users\josem\AppData\Local\Programs\Python\Python39\Scripts\;C:\Users\josem\AppData\Local\Programs\Python\Python39\;C:\Users\josem\AppData\Local\Microsoft\WindowsApps;C:\Program Files\mingw-w64\x86_64-8.1.0-posix-seh-rt_v6-rev0\mingw64\bin;D:\Intellij\IntelliJ IDEA Community Edition 2020.3.3\bin;;C:\Program Files\Azure Data Studio\bin
USERNAME=josem
OS=Windows_NT
PROCESSOR_IDENTIFIER=Intel64 Family 6 Model 158 Stepping 10, GenuineIntel



---------------  S Y S T E M  ---------------

OS: Windows 10 , 64 bit Build 19041 (10.0.19041.1023)
OS uptime: 0 days 18:15 hours

CPU:total 12 (initial active 12) (6 cores per cpu, 2 threads per core) family 6 model 158 stepping 10, cmov, cx8, fxsr, mmx, sse, sse2, sse3, ssse3, sse4.1, sse4.2, popcnt, avx, avx2, aes, clmul, erms, 3dnowpref, lzcnt, ht, tsc, tscinvbit, bmi1, bmi2, adx, fma

Memory: 4k page, system-wide physical 8002M (436M free)
TotalPageFile size 18112M (AvailPageFile size 2M)
current process WorkingSet (physical memory assigned to process): 420M, peak: 489M
current process commit charge ("private bytes"): 547M, peak: 548M

vm_info: OpenJDK 64-Bit Server VM (11.0.8+10-b944.6842174) for windows-amd64 JRE (11.0.8+10-b944.6842174), built on Sep 19 2020 01:11:42 by "builder" with MS VC++ 14.0 (VS2015)

END.
