#
# There is insufficient memory for the Java Runtime Environment to continue.
# Native memory allocation (mmap) failed to map 32505856 bytes for Failed to commit area from 0x0000000089800000 to 0x000000008b700000 of length 32505856.
# Possible reasons:
#   The system is out of physical RAM or swap space
#   The process is running with CompressedOops enabled, and the Java Heap may be blocking the growth of the native heap
# Possible solutions:
#   Reduce memory load on the system
#   Increase physical memory or swap space
#   Check if swap backing store is full
#   Decrease Java heap size (-Xmx/-Xms)
#   Decrease number of Java threads
#   Decrease Java thread stack sizes (-Xss)
#   Set larger code cache with -XX:ReservedCodeCacheSize=
#   JVM is running with Unscaled Compressed Oops mode in which the Java heap is
#     placed in the first 4GB address space. The Java Heap base address is the
#     maximum limit for the native heap growth. Please use -XX:HeapBaseMinAddress
#     to set the Java Heap base and to place the Java Heap above 4GB virtual address.
# This output file may be truncated or incomplete.
#
#  Out of Memory Error (./src/hotspot/os/windows/os_windows.cpp:3303), pid=1904, tid=21324
#
# JRE version: OpenJDK Runtime Environment (11.0.8+10) (build 11.0.8+10-b944.6842174)
# Java VM: OpenJDK 64-Bit Server VM (11.0.8+10-b944.6842174, mixed mode, tiered, compressed oops, g1 gc, windows-amd64)
# No core dump will be written. Minidumps are not enabled by default on client versions of Windows
#

---------------  S U M M A R Y ------------

Command Line: --add-opens=java.base/java.util=ALL-UNNAMED --add-opens=java.base/java.lang=ALL-UNNAMED --add-opens=java.base/java.lang.invoke=ALL-UNNAMED --add-opens=java.prefs/java.util.prefs=ALL-UNNAMED -Xmx2048m -Dfile.encoding=UTF-8 -Duser.country=HN -Duser.language=es -Duser.variant org.gradle.launcher.daemon.bootstrap.GradleDaemon 6.7.1

Host: Intel(R) Core(TM) i7-9750H CPU @ 2.60GHz, 12 cores, 7G,  Windows 10 , 64 bit Build 19041 (10.0.19041.1023)
Time: Sat Jul 31 15:29:06 2021 Hora estándar, América Central elapsed time: 15 seconds (0d 0h 0m 15s)

---------------  T H R E A D  ---------------

Current thread (0x0000021c7fc59000):  VMThread "VM Thread" [stack: 0x0000002b17300000,0x0000002b17400000] [id=21324]

Stack: [0x0000002b17300000,0x0000002b17400000]
[error occurred during error reporting (printing stack bounds), id 0xc0000005, EXCEPTION_ACCESS_VIOLATION (0xc0000005) at pc=0x0000021c6a6c0dad]

Native frames: (J=compiled Java code, j=interpreted, Vv=VM code, C=native code)
V  [jvm.dll+0x5de50a]
V  [jvm.dll+0x7122f5]
V  [jvm.dll+0x71384d]
V  [jvm.dll+0x713e65]
V  [jvm.dll+0x713e1b]
V  [jvm.dll+0x5dd958]
V  [jvm.dll+0x5de0f8]
C  [ntdll.dll+0xa217f]
C  [ntdll.dll+0x51454]
C  [ntdll.dll+0xa0cae]
C  0x0000021c6a6c0dad

VM_Operation (0x0000002b23efc3d0): G1CollectForAllocation, mode: safepoint, requested by thread 0x0000021c09d1d000


---------------  P R O C E S S  ---------------

Threads class SMR info:
_java_thread_list=0x0000021c0c0bc030, length=192, elements={
0x0000021c66d28800, 0x0000021c7fc5b000, 0x0000021c7fc5c800, 0x0000021c02844800,
0x0000021c02846000, 0x0000021c02847000, 0x0000021c7fc71000, 0x0000021c7fc76800,
0x0000021c029af000, 0x0000021c029b7800, 0x0000021c0496f800, 0x0000021c03835800,
0x0000021c03f85800, 0x0000021c03975800, 0x0000021c03b7b000, 0x0000021c03f2f800,
0x0000021c0464d000, 0x0000021c04774800, 0x0000021c03c62800, 0x0000021c04241000,
0x0000021c04501000, 0x0000021c04503000, 0x0000021c04503800, 0x0000021c04504800,
0x0000021c04505000, 0x0000021c04506000, 0x0000021c04500800, 0x0000021c04507000,
0x0000021c04502000, 0x0000021c0835b800, 0x0000021c0835d800, 0x0000021c08361000,
0x0000021c08362000, 0x0000021c0835d000, 0x0000021c06d1c000, 0x0000021c06d19800,
0x0000021c06d19000, 0x0000021c06d20000, 0x0000021c06d1a800, 0x0000021c06d1d800,
0x0000021c06d1e800, 0x0000021c06d1d000, 0x0000021c06d1f800, 0x0000021c06d1b800,
0x0000021c06d23800, 0x0000021c06d21000, 0x0000021c06d27800, 0x0000021c06d22800,
0x0000021c06d25000, 0x0000021c06d26800, 0x0000021c06d22000, 0x0000021c06d24000,
0x0000021c06d26000, 0x0000021c0365b800, 0x0000021c03657800, 0x0000021c03656000,
0x0000021c03658800, 0x0000021c03659800, 0x0000021c0365c800, 0x0000021c0365a000,
0x0000021c0365b000, 0x0000021c03657000, 0x0000021c03660800, 0x0000021c03660000,
0x0000021c0365f000, 0x0000021c03663000, 0x0000021c03661800, 0x0000021c0365e000,
0x0000021c03662800, 0x0000021c0365d800, 0x0000021c03664800, 0x0000021c03664000,
0x0000021c02d0f800, 0x0000021c02d0c000, 0x0000021c02d09800, 0x0000021c02d0d800,
0x0000021c02d0e800, 0x0000021c02d10000, 0x0000021c02d0a800, 0x0000021c02d11000,
0x0000021c02d0b000, 0x0000021c02d11800, 0x0000021c02d12800, 0x0000021c02d0d000,
0x0000021c02d16800, 0x0000021c02d16000, 0x0000021c02d18800, 0x0000021c02d15000,
0x0000021c02d14000, 0x0000021c02d13800, 0x0000021c02d17800, 0x0000021c04cb8800,
0x0000021c04cb8000, 0x0000021c04cbd000, 0x0000021c04cb9800, 0x0000021c04cba800,
0x0000021c04cb7000, 0x0000021c04cbd800, 0x0000021c04cbc000, 0x0000021c04cc1000,
0x0000021c04cc0000, 0x0000021c04cbf000, 0x0000021c04cbb000, 0x0000021c04cc4000,
0x0000021c04cc2800, 0x0000021c04cc1800, 0x0000021c04cc3800, 0x0000021c04cbe800,
0x0000021c04cc5000, 0x0000021c04cc5800, 0x0000021c045c3800, 0x0000021c045be800,
0x0000021c045bd800, 0x0000021c045c4000, 0x0000021c045c0000, 0x0000021c045c5000,
0x0000021c045c2800, 0x0000021c045c1000, 0x0000021c045c2000, 0x0000021c045bf800,
0x0000021c045c7800, 0x0000021c045ca000, 0x0000021c045c9000, 0x0000021c045cb800,
0x0000021c045c6000, 0x0000021c045c8800, 0x0000021c045cb000, 0x0000021c045cc800,
0x0000021c045c6800, 0x0000021c06c62800, 0x0000021c06c63800, 0x0000021c06c65000,
0x0000021c06c64000, 0x0000021c06c66000, 0x0000021c06c66800, 0x0000021c06c67800,
0x0000021c06c62000, 0x0000021c06c6d000, 0x0000021c06c6e000, 0x0000021c06c6c800,
0x0000021c06c68800, 0x0000021c06c6b800, 0x0000021c06c6a800, 0x0000021c06c69000,
0x0000021c06c6f000, 0x0000021c06c6f800, 0x0000021c06c6a000, 0x0000021c06c70800,
0x0000021c03470000, 0x0000021c0346d000, 0x0000021c03471000, 0x0000021c03472000,
0x0000021c03473800, 0x0000021c03472800, 0x0000021c0346d800, 0x0000021c03474000,
0x0000021c0346e800, 0x0000021c03475000, 0x0000021c0346f800, 0x0000021c03476800,
0x0000021c03477800, 0x0000021c03478800, 0x0000021c03479000, 0x0000021c0347b000,
0x0000021c0347b800, 0x0000021c03476000, 0x0000021c0bed4000, 0x0000021c0bed8000,
0x0000021c0bed9800, 0x0000021c0beda800, 0x0000021c0bed5800, 0x0000021c0bed8800,
0x0000021c0bed6800, 0x0000021c0bed4800, 0x0000021c0bedb000, 0x0000021c0bedc000,
0x0000021c0bed7000, 0x0000021c0bee2800, 0x0000021c0bee1800, 0x0000021c0bede800,
0x0000021c0bedd000, 0x0000021c0bedf000, 0x0000021c0bee1000, 0x0000021c09d19800,
0x0000021c09d18800, 0x0000021c09d1a800, 0x0000021c09d1b000, 0x0000021c09d16800,
0x0000021c09d1c000, 0x0000021c09d1d000, 0x0000021c09d17000, 0x0000021c09d18000
}

Java Threads: ( => current thread )
  0x0000021c66d28800 JavaThread "main" [_thread_blocked, id=14120, stack(0x0000002b16d00000,0x0000002b16e00000)]
  0x0000021c7fc5b000 JavaThread "Reference Handler" daemon [_thread_blocked, id=12780, stack(0x0000002b17400000,0x0000002b17500000)]
  0x0000021c7fc5c800 JavaThread "Finalizer" daemon [_thread_blocked, id=17616, stack(0x0000002b17500000,0x0000002b17600000)]
  0x0000021c02844800 JavaThread "Signal Dispatcher" daemon [_thread_blocked, id=6232, stack(0x0000002b17600000,0x0000002b17700000)]
  0x0000021c02846000 JavaThread "Attach Listener" daemon [_thread_blocked, id=16212, stack(0x0000002b17700000,0x0000002b17800000)]
  0x0000021c02847000 JavaThread "C2 CompilerThread0" daemon [_thread_blocked, id=8528, stack(0x0000002b17800000,0x0000002b17900000)]
  0x0000021c7fc71000 JavaThread "C1 CompilerThread0" daemon [_thread_blocked, id=3744, stack(0x0000002b17900000,0x0000002b17a00000)]
  0x0000021c7fc76800 JavaThread "Sweeper thread" daemon [_thread_blocked, id=12628, stack(0x0000002b17a00000,0x0000002b17b00000)]
  0x0000021c029af000 JavaThread "Common-Cleaner" daemon [_thread_blocked, id=18760, stack(0x0000002b17b00000,0x0000002b17c00000)]
  0x0000021c029b7800 JavaThread "Service Thread" daemon [_thread_blocked, id=9984, stack(0x0000002b17c00000,0x0000002b17d00000)]
  0x0000021c0496f800 JavaThread "Daemon health stats" [_thread_blocked, id=12692, stack(0x0000002b18100000,0x0000002b18200000)]
  0x0000021c03835800 JavaThread "Incoming local TCP Connector on port 60814" [_thread_in_native, id=1460, stack(0x0000002b18400000,0x0000002b18500000)]
  0x0000021c03f85800 JavaThread "Daemon periodic checks" [_thread_blocked, id=22804, stack(0x0000002b18500000,0x0000002b18600000)]
  0x0000021c03975800 JavaThread "Daemon" [_thread_blocked, id=17028, stack(0x0000002b18600000,0x0000002b18700000)]
  0x0000021c03b7b000 JavaThread "Handler for socket connection from /127.0.0.1:60814 to /127.0.0.1:60815" [_thread_in_native, id=3752, stack(0x0000002b18700000,0x0000002b18800000)]
  0x0000021c03f2f800 JavaThread "Cancel handler" [_thread_blocked, id=16312, stack(0x0000002b18800000,0x0000002b18900000)]
  0x0000021c0464d000 JavaThread "Daemon worker" [_thread_blocked, id=11616, stack(0x0000002b18900000,0x0000002b18a00000)]
  0x0000021c04774800 JavaThread "Asynchronous log dispatcher for DefaultDaemonConnection: socket connection from /127.0.0.1:60814 to /127.0.0.1:60815" [_thread_blocked, id=3600, stack(0x0000002b18a00000,0x0000002b18b00000)]
  0x0000021c03c62800 JavaThread "Stdin handler" [_thread_blocked, id=22176, stack(0x0000002b18b00000,0x0000002b18c00000)]
  0x0000021c04241000 JavaThread "Thread-8" [_thread_blocked, id=12704, stack(0x0000002b18c00000,0x0000002b18d00000)]
  0x0000021c04501000 JavaThread "Cache worker for file hash cache (C:\Users\josem\.gradle\caches\6.7.1\fileHashes)" [_thread_blocked, id=15340, stack(0x0000002b19400000,0x0000002b19500000)]
  0x0000021c04503000 JavaThread "File lock request listener" [_thread_in_native, id=13096, stack(0x0000002b19500000,0x0000002b19600000)]
  0x0000021c04503800 JavaThread "Cache worker for journal cache (C:\Users\josem\.gradle\caches\journal-1)" [_thread_blocked, id=18512, stack(0x0000002b19700000,0x0000002b19800000)]
  0x0000021c04504800 JavaThread "Cache worker for file hash cache (D:\Dispositivos moviles\Tercer Parcial\PDM_2021_II_P3_PROYECTO3\.gradle\6.7.1\fileHashes)" [_thread_blocked, id=16660, stack(0x0000002b19900000,0x0000002b19a00000)]
  0x0000021c04505000 JavaThread "Cache worker for checksums cache (D:\Dispositivos moviles\Tercer Parcial\PDM_2021_II_P3_PROYECTO3\.gradle\checksums)" [_thread_blocked, id=13488, stack(0x0000002b19a00000,0x0000002b19b00000)]
  0x0000021c04506000 JavaThread "Cache worker for cache directory md-supplier (C:\Users\josem\.gradle\caches\6.7.1\md-supplier)" [_thread_blocked, id=5284, stack(0x0000002b19b00000,0x0000002b19c00000)]
  0x0000021c04500800 JavaThread "Cache worker for cache directory md-rule (C:\Users\josem\.gradle\caches\6.7.1\md-rule)" [_thread_blocked, id=2928, stack(0x0000002b19c00000,0x0000002b19d00000)]
  0x0000021c04507000 JavaThread "Cache worker for execution history cache (C:\Users\josem\.gradle\caches\6.7.1\executionHistory)" [_thread_blocked, id=4104, stack(0x0000002b19d00000,0x0000002b19e00000)]
  0x0000021c04502000 JavaThread "jar transforms" [_thread_blocked, id=23248, stack(0x0000002b19e00000,0x0000002b19f00000)]
  0x0000021c0835b800 JavaThread "Cache worker for file content cache (C:\Users\josem\.gradle\caches\6.7.1\fileContent)" [_thread_blocked, id=5320, stack(0x0000002b19f00000,0x0000002b1a000000)]
  0x0000021c0835d800 JavaThread "Cache worker for Build Output Cleanup Cache (D:\Dispositivos moviles\Tercer Parcial\PDM_2021_II_P3_PROYECTO3\.gradle\buildOutputCleanup)" [_thread_blocked, id=11116, stack(0x0000002b1a000000,0x0000002b1a100000)]
  0x0000021c08361000 JavaThread "Build operations" [_thread_blocked, id=15464, stack(0x0000002b1a100000,0x0000002b1a200000)]
  0x0000021c08362000 JavaThread "Build operations Thread 2" [_thread_blocked, id=1388, stack(0x0000002b1a200000,0x0000002b1a300000)]
  0x0000021c0835d000 JavaThread "Build operations Thread 3" [_thread_blocked, id=2316, stack(0x0000002b1a300000,0x0000002b1a400000)]
  0x0000021c06d1c000 JavaThread "Build operations Thread 4" [_thread_blocked, id=7444, stack(0x0000002b1a400000,0x0000002b1a500000)]
  0x0000021c06d19800 JavaThread "Build operations Thread 5" [_thread_blocked, id=10992, stack(0x0000002b1a500000,0x0000002b1a600000)]
  0x0000021c06d19000 JavaThread "Build operations Thread 6" [_thread_blocked, id=18016, stack(0x0000002b1a600000,0x0000002b1a700000)]
  0x0000021c06d20000 JavaThread "Build operations Thread 7" [_thread_blocked, id=22196, stack(0x0000002b1a700000,0x0000002b1a800000)]
  0x0000021c06d1a800 JavaThread "Build operations Thread 8" [_thread_blocked, id=11640, stack(0x0000002b1a800000,0x0000002b1a900000)]
  0x0000021c06d1d800 JavaThread "Build operations Thread 9" [_thread_blocked, id=6000, stack(0x0000002b1a900000,0x0000002b1aa00000)]
  0x0000021c06d1e800 JavaThread "Build operations Thread 10" [_thread_blocked, id=8500, stack(0x0000002b1aa00000,0x0000002b1ab00000)]
  0x0000021c06d1d000 JavaThread "Build operations Thread 11" [_thread_blocked, id=17792, stack(0x0000002b1ab00000,0x0000002b1ac00000)]
  0x0000021c06d1f800 JavaThread "Build operations Thread 12" [_thread_blocked, id=21824, stack(0x0000002b1ac00000,0x0000002b1ad00000)]
  0x0000021c06d1b800 JavaThread "jar transforms Thread 2" [_thread_blocked, id=20660, stack(0x0000002b1ad00000,0x0000002b1ae00000)]
  0x0000021c06d23800 JavaThread "jar transforms Thread 3" [_thread_blocked, id=19868, stack(0x0000002b1ae00000,0x0000002b1af00000)]
  0x0000021c06d21000 JavaThread "jar transforms Thread 4" [_thread_blocked, id=3424, stack(0x0000002b1af00000,0x0000002b1b000000)]
  0x0000021c06d27800 JavaThread "jar transforms Thread 5" [_thread_blocked, id=14932, stack(0x0000002b1b000000,0x0000002b1b100000)]
  0x0000021c06d22800 JavaThread "jar transforms Thread 6" [_thread_blocked, id=13260, stack(0x0000002b1b100000,0x0000002b1b200000)]
  0x0000021c06d25000 JavaThread "jar transforms Thread 7" [_thread_blocked, id=15988, stack(0x0000002b1b200000,0x0000002b1b300000)]
  0x0000021c06d26800 JavaThread "jar transforms Thread 8" [_thread_blocked, id=16648, stack(0x0000002b1b300000,0x0000002b1b400000)]
  0x0000021c06d22000 JavaThread "jar transforms Thread 9" [_thread_blocked, id=10056, stack(0x0000002b1b400000,0x0000002b1b500000)]
  0x0000021c06d24000 JavaThread "jar transforms Thread 10" [_thread_blocked, id=14412, stack(0x0000002b1b500000,0x0000002b1b600000)]
  0x0000021c06d26000 JavaThread "jar transforms Thread 11" [_thread_blocked, id=16684, stack(0x0000002b1b600000,0x0000002b1b700000)]
  0x0000021c0365b800 JavaThread "jar transforms Thread 12" [_thread_blocked, id=13192, stack(0x0000002b1b700000,0x0000002b1b800000)]
  0x0000021c03657800 JavaThread "jar transforms Thread 13" [_thread_blocked, id=14760, stack(0x0000002b1b800000,0x0000002b1b900000)]
  0x0000021c03656000 JavaThread "jar transforms Thread 14" [_thread_blocked, id=2544, stack(0x0000002b1b900000,0x0000002b1ba00000)]
  0x0000021c03658800 JavaThread "jar transforms Thread 15" [_thread_blocked, id=12136, stack(0x0000002b1ba00000,0x0000002b1bb00000)]
  0x0000021c03659800 JavaThread "jar transforms Thread 16" [_thread_blocked, id=7060, stack(0x0000002b1bb00000,0x0000002b1bc00000)]
  0x0000021c0365c800 JavaThread "jar transforms Thread 17" [_thread_blocked, id=2748, stack(0x0000002b1bc00000,0x0000002b1bd00000)]
  0x0000021c0365a000 JavaThread "jar transforms Thread 18" [_thread_blocked, id=16256, stack(0x0000002b1bd00000,0x0000002b1be00000)]
  0x0000021c0365b000 JavaThread "jar transforms Thread 19" [_thread_blocked, id=13868, stack(0x0000002b1be00000,0x0000002b1bf00000)]
  0x0000021c03657000 JavaThread "jar transforms Thread 20" [_thread_blocked, id=5420, stack(0x0000002b1bf00000,0x0000002b1c000000)]
  0x0000021c03660800 JavaThread "jar transforms Thread 21" [_thread_blocked, id=15608, stack(0x0000002b1c000000,0x0000002b1c100000)]
  0x0000021c03660000 JavaThread "jar transforms Thread 22" [_thread_blocked, id=14896, stack(0x0000002b1c100000,0x0000002b1c200000)]
  0x0000021c0365f000 JavaThread "jar transforms Thread 23" [_thread_blocked, id=5604, stack(0x0000002b1c200000,0x0000002b1c300000)]
  0x0000021c03663000 JavaThread "jar transforms Thread 24" [_thread_blocked, id=11208, stack(0x0000002b1c300000,0x0000002b1c400000)]
  0x0000021c03661800 JavaThread "jar transforms Thread 25" [_thread_blocked, id=9204, stack(0x0000002b1c400000,0x0000002b1c500000)]
  0x0000021c0365e000 JavaThread "jar transforms Thread 26" [_thread_blocked, id=17404, stack(0x0000002b1c500000,0x0000002b1c600000)]
  0x0000021c03662800 JavaThread "jar transforms Thread 27" [_thread_blocked, id=16888, stack(0x0000002b1c600000,0x0000002b1c700000)]
  0x0000021c0365d800 JavaThread "jar transforms Thread 28" [_thread_blocked, id=17320, stack(0x0000002b1c700000,0x0000002b1c800000)]
  0x0000021c03664800 JavaThread "jar transforms Thread 29" [_thread_blocked, id=12344, stack(0x0000002b1c800000,0x0000002b1c900000)]
  0x0000021c03664000 JavaThread "jar transforms Thread 30" [_thread_blocked, id=20560, stack(0x0000002b1c900000,0x0000002b1ca00000)]
  0x0000021c02d0f800 JavaThread "jar transforms Thread 31" [_thread_blocked, id=5220, stack(0x0000002b1ca00000,0x0000002b1cb00000)]
  0x0000021c02d0c000 JavaThread "jar transforms Thread 32" [_thread_blocked, id=104, stack(0x0000002b1cb00000,0x0000002b1cc00000)]
  0x0000021c02d09800 JavaThread "jar transforms Thread 33" [_thread_blocked, id=4276, stack(0x0000002b1cc00000,0x0000002b1cd00000)]
  0x0000021c02d0d800 JavaThread "jar transforms Thread 34" [_thread_blocked, id=11892, stack(0x0000002b1cd00000,0x0000002b1ce00000)]
  0x0000021c02d0e800 JavaThread "jar transforms Thread 35" [_thread_blocked, id=8040, stack(0x0000002b1ce00000,0x0000002b1cf00000)]
  0x0000021c02d10000 JavaThread "jar transforms Thread 36" [_thread_blocked, id=20832, stack(0x0000002b1cf00000,0x0000002b1d000000)]
  0x0000021c02d0a800 JavaThread "jar transforms Thread 37" [_thread_blocked, id=6724, stack(0x0000002b1d000000,0x0000002b1d100000)]
  0x0000021c02d11000 JavaThread "jar transforms Thread 38" [_thread_blocked, id=10924, stack(0x0000002b1d100000,0x0000002b1d200000)]
  0x0000021c02d0b000 JavaThread "jar transforms Thread 39" [_thread_blocked, id=20352, stack(0x0000002b1d200000,0x0000002b1d300000)]
  0x0000021c02d11800 JavaThread "jar transforms Thread 40" [_thread_blocked, id=22672, stack(0x0000002b1d300000,0x0000002b1d400000)]
  0x0000021c02d12800 JavaThread "jar transforms Thread 41" [_thread_blocked, id=8536, stack(0x0000002b1d400000,0x0000002b1d500000)]
  0x0000021c02d0d000 JavaThread "jar transforms Thread 42" [_thread_blocked, id=1876, stack(0x0000002b1d500000,0x0000002b1d600000)]
  0x0000021c02d16800 JavaThread "jar transforms Thread 43" [_thread_blocked, id=17280, stack(0x0000002b1d600000,0x0000002b1d700000)]
  0x0000021c02d16000 JavaThread "jar transforms Thread 44" [_thread_blocked, id=22904, stack(0x0000002b1d700000,0x0000002b1d800000)]
  0x0000021c02d18800 JavaThread "jar transforms Thread 45" [_thread_blocked, id=9152, stack(0x0000002b1d800000,0x0000002b1d900000)]
  0x0000021c02d15000 JavaThread "jar transforms Thread 46" [_thread_blocked, id=12572, stack(0x0000002b1d900000,0x0000002b1da00000)]
  0x0000021c02d14000 JavaThread "jar transforms Thread 47" [_thread_blocked, id=10304, stack(0x0000002b1da00000,0x0000002b1db00000)]
  0x0000021c02d13800 JavaThread "jar transforms Thread 48" [_thread_blocked, id=5856, stack(0x0000002b1db00000,0x0000002b1dc00000)]
  0x0000021c02d17800 JavaThread "jar transforms Thread 49" [_thread_blocked, id=16068, stack(0x0000002b1dc00000,0x0000002b1dd00000)]
  0x0000021c04cb8800 JavaThread "jar transforms Thread 50" [_thread_blocked, id=11636, stack(0x0000002b1dd00000,0x0000002b1de00000)]
  0x0000021c04cb8000 JavaThread "jar transforms Thread 51" [_thread_blocked, id=7472, stack(0x0000002b1de00000,0x0000002b1df00000)]
  0x0000021c04cbd000 JavaThread "jar transforms Thread 52" [_thread_blocked, id=18944, stack(0x0000002b1df00000,0x0000002b1e000000)]
  0x0000021c04cb9800 JavaThread "jar transforms Thread 53" [_thread_blocked, id=15928, stack(0x0000002b1e000000,0x0000002b1e100000)]
  0x0000021c04cba800 JavaThread "jar transforms Thread 54" [_thread_blocked, id=16404, stack(0x0000002b1e100000,0x0000002b1e200000)]
  0x0000021c04cb7000 JavaThread "jar transforms Thread 55" [_thread_blocked, id=10732, stack(0x0000002b1e200000,0x0000002b1e300000)]
  0x0000021c04cbd800 JavaThread "jar transforms Thread 56" [_thread_blocked, id=11012, stack(0x0000002b1e300000,0x0000002b1e400000)]
  0x0000021c04cbc000 JavaThread "jar transforms Thread 57" [_thread_blocked, id=4572, stack(0x0000002b1e400000,0x0000002b1e500000)]
  0x0000021c04cc1000 JavaThread "jar transforms Thread 58" [_thread_blocked, id=14308, stack(0x0000002b1e500000,0x0000002b1e600000)]
  0x0000021c04cc0000 JavaThread "jar transforms Thread 59" [_thread_blocked, id=10496, stack(0x0000002b1e600000,0x0000002b1e700000)]
  0x0000021c04cbf000 JavaThread "jar transforms Thread 60" [_thread_blocked, id=17756, stack(0x0000002b1e700000,0x0000002b1e800000)]
  0x0000021c04cbb000 JavaThread "jar transforms Thread 61" [_thread_blocked, id=15204, stack(0x0000002b1e800000,0x0000002b1e900000)]
  0x0000021c04cc4000 JavaThread "jar transforms Thread 62" [_thread_blocked, id=18116, stack(0x0000002b1e900000,0x0000002b1ea00000)]
  0x0000021c04cc2800 JavaThread "jar transforms Thread 63" [_thread_blocked, id=4776, stack(0x0000002b1ea00000,0x0000002b1eb00000)]
  0x0000021c04cc1800 JavaThread "jar transforms Thread 64" [_thread_blocked, id=16768, stack(0x0000002b1eb00000,0x0000002b1ec00000)]
  0x0000021c04cc3800 JavaThread "jar transforms Thread 65" [_thread_blocked, id=1068, stack(0x0000002b1ec00000,0x0000002b1ed00000)]
  0x0000021c04cbe800 JavaThread "jar transforms Thread 66" [_thread_blocked, id=2264, stack(0x0000002b1ed00000,0x0000002b1ee00000)]
  0x0000021c04cc5000 JavaThread "jar transforms Thread 67" [_thread_blocked, id=3784, stack(0x0000002b1ee00000,0x0000002b1ef00000)]
  0x0000021c04cc5800 JavaThread "jar transforms Thread 68" [_thread_blocked, id=8936, stack(0x0000002b1ef00000,0x0000002b1f000000)]
  0x0000021c045c3800 JavaThread "jar transforms Thread 69" [_thread_blocked, id=17268, stack(0x0000002b1f000000,0x0000002b1f100000)]
  0x0000021c045be800 JavaThread "jar transforms Thread 70" [_thread_blocked, id=9212, stack(0x0000002b1f100000,0x0000002b1f200000)]
  0x0000021c045bd800 JavaThread "jar transforms Thread 71" [_thread_blocked, id=11244, stack(0x0000002b1f200000,0x0000002b1f300000)]
  0x0000021c045c4000 JavaThread "jar transforms Thread 72" [_thread_blocked, id=20932, stack(0x0000002b1f300000,0x0000002b1f400000)]
  0x0000021c045c0000 JavaThread "jar transforms Thread 73" [_thread_blocked, id=17704, stack(0x0000002b1f400000,0x0000002b1f500000)]
  0x0000021c045c5000 JavaThread "jar transforms Thread 74" [_thread_blocked, id=1056, stack(0x0000002b1f500000,0x0000002b1f600000)]
  0x0000021c045c2800 JavaThread "jar transforms Thread 75" [_thread_blocked, id=20036, stack(0x0000002b1f600000,0x0000002b1f700000)]
  0x0000021c045c1000 JavaThread "jar transforms Thread 76" [_thread_blocked, id=20644, stack(0x0000002b1f700000,0x0000002b1f800000)]
  0x0000021c045c2000 JavaThread "jar transforms Thread 77" [_thread_blocked, id=2456, stack(0x0000002b1f800000,0x0000002b1f900000)]
  0x0000021c045bf800 JavaThread "jar transforms Thread 78" [_thread_blocked, id=5124, stack(0x0000002b1f900000,0x0000002b1fa00000)]
  0x0000021c045c7800 JavaThread "jar transforms Thread 79" [_thread_blocked, id=21636, stack(0x0000002b1fa00000,0x0000002b1fb00000)]
  0x0000021c045ca000 JavaThread "jar transforms Thread 80" [_thread_blocked, id=13880, stack(0x0000002b1fb00000,0x0000002b1fc00000)]
  0x0000021c045c9000 JavaThread "jar transforms Thread 81" [_thread_blocked, id=2380, stack(0x0000002b1fc00000,0x0000002b1fd00000)]
  0x0000021c045cb800 JavaThread "jar transforms Thread 82" [_thread_blocked, id=16896, stack(0x0000002b1fd00000,0x0000002b1fe00000)]
  0x0000021c045c6000 JavaThread "jar transforms Thread 83" [_thread_blocked, id=684, stack(0x0000002b1fe00000,0x0000002b1ff00000)]
  0x0000021c045c8800 JavaThread "jar transforms Thread 84" [_thread_blocked, id=22828, stack(0x0000002b1ff00000,0x0000002b20000000)]
  0x0000021c045cb000 JavaThread "jar transforms Thread 85" [_thread_blocked, id=2276, stack(0x0000002b20000000,0x0000002b20100000)]
  0x0000021c045cc800 JavaThread "jar transforms Thread 86" [_thread_blocked, id=22976, stack(0x0000002b20100000,0x0000002b20200000)]
  0x0000021c045c6800 JavaThread "jar transforms Thread 87" [_thread_blocked, id=12664, stack(0x0000002b20200000,0x0000002b20300000)]
  0x0000021c06c62800 JavaThread "jar transforms Thread 88" [_thread_blocked, id=3516, stack(0x0000002b20300000,0x0000002b20400000)]
  0x0000021c06c63800 JavaThread "jar transforms Thread 89" [_thread_blocked, id=3704, stack(0x0000002b20400000,0x0000002b20500000)]
  0x0000021c06c65000 JavaThread "jar transforms Thread 90" [_thread_blocked, id=22276, stack(0x0000002b20500000,0x0000002b20600000)]
  0x0000021c06c64000 JavaThread "jar transforms Thread 91" [_thread_blocked, id=13988, stack(0x0000002b20600000,0x0000002b20700000)]
  0x0000021c06c66000 JavaThread "jar transforms Thread 92" [_thread_blocked, id=7856, stack(0x0000002b20700000,0x0000002b20800000)]
  0x0000021c06c66800 JavaThread "jar transforms Thread 93" [_thread_blocked, id=584, stack(0x0000002b20800000,0x0000002b20900000)]
  0x0000021c06c67800 JavaThread "jar transforms Thread 94" [_thread_blocked, id=17972, stack(0x0000002b20900000,0x0000002b20a00000)]
  0x0000021c06c62000 JavaThread "jar transforms Thread 95" [_thread_blocked, id=19088, stack(0x0000002b20a00000,0x0000002b20b00000)]
  0x0000021c06c6d000 JavaThread "jar transforms Thread 96" [_thread_blocked, id=1596, stack(0x0000002b20b00000,0x0000002b20c00000)]
  0x0000021c06c6e000 JavaThread "jar transforms Thread 97" [_thread_blocked, id=23364, stack(0x0000002b20c00000,0x0000002b20d00000)]
  0x0000021c06c6c800 JavaThread "jar transforms Thread 98" [_thread_blocked, id=16696, stack(0x0000002b20d00000,0x0000002b20e00000)]
  0x0000021c06c68800 JavaThread "jar transforms Thread 99" [_thread_blocked, id=23372, stack(0x0000002b20e00000,0x0000002b20f00000)]
  0x0000021c06c6b800 JavaThread "jar transforms Thread 100" [_thread_blocked, id=20860, stack(0x0000002b20f00000,0x0000002b21000000)]
  0x0000021c06c6a800 JavaThread "jar transforms Thread 101" [_thread_blocked, id=14088, stack(0x0000002b21000000,0x0000002b21100000)]
  0x0000021c06c69000 JavaThread "jar transforms Thread 102" [_thread_blocked, id=12688, stack(0x0000002b21100000,0x0000002b21200000)]
  0x0000021c06c6f000 JavaThread "jar transforms Thread 103" [_thread_blocked, id=12708, stack(0x0000002b21200000,0x0000002b21300000)]
  0x0000021c06c6f800 JavaThread "jar transforms Thread 104" [_thread_blocked, id=13436, stack(0x0000002b21300000,0x0000002b21400000)]
  0x0000021c06c6a000 JavaThread "jar transforms Thread 105" [_thread_blocked, id=20488, stack(0x0000002b21400000,0x0000002b21500000)]
  0x0000021c06c70800 JavaThread "jar transforms Thread 106" [_thread_blocked, id=4412, stack(0x0000002b21500000,0x0000002b21600000)]
  0x0000021c03470000 JavaThread "jar transforms Thread 107" [_thread_blocked, id=17044, stack(0x0000002b21600000,0x0000002b21700000)]
  0x0000021c0346d000 JavaThread "jar transforms Thread 108" [_thread_blocked, id=19188, stack(0x0000002b21700000,0x0000002b21800000)]
  0x0000021c03471000 JavaThread "jar transforms Thread 109" [_thread_blocked, id=23312, stack(0x0000002b21800000,0x0000002b21900000)]
  0x0000021c03472000 JavaThread "jar transforms Thread 110" [_thread_blocked, id=4836, stack(0x0000002b21900000,0x0000002b21a00000)]
  0x0000021c03473800 JavaThread "jar transforms Thread 111" [_thread_blocked, id=6620, stack(0x0000002b21a00000,0x0000002b21b00000)]
  0x0000021c03472800 JavaThread "jar transforms Thread 112" [_thread_blocked, id=8264, stack(0x0000002b21b00000,0x0000002b21c00000)]
  0x0000021c0346d800 JavaThread "jar transforms Thread 113" [_thread_blocked, id=12212, stack(0x0000002b21c00000,0x0000002b21d00000)]
  0x0000021c03474000 JavaThread "jar transforms Thread 114" [_thread_blocked, id=15032, stack(0x0000002b21d00000,0x0000002b21e00000)]
  0x0000021c0346e800 JavaThread "jar transforms Thread 115" [_thread_blocked, id=13504, stack(0x0000002b21e00000,0x0000002b21f00000)]
  0x0000021c03475000 JavaThread "jar transforms Thread 116" [_thread_blocked, id=23192, stack(0x0000002b21f00000,0x0000002b22000000)]
  0x0000021c0346f800 JavaThread "jar transforms Thread 117" [_thread_blocked, id=19048, stack(0x0000002b22000000,0x0000002b22100000)]
  0x0000021c03476800 JavaThread "jar transforms Thread 118" [_thread_blocked, id=11448, stack(0x0000002b22100000,0x0000002b22200000)]
  0x0000021c03477800 JavaThread "jar transforms Thread 119" [_thread_blocked, id=15472, stack(0x0000002b22200000,0x0000002b22300000)]
  0x0000021c03478800 JavaThread "Memory manager" [_thread_blocked, id=8660, stack(0x0000002b22300000,0x0000002b22400000)]
  0x0000021c03479000 JavaThread "build event listener" [_thread_blocked, id=7204, stack(0x0000002b22400000,0x0000002b22500000)]
  0x0000021c0347b000 JavaThread "pool-3-thread-1" [_thread_blocked, id=268, stack(0x0000002b22500000,0x0000002b22600000)]
  0x0000021c0347b800 JavaThread "build event listener" [_thread_blocked, id=9852, stack(0x0000002b22600000,0x0000002b22700000)]
  0x0000021c03476000 JavaThread "Execution worker for ':'" [_thread_blocked, id=22188, stack(0x0000002b22700000,0x0000002b22800000)]
  0x0000021c0bed4000 JavaThread "Execution worker for ':' Thread 2" [_thread_blocked, id=19964, stack(0x0000002b22800000,0x0000002b22900000)]
  0x0000021c0bed8000 JavaThread "Execution worker for ':' Thread 3" [_thread_blocked, id=14528, stack(0x0000002b22900000,0x0000002b22a00000)]
  0x0000021c0bed9800 JavaThread "Execution worker for ':' Thread 4" [_thread_blocked, id=17344, stack(0x0000002b22a00000,0x0000002b22b00000)]
  0x0000021c0beda800 JavaThread "Execution worker for ':' Thread 5" [_thread_blocked, id=21576, stack(0x0000002b22b00000,0x0000002b22c00000)]
  0x0000021c0bed5800 JavaThread "Execution worker for ':' Thread 6" [_thread_blocked, id=11236, stack(0x0000002b22c00000,0x0000002b22d00000)]
  0x0000021c0bed8800 JavaThread "Execution worker for ':' Thread 7" [_thread_blocked, id=21892, stack(0x0000002b22d00000,0x0000002b22e00000)]
  0x0000021c0bed6800 JavaThread "Execution worker for ':' Thread 8" [_thread_blocked, id=17988, stack(0x0000002b22e00000,0x0000002b22f00000)]
  0x0000021c0bed4800 JavaThread "Execution worker for ':' Thread 9" [_thread_blocked, id=18152, stack(0x0000002b22f00000,0x0000002b23000000)]
  0x0000021c0bedb000 JavaThread "Execution worker for ':' Thread 10" [_thread_blocked, id=19192, stack(0x0000002b23000000,0x0000002b23100000)]
  0x0000021c0bedc000 JavaThread "Execution worker for ':' Thread 11" [_thread_blocked, id=7456, stack(0x0000002b23100000,0x0000002b23200000)]
  0x0000021c0bed7000 JavaThread "Cache worker for execution history cache (D:\Dispositivos moviles\Tercer Parcial\PDM_2021_II_P3_PROYECTO3\.gradle\6.7.1\executionHistory)" [_thread_blocked, id=10760, stack(0x0000002b23200000,0x0000002b23300000)]
  0x0000021c0bee2800 JavaThread "Cache worker for Java compile cache (C:\Users\josem\.gradle\caches\6.7.1\javaCompile)" [_thread_blocked, id=19936, stack(0x0000002b23300000,0x0000002b23400000)]
  0x0000021c0bee1800 JavaThread "Cache worker for Java compile cache (D:\Dispositivos moviles\Tercer Parcial\PDM_2021_II_P3_PROYECTO3\.gradle\6.7.1\javaCompile)" [_thread_blocked, id=3644, stack(0x0000002b23400000,0x0000002b23500000)]
  0x0000021c0bede800 JavaThread "WorkerExecutor Queue" [_thread_blocked, id=19444, stack(0x0000002b19800000,0x0000002b19900000)]
  0x0000021c0bedd000 JavaThread "WorkerExecutor Queue Thread 2" [_thread_blocked, id=18548, stack(0x0000002b23500000,0x0000002b23600000)]
  0x0000021c0bedf000 JavaThread "WorkerExecutor Queue Thread 3" [_thread_blocked, id=11936, stack(0x0000002b23600000,0x0000002b23700000)]
  0x0000021c0bee1000 JavaThread "WorkerExecutor Queue Thread 4" [_thread_blocked, id=5564, stack(0x0000002b23700000,0x0000002b23800000)]
  0x0000021c09d19800 JavaThread "WorkerExecutor Queue Thread 5" [_thread_blocked, id=22412, stack(0x0000002b23800000,0x0000002b23900000)]
  0x0000021c09d18800 JavaThread "WorkerExecutor Queue Thread 6" [_thread_blocked, id=17828, stack(0x0000002b23900000,0x0000002b23a00000)]
  0x0000021c09d1a800 JavaThread "WorkerExecutor Queue Thread 7" [_thread_blocked, id=14424, stack(0x0000002b23a00000,0x0000002b23b00000)]
  0x0000021c09d1b000 JavaThread "WorkerExecutor Queue Thread 8" [_thread_blocked, id=3968, stack(0x0000002b23b00000,0x0000002b23c00000)]
  0x0000021c09d16800 JavaThread "WorkerExecutor Queue Thread 9" [_thread_blocked, id=23020, stack(0x0000002b23c00000,0x0000002b23d00000)]
  0x0000021c09d1c000 JavaThread "WorkerExecutor Queue Thread 10" [_thread_blocked, id=19532, stack(0x0000002b23d00000,0x0000002b23e00000)]
  0x0000021c09d1d000 JavaThread "WorkerExecutor Queue Thread 11" [_thread_blocked, id=17840, stack(0x0000002b23e00000,0x0000002b23f00000)]
  0x0000021c09d17000 JavaThread "WorkerExecutor Queue Thread 12" [_thread_blocked, id=12968, stack(0x0000002b23f00000,0x0000002b24000000)]
  0x0000021c09d18000 JavaThread "WorkerExecutor Queue Thread 13" [_thread_blocked, id=23244, stack(0x0000002b24000000,0x0000002b24100000)]

Other Threads:
=>0x0000021c7fc59000 VMThread "VM Thread" [stack: 0x0000002b17300000,0x0000002b17400000] [id=21324]
  0x0000021c029b8800 WatcherThread [stack: 0x0000002b17d00000,0x0000002b17e00000] [id=1336]
  0x0000021c66d42000 GCTaskThread "GC Thread#0" [stack: 0x0000002b16e00000,0x0000002b16f00000] [id=12192]
  0x0000021c03672000 GCTaskThread "GC Thread#1" [stack: 0x0000002b17f00000,0x0000002b18000000] [id=18504]
  0x0000021c034c4000 GCTaskThread "GC Thread#2" [stack: 0x0000002b18000000,0x0000002b18100000] [id=14348]
  0x0000021c0404e800 GCTaskThread "GC Thread#3" [stack: 0x0000002b18d00000,0x0000002b18e00000] [id=4220]
  0x0000021c04363800 GCTaskThread "GC Thread#4" [stack: 0x0000002b18e00000,0x0000002b18f00000] [id=1728]
  0x0000021c047a9800 GCTaskThread "GC Thread#5" [stack: 0x0000002b18f00000,0x0000002b19000000] [id=13980]
  0x0000021c0437e000 GCTaskThread "GC Thread#6" [stack: 0x0000002b19000000,0x0000002b19100000] [id=17336]
  0x0000021c04508800 GCTaskThread "GC Thread#7" [stack: 0x0000002b19100000,0x0000002b19200000] [id=17120]
  0x0000021c0348b000 GCTaskThread "GC Thread#8" [stack: 0x0000002b19200000,0x0000002b19300000] [id=16340]
  0x0000021c0348c000 GCTaskThread "GC Thread#9" [stack: 0x0000002b19300000,0x0000002b19400000] [id=5664]
  0x0000021c66d77800 ConcurrentGCThread "G1 Main Marker" [stack: 0x0000002b16f00000,0x0000002b17000000] [id=12700]
  0x0000021c66d79000 ConcurrentGCThread "G1 Conc#0" [stack: 0x0000002b17000000,0x0000002b17100000] [id=4752]
  0x0000021c046f6800 ConcurrentGCThread "G1 Conc#1" [stack: 0x0000002b18300000,0x0000002b18400000] [id=20080]
  0x0000021c046d2000 ConcurrentGCThread "G1 Conc#2" [stack: 0x0000002b19600000,0x0000002b19700000] [id=22680]
  0x0000021c66e0e000 ConcurrentGCThread "G1 Refine#0" [stack: 0x0000002b17100000,0x0000002b17200000] [id=20068]
  0x0000021c7faa8800 ConcurrentGCThread "G1 Young RemSet Sampling" [stack: 0x0000002b17200000,0x0000002b17300000] [id=13212]

Threads with active compile tasks:
C2 CompilerThread0  15628 12147  s!   4       jdk.internal.loader.URLClassPath::getLoader (194 bytes)
C1 CompilerThread0  15628 12576       2       com.android.tools.r8.r.o.w::a (184 bytes)

VM state:at safepoint (normal execution)

VM Mutex/Monitor currently owned by a thread:  ([mutex/lock_event])
[0x0000021c66d27640] Threads_lock - owner thread: 0x0000021c7fc59000
[0x0000021c66d27be0] Heap_lock - owner thread: 0x0000021c09d1d000

Heap address: 0x0000000080000000, size: 2048 MB, Compressed Oops mode: 32-bit
Narrow klass base: 0x0000000000000000, Narrow klass shift: 3
Compressed class space size: 1073741824 Address: 0x0000000100000000

Heap:
 garbage-first heap   total 187392K, used 117111K [0x0000000080000000, 0x0000000100000000)
  region size 1024K, 3 young (3072K), 3 survivors (3072K)
 Metaspace       used 107253K, capacity 110729K, committed 110892K, reserved 1144832K
  class space    used 14296K, capacity 15707K, committed 15744K, reserved 1048576K
Heap Regions: E=young(eden), S=young(survivor), O=old, HS=humongous(starts), HC=humongous(continues), CS=collection set, F=free, A=archive, TAMS=top-at-mark-start (previous, next)
|   0|0x0000000080000000, 0x0000000080100000, 0x0000000080100000|100%| O|  |TAMS 0x0000000080100000, 0x0000000080000000| Untracked 
|   1|0x0000000080100000, 0x0000000080200000, 0x0000000080200000|100%| O|  |TAMS 0x0000000080200000, 0x0000000080100000| Untracked 
|   2|0x0000000080200000, 0x0000000080300000, 0x0000000080300000|100%| O|  |TAMS 0x0000000080300000, 0x0000000080200000| Untracked 
|   3|0x0000000080300000, 0x0000000080400000, 0x0000000080400000|100%|HS|  |TAMS 0x0000000080400000, 0x0000000080300000| Complete 
|   4|0x0000000080400000, 0x0000000080500000, 0x0000000080500000|100%|HC|  |TAMS 0x0000000080500000, 0x0000000080400000| Complete 
|   5|0x0000000080500000, 0x0000000080600000, 0x0000000080600000|100%|HC|  |TAMS 0x0000000080600000, 0x0000000080500000| Complete 
|   6|0x0000000080600000, 0x0000000080700000, 0x0000000080700000|100%| O|  |TAMS 0x0000000080700000, 0x0000000080600000| Untracked 
|   7|0x0000000080700000, 0x0000000080800000, 0x0000000080800000|100%| O|  |TAMS 0x0000000080800000, 0x0000000080700000| Untracked 
|   8|0x0000000080800000, 0x0000000080900000, 0x0000000080900000|100%| O|  |TAMS 0x0000000080900000, 0x0000000080800000| Untracked 
|   9|0x0000000080900000, 0x0000000080a00000, 0x0000000080a00000|100%| O|  |TAMS 0x0000000080a00000, 0x0000000080900000| Untracked 
|  10|0x0000000080a00000, 0x0000000080b00000, 0x0000000080b00000|100%| O|  |TAMS 0x0000000080b00000, 0x0000000080a00000| Untracked 
|  11|0x0000000080b00000, 0x0000000080c00000, 0x0000000080c00000|100%| O|  |TAMS 0x0000000080c00000, 0x0000000080b00000| Untracked 
|  12|0x0000000080c00000, 0x0000000080d00000, 0x0000000080d00000|100%| O|  |TAMS 0x0000000080d00000, 0x0000000080c00000| Untracked 
|  13|0x0000000080d00000, 0x0000000080e00000, 0x0000000080e00000|100%| O|  |TAMS 0x0000000080e00000, 0x0000000080d00000| Untracked 
|  14|0x0000000080e00000, 0x0000000080f00000, 0x0000000080f00000|100%| O|  |TAMS 0x0000000080f00000, 0x0000000080e00000| Untracked 
|  15|0x0000000080f00000, 0x0000000081000000, 0x0000000081000000|100%| O|  |TAMS 0x0000000081000000, 0x0000000080f00000| Untracked 
|  16|0x0000000081000000, 0x0000000081100000, 0x0000000081100000|100%| O|  |TAMS 0x0000000081100000, 0x0000000081000000| Untracked 
|  17|0x0000000081100000, 0x0000000081200000, 0x0000000081200000|100%| O|  |TAMS 0x0000000081200000, 0x0000000081100000| Untracked 
|  18|0x0000000081200000, 0x0000000081300000, 0x0000000081300000|100%| O|  |TAMS 0x0000000081300000, 0x0000000081200000| Untracked 
|  19|0x0000000081300000, 0x0000000081400000, 0x0000000081400000|100%|HS|  |TAMS 0x0000000081400000, 0x0000000081300000| Complete 
|  20|0x0000000081400000, 0x0000000081500000, 0x0000000081500000|100%| O|  |TAMS 0x0000000081500000, 0x0000000081400000| Untracked 
|  21|0x0000000081500000, 0x0000000081600000, 0x0000000081600000|100%| O|  |TAMS 0x0000000081600000, 0x0000000081500000| Untracked 
|  22|0x0000000081600000, 0x0000000081700000, 0x0000000081700000|100%|HS|  |TAMS 0x0000000081700000, 0x0000000081600000| Complete 
|  23|0x0000000081700000, 0x0000000081800000, 0x0000000081800000|100%|HS|  |TAMS 0x0000000081800000, 0x0000000081700000| Complete 
|  24|0x0000000081800000, 0x0000000081900000, 0x0000000081900000|100%|HC|  |TAMS 0x0000000081900000, 0x0000000081800000| Complete 
|  25|0x0000000081900000, 0x0000000081a00000, 0x0000000081a00000|100%|HC|  |TAMS 0x0000000081a00000, 0x0000000081900000| Complete 
|  26|0x0000000081a00000, 0x0000000081b00000, 0x0000000081b00000|100%|HS|  |TAMS 0x0000000081b00000, 0x0000000081a00000| Complete 
|  27|0x0000000081b00000, 0x0000000081c00000, 0x0000000081c00000|100%|HC|  |TAMS 0x0000000081c00000, 0x0000000081b00000| Complete 
|  28|0x0000000081c00000, 0x0000000081d00000, 0x0000000081d00000|100%| O|  |TAMS 0x0000000081d00000, 0x0000000081c00000| Untracked 
|  29|0x0000000081d00000, 0x0000000081e00000, 0x0000000081e00000|100%| O|  |TAMS 0x0000000081e00000, 0x0000000081d00000| Untracked 
|  30|0x0000000081e00000, 0x0000000081f00000, 0x0000000081f00000|100%| O|  |TAMS 0x0000000081f00000, 0x0000000081e00000| Untracked 
|  31|0x0000000081f00000, 0x0000000082000000, 0x0000000082000000|100%| O|  |TAMS 0x0000000082000000, 0x0000000081f00000| Untracked 
|  32|0x0000000082000000, 0x0000000082100000, 0x0000000082100000|100%| O|  |TAMS 0x0000000082100000, 0x0000000082000000| Untracked 
|  33|0x0000000082100000, 0x0000000082200000, 0x0000000082200000|100%| O|  |TAMS 0x0000000082100000, 0x0000000082100000| Untracked 
|  34|0x0000000082200000, 0x0000000082300000, 0x0000000082300000|100%| O|  |TAMS 0x0000000082300000, 0x0000000082200000| Untracked 
|  35|0x0000000082300000, 0x0000000082400000, 0x0000000082400000|100%| O|  |TAMS 0x0000000082400000, 0x0000000082300000| Untracked 
|  36|0x0000000082400000, 0x0000000082500000, 0x0000000082500000|100%| O|  |TAMS 0x0000000082500000, 0x0000000082400000| Untracked 
|  37|0x0000000082500000, 0x0000000082600000, 0x0000000082600000|100%| O|  |TAMS 0x0000000082600000, 0x0000000082500000| Untracked 
|  38|0x0000000082600000, 0x0000000082700000, 0x0000000082700000|100%| O|  |TAMS 0x0000000082600000, 0x0000000082600000| Untracked 
|  39|0x0000000082700000, 0x0000000082800000, 0x0000000082800000|100%| O|  |TAMS 0x0000000082800000, 0x0000000082700000| Untracked 
|  40|0x0000000082800000, 0x0000000082900000, 0x0000000082900000|100%| O|  |TAMS 0x0000000082900000, 0x0000000082800000| Untracked 
|  41|0x0000000082900000, 0x0000000082a00000, 0x0000000082a00000|100%| O|  |TAMS 0x0000000082900000, 0x0000000082900000| Untracked 
|  42|0x0000000082a00000, 0x0000000082b00000, 0x0000000082b00000|100%| O|  |TAMS 0x0000000082a00000, 0x0000000082a00000| Untracked 
|  43|0x0000000082b00000, 0x0000000082c00000, 0x0000000082c00000|100%| O|  |TAMS 0x0000000082c00000, 0x0000000082b00000| Untracked 
|  44|0x0000000082c00000, 0x0000000082d00000, 0x0000000082d00000|100%| O|  |TAMS 0x0000000082d00000, 0x0000000082c00000| Untracked 
|  45|0x0000000082d00000, 0x0000000082e00000, 0x0000000082e00000|100%| O|  |TAMS 0x0000000082e00000, 0x0000000082d00000| Untracked 
|  46|0x0000000082e00000, 0x0000000082f00000, 0x0000000082f00000|100%| O|  |TAMS 0x0000000082f00000, 0x0000000082e00000| Untracked 
|  47|0x0000000082f00000, 0x0000000083000000, 0x0000000083000000|100%| O|  |TAMS 0x0000000083000000, 0x0000000082f00000| Untracked 
|  48|0x0000000083000000, 0x0000000083100000, 0x0000000083100000|100%| O|  |TAMS 0x0000000083100000, 0x0000000083000000| Untracked 
|  49|0x0000000083100000, 0x0000000083200000, 0x0000000083200000|100%| O|  |TAMS 0x0000000083200000, 0x0000000083100000| Untracked 
|  50|0x0000000083200000, 0x0000000083300000, 0x0000000083300000|100%| O|  |TAMS 0x0000000083300000, 0x0000000083200000| Untracked 
|  51|0x0000000083300000, 0x0000000083400000, 0x0000000083400000|100%| O|  |TAMS 0x0000000083400000, 0x0000000083300000| Untracked 
|  52|0x0000000083400000, 0x0000000083500000, 0x0000000083500000|100%| O|  |TAMS 0x0000000083500000, 0x0000000083400000| Untracked 
|  53|0x0000000083500000, 0x0000000083600000, 0x0000000083600000|100%| O|  |TAMS 0x0000000083600000, 0x0000000083500000| Untracked 
|  54|0x0000000083600000, 0x0000000083700000, 0x0000000083700000|100%| O|  |TAMS 0x0000000083700000, 0x0000000083600000| Untracked 
|  55|0x0000000083700000, 0x0000000083800000, 0x0000000083800000|100%| O|  |TAMS 0x0000000083800000, 0x0000000083700000| Untracked 
|  56|0x0000000083800000, 0x0000000083900000, 0x0000000083900000|100%| O|  |TAMS 0x0000000083900000, 0x0000000083800000| Untracked 
|  57|0x0000000083900000, 0x0000000083a00000, 0x0000000083a00000|100%| O|  |TAMS 0x0000000083a00000, 0x0000000083900000| Untracked 
|  58|0x0000000083a00000, 0x0000000083b00000, 0x0000000083b00000|100%| O|  |TAMS 0x0000000083b00000, 0x0000000083a00000| Untracked 
|  59|0x0000000083b00000, 0x0000000083c00000, 0x0000000083c00000|100%| O|  |TAMS 0x0000000083c00000, 0x0000000083b00000| Untracked 
|  60|0x0000000083c00000, 0x0000000083d00000, 0x0000000083d00000|100%| O|  |TAMS 0x0000000083d00000, 0x0000000083c00000| Untracked 
|  61|0x0000000083d00000, 0x0000000083e00000, 0x0000000083e00000|100%| O|  |TAMS 0x0000000083e00000, 0x0000000083d00000| Untracked 
|  62|0x0000000083e00000, 0x0000000083f00000, 0x0000000083f00000|100%| O|  |TAMS 0x0000000083f00000, 0x0000000083e00000| Untracked 
|  63|0x0000000083f00000, 0x0000000084000000, 0x0000000084000000|100%| O|  |TAMS 0x0000000084000000, 0x0000000083f00000| Untracked 
|  64|0x0000000084000000, 0x0000000084100000, 0x0000000084100000|100%| O|  |TAMS 0x0000000084100000, 0x0000000084000000| Untracked 
|  65|0x0000000084100000, 0x0000000084200000, 0x0000000084200000|100%| O|  |TAMS 0x0000000084200000, 0x0000000084100000| Untracked 
|  66|0x0000000084200000, 0x0000000084300000, 0x0000000084300000|100%| O|  |TAMS 0x0000000084300000, 0x0000000084200000| Untracked 
|  67|0x0000000084300000, 0x0000000084400000, 0x0000000084400000|100%| O|  |TAMS 0x0000000084300000, 0x0000000084300000| Untracked 
|  68|0x0000000084400000, 0x0000000084500000, 0x0000000084500000|100%| O|  |TAMS 0x0000000084500000, 0x0000000084400000| Untracked 
|  69|0x0000000084500000, 0x0000000084600000, 0x0000000084600000|100%| O|  |TAMS 0x0000000084500000, 0x0000000084500000| Untracked 
|  70|0x0000000084600000, 0x0000000084700000, 0x0000000084700000|100%| O|  |TAMS 0x0000000084600000, 0x0000000084600000| Untracked 
|  71|0x0000000084700000, 0x0000000084800000, 0x0000000084800000|100%| O|  |TAMS 0x0000000084800000, 0x0000000084700000| Untracked 
|  72|0x0000000084800000, 0x0000000084900000, 0x0000000084900000|100%| O|  |TAMS 0x0000000084800000, 0x0000000084800000| Untracked 
|  73|0x0000000084900000, 0x0000000084a00000, 0x0000000084a00000|100%| O|  |TAMS 0x0000000084900000, 0x0000000084900000| Untracked 
|  74|0x0000000084a00000, 0x0000000084b00000, 0x0000000084b00000|100%| O|  |TAMS 0x0000000084a00000, 0x0000000084a00000| Untracked 
|  75|0x0000000084b00000, 0x0000000084c00000, 0x0000000084c00000|100%| O|  |TAMS 0x0000000084b00000, 0x0000000084b00000| Untracked 
|  76|0x0000000084c00000, 0x0000000084d00000, 0x0000000084d00000|100%| O|  |TAMS 0x0000000084d00000, 0x0000000084c00000| Untracked 
|  77|0x0000000084d00000, 0x0000000084e00000, 0x0000000084e00000|100%| O|  |TAMS 0x0000000084d00000, 0x0000000084d00000| Untracked 
|  78|0x0000000084e00000, 0x0000000084f00000, 0x0000000084f00000|100%| O|  |TAMS 0x0000000084f00000, 0x0000000084e00000| Untracked 
|  79|0x0000000084f00000, 0x0000000085000000, 0x0000000085000000|100%| O|  |TAMS 0x0000000084f00000, 0x0000000084f00000| Untracked 
|  80|0x0000000085000000, 0x0000000085100000, 0x0000000085100000|100%| O|  |TAMS 0x0000000085000000, 0x0000000085000000| Untracked 
|  81|0x0000000085100000, 0x0000000085200000, 0x0000000085200000|100%| O|  |TAMS 0x0000000085200000, 0x0000000085100000| Untracked 
|  82|0x0000000085200000, 0x0000000085300000, 0x0000000085300000|100%| O|  |TAMS 0x0000000085300000, 0x0000000085200000| Untracked 
|  83|0x0000000085300000, 0x0000000085400000, 0x0000000085400000|100%| O|  |TAMS 0x0000000085300000, 0x0000000085300000| Untracked 
|  84|0x0000000085400000, 0x0000000085500000, 0x0000000085500000|100%| O|  |TAMS 0x0000000085400000, 0x0000000085400000| Untracked 
|  85|0x0000000085500000, 0x0000000085600000, 0x0000000085600000|100%| O|  |TAMS 0x0000000085500000, 0x0000000085500000| Untracked 
|  86|0x0000000085600000, 0x0000000085700000, 0x0000000085700000|100%| O|  |TAMS 0x0000000085600000, 0x0000000085600000| Untracked 
|  87|0x0000000085700000, 0x0000000085800000, 0x0000000085800000|100%| O|  |TAMS 0x0000000085700000, 0x0000000085700000| Untracked 
|  88|0x0000000085800000, 0x0000000085900000, 0x0000000085900000|100%| O|  |TAMS 0x0000000085800000, 0x0000000085800000| Untracked 
|  89|0x0000000085900000, 0x0000000085a00000, 0x0000000085a00000|100%| O|  |TAMS 0x0000000085900000, 0x0000000085900000| Untracked 
|  90|0x0000000085a00000, 0x0000000085b00000, 0x0000000085b00000|100%| O|  |TAMS 0x0000000085a00000, 0x0000000085a00000| Untracked 
|  91|0x0000000085b00000, 0x0000000085c00000, 0x0000000085c00000|100%| O|  |TAMS 0x0000000085c00000, 0x0000000085b00000| Untracked 
|  92|0x0000000085c00000, 0x0000000085d00000, 0x0000000085d00000|100%| O|  |TAMS 0x0000000085d00000, 0x0000000085c00000| Untracked 
|  93|0x0000000085d00000, 0x0000000085e00000, 0x0000000085e00000|100%| O|  |TAMS 0x0000000085e00000, 0x0000000085d00000| Untracked 
|  94|0x0000000085e00000, 0x0000000085f00000, 0x0000000085f00000|100%| O|  |TAMS 0x0000000085f00000, 0x0000000085e00000| Untracked 
|  95|0x0000000085f00000, 0x0000000086000000, 0x0000000086000000|100%| O|  |TAMS 0x0000000086000000, 0x0000000085f00000| Untracked 
|  96|0x0000000086000000, 0x0000000086100000, 0x0000000086100000|100%| O|  |TAMS 0x0000000086100000, 0x0000000086000000| Untracked 
|  97|0x0000000086100000, 0x0000000086200000, 0x0000000086200000|100%| O|  |TAMS 0x0000000086200000, 0x0000000086100000| Untracked 
|  98|0x0000000086200000, 0x0000000086300000, 0x0000000086300000|100%| O|  |TAMS 0x0000000086300000, 0x0000000086200000| Untracked 
|  99|0x0000000086300000, 0x0000000086400000, 0x0000000086400000|100%| O|  |TAMS 0x0000000086400000, 0x0000000086300000| Untracked 
| 100|0x0000000086400000, 0x0000000086500000, 0x0000000086500000|100%| O|  |TAMS 0x0000000086500000, 0x0000000086400000| Untracked 
| 101|0x0000000086500000, 0x0000000086600000, 0x0000000086600000|100%| O|  |TAMS 0x0000000086600000, 0x0000000086500000| Untracked 
| 102|0x0000000086600000, 0x0000000086700000, 0x0000000086700000|100%| O|  |TAMS 0x0000000086600000, 0x0000000086600000| Untracked 
| 103|0x0000000086700000, 0x0000000086800000, 0x0000000086800000|100%| O|  |TAMS 0x000000008675b000, 0x0000000086700000| Untracked 
| 104|0x0000000086800000, 0x0000000086900000, 0x0000000086900000|100%| O|  |TAMS 0x0000000086800000, 0x0000000086800000| Untracked 
| 105|0x0000000086900000, 0x0000000086a00000, 0x0000000086a00000|100%| O|  |TAMS 0x0000000086900000, 0x0000000086900000| Untracked 
| 106|0x0000000086a00000, 0x0000000086b00000, 0x0000000086b00000|100%| O|  |TAMS 0x0000000086a00000, 0x0000000086a00000| Untracked 
| 107|0x0000000086b00000, 0x0000000086c00000, 0x0000000086c00000|100%| O|  |TAMS 0x0000000086b00000, 0x0000000086b00000| Untracked 
| 108|0x0000000086c00000, 0x0000000086d00000, 0x0000000086d00000|100%| O|  |TAMS 0x0000000086c00000, 0x0000000086c00000| Untracked 
| 109|0x0000000086d00000, 0x0000000086e00000, 0x0000000086e00000|100%| O|  |TAMS 0x0000000086d00000, 0x0000000086d00000| Untracked 
| 110|0x0000000086e00000, 0x0000000086f00000, 0x0000000086f00000|100%| O|  |TAMS 0x0000000086e00000, 0x0000000086e00000| Untracked 
| 111|0x0000000086f00000, 0x0000000086f5de00, 0x0000000087000000| 36%| O|  |TAMS 0x0000000086f00000, 0x0000000086f00000| Untracked 
| 112|0x0000000087000000, 0x0000000087000000, 0x0000000087100000|  0%| F|  |TAMS 0x0000000087000000, 0x0000000087000000| Untracked 
| 113|0x0000000087100000, 0x0000000087100000, 0x0000000087200000|  0%| F|  |TAMS 0x0000000087100000, 0x0000000087100000| Untracked 
| 114|0x0000000087200000, 0x0000000087200000, 0x0000000087300000|  0%| F|  |TAMS 0x0000000087200000, 0x0000000087200000| Untracked 
| 115|0x0000000087300000, 0x0000000087300000, 0x0000000087400000|  0%| F|  |TAMS 0x0000000087300000, 0x0000000087300000| Untracked 
| 116|0x0000000087400000, 0x0000000087400000, 0x0000000087500000|  0%| F|  |TAMS 0x0000000087400000, 0x0000000087400000| Untracked 
| 117|0x0000000087500000, 0x0000000087500000, 0x0000000087600000|  0%| F|  |TAMS 0x0000000087500000, 0x0000000087500000| Untracked 
| 118|0x0000000087600000, 0x0000000087600000, 0x0000000087700000|  0%| F|  |TAMS 0x0000000087600000, 0x0000000087600000| Untracked 
| 119|0x0000000087700000, 0x0000000087700000, 0x0000000087800000|  0%| F|  |TAMS 0x0000000087700000, 0x0000000087700000| Untracked 
| 120|0x0000000087800000, 0x0000000087800000, 0x0000000087900000|  0%| F|  |TAMS 0x0000000087800000, 0x0000000087800000| Untracked 
| 121|0x0000000087900000, 0x0000000087900000, 0x0000000087a00000|  0%| F|  |TAMS 0x0000000087900000, 0x0000000087900000| Untracked 
| 122|0x0000000087a00000, 0x0000000087a00000, 0x0000000087b00000|  0%| F|  |TAMS 0x0000000087a00000, 0x0000000087a00000| Untracked 
| 123|0x0000000087b00000, 0x0000000087b00000, 0x0000000087c00000|  0%| F|  |TAMS 0x0000000087b00000, 0x0000000087b00000| Untracked 
| 124|0x0000000087c00000, 0x0000000087c00000, 0x0000000087d00000|  0%| F|  |TAMS 0x0000000087c00000, 0x0000000087c00000| Untracked 
| 125|0x0000000087d00000, 0x0000000087d00000, 0x0000000087e00000|  0%| F|  |TAMS 0x0000000087d00000, 0x0000000087d00000| Untracked 
| 126|0x0000000087e00000, 0x0000000087e00000, 0x0000000087f00000|  0%| F|  |TAMS 0x0000000087e00000, 0x0000000087e00000| Untracked 
| 127|0x0000000087f00000, 0x0000000087f00000, 0x0000000088000000|  0%| F|  |TAMS 0x0000000087f00000, 0x0000000087f00000| Untracked 
| 128|0x0000000088000000, 0x0000000088100000, 0x0000000088100000|100%| S|CS|TAMS 0x0000000088000000, 0x0000000088000000| Complete 
| 129|0x0000000088100000, 0x0000000088100000, 0x0000000088200000|  0%| F|  |TAMS 0x0000000088100000, 0x0000000088100000| Untracked 
| 130|0x0000000088200000, 0x0000000088200000, 0x0000000088300000|  0%| F|  |TAMS 0x0000000088200000, 0x0000000088200000| Untracked 
| 131|0x0000000088300000, 0x0000000088300000, 0x0000000088400000|  0%| F|  |TAMS 0x0000000088300000, 0x0000000088300000| Untracked 
| 132|0x0000000088400000, 0x0000000088500000, 0x0000000088500000|100%| S|CS|TAMS 0x0000000088400000, 0x0000000088400000| Complete 
| 133|0x0000000088500000, 0x0000000088600000, 0x0000000088600000|100%| S|CS|TAMS 0x0000000088500000, 0x0000000088500000| Complete 
| 134|0x0000000088600000, 0x0000000088600000, 0x0000000088700000|  0%| F|  |TAMS 0x0000000088600000, 0x0000000088600000| Untracked 
| 135|0x0000000088700000, 0x0000000088700000, 0x0000000088800000|  0%| F|  |TAMS 0x0000000088700000, 0x0000000088700000| Untracked 
| 136|0x0000000088800000, 0x0000000088800000, 0x0000000088900000|  0%| F|  |TAMS 0x0000000088800000, 0x0000000088800000| Untracked 
| 137|0x0000000088900000, 0x0000000088900000, 0x0000000088a00000|  0%| F|  |TAMS 0x0000000088900000, 0x0000000088900000| Untracked 
| 138|0x0000000088a00000, 0x0000000088a00000, 0x0000000088b00000|  0%| F|  |TAMS 0x0000000088a00000, 0x0000000088a00000| Untracked 
| 139|0x0000000088b00000, 0x0000000088b00000, 0x0000000088c00000|  0%| F|  |TAMS 0x0000000088b00000, 0x0000000088b00000| Untracked 
| 140|0x0000000088c00000, 0x0000000088c00000, 0x0000000088d00000|  0%| F|  |TAMS 0x0000000088c00000, 0x0000000088c00000| Untracked 
| 141|0x0000000088d00000, 0x0000000088d00000, 0x0000000088e00000|  0%| F|  |TAMS 0x0000000088d00000, 0x0000000088d00000| Untracked 
| 142|0x0000000088e00000, 0x0000000088e00000, 0x0000000088f00000|  0%| F|  |TAMS 0x0000000088e00000, 0x0000000088e00000| Untracked 
| 143|0x0000000088f00000, 0x0000000088f00000, 0x0000000089000000|  0%| F|  |TAMS 0x0000000088f00000, 0x0000000088f00000| Untracked 
| 144|0x0000000089000000, 0x0000000089000000, 0x0000000089100000|  0%| F|  |TAMS 0x0000000089000000, 0x0000000089000000| Untracked 
| 145|0x0000000089100000, 0x0000000089100000, 0x0000000089200000|  0%| F|  |TAMS 0x0000000089100000, 0x0000000089100000| Untracked 
| 146|0x0000000089200000, 0x0000000089200000, 0x0000000089300000|  0%| F|  |TAMS 0x0000000089200000, 0x0000000089200000| Untracked 
| 147|0x0000000089300000, 0x0000000089300000, 0x0000000089400000|  0%| F|  |TAMS 0x0000000089300000, 0x0000000089300000| Untracked 
| 148|0x0000000089400000, 0x0000000089400000, 0x0000000089500000|  0%| F|  |TAMS 0x0000000089400000, 0x0000000089400000| Untracked 
| 149|0x0000000089500000, 0x0000000089500000, 0x0000000089600000|  0%| F|  |TAMS 0x0000000089500000, 0x0000000089500000| Untracked 
| 150|0x0000000089600000, 0x0000000089600000, 0x0000000089700000|  0%| F|  |TAMS 0x0000000089600000, 0x0000000089600000| Untracked 
| 151|0x0000000089700000, 0x0000000089700000, 0x0000000089800000|  0%| F|  |TAMS 0x0000000089700000, 0x0000000089700000| Untracked 

Card table byte_map: [0x0000021c7a750000,0x0000021c7ab50000] _byte_map_base: 0x0000021c7a350000

Marking Bits (Prev, Next): (CMBitMap*) 0x0000021c66d6cc10, (CMBitMap*) 0x0000021c66d6cbd8
 Prev Bits: [0x0000021c7cf50000, 0x0000021c7ef50000)
 Next Bits: [0x0000021c7af50000, 0x0000021c7cf50000)

Polling page: 0x0000021c654e0000

Metaspace:

Usage:
  Non-class:     92.79 MB capacity,    90.78 MB ( 98%) used,     1.63 MB (  2%) free+waste,   400.69 KB ( <1%) overhead. 
      Class:     15.34 MB capacity,    13.96 MB ( 91%) used,     1.18 MB (  8%) free+waste,   203.06 KB (  1%) overhead. 
       Both:    108.13 MB capacity,   104.74 MB ( 97%) used,     2.80 MB (  3%) free+waste,   603.75 KB ( <1%) overhead. 

Virtual space:
  Non-class space:       94.00 MB reserved,      92.92 MB ( 99%) committed 
      Class space:        1.00 GB reserved,      15.38 MB (  2%) committed 
             Both:        1.09 GB reserved,     108.29 MB ( 10%) committed 

Chunk freelists:
   Non-Class:  0 bytes
       Class:  0 bytes
        Both:  0 bytes

MaxMetaspaceSize: 17179869184.00 GB
CompressedClassSpaceSize: 1.00 GB

CodeHeap 'non-profiled nmethods': size=120000Kb used=6834Kb max_used=6834Kb free=113165Kb
 bounds [0x0000021c72190000, 0x0000021c72840000, 0x0000021c796c0000]
CodeHeap 'profiled nmethods': size=120000Kb used=26253Kb max_used=26253Kb free=93747Kb
 bounds [0x0000021c6ac60000, 0x0000021c6c610000, 0x0000021c72190000]
CodeHeap 'non-nmethods': size=5760Kb used=2297Kb max_used=2331Kb free=3462Kb
 bounds [0x0000021c6a6c0000, 0x0000021c6a930000, 0x0000021c6ac60000]
 total_blobs=13165 nmethods=12259 adapters=816
 compilation: enabled
              stopped_count=0, restarted_count=0
 full_count=0

Compilation events (20 events):
Event: 15.524 Thread 0x0000021c7fc71000 nmethod 12557 0x0000021c6c601e10 code [0x0000021c6c601fe0, 0x0000021c6c602208]
Event: 15.524 Thread 0x0000021c7fc71000 12562       2       com.android.tools.r8.r.o.w::a (132 bytes)
Event: 15.525 Thread 0x0000021c7fc71000 nmethod 12562 0x0000021c6c602410 code [0x0000021c6c602700, 0x0000021c6c602f98]
Event: 15.525 Thread 0x0000021c7fc71000 12767       3       java.util.IdentityHashMap$IdentityHashMapIterator::hasNext (50 bytes)
Event: 15.525 Thread 0x0000021c7fc71000 nmethod 12767 0x0000021c6c603490 code [0x0000021c6c603640, 0x0000021c6c603878]
Event: 15.525 Thread 0x0000021c7fc71000 12761       2       com.android.tools.r8.v.b.l::p (2 bytes)
Event: 15.525 Thread 0x0000021c7fc71000 nmethod 12761 0x0000021c6c603990 code [0x0000021c6c603b40, 0x0000021c6c603c38]
Event: 15.525 Thread 0x0000021c7fc71000 12765       2       com.android.tools.r8.v.b.w1::a (56 bytes)
Event: 15.525 Thread 0x0000021c7fc71000 nmethod 12765 0x0000021c6c603d10 code [0x0000021c6c603f00, 0x0000021c6c6042b8]
Event: 15.525 Thread 0x0000021c7fc71000 12572       2       com.android.tools.r8.r.o.w::a (24 bytes)
Event: 15.525 Thread 0x0000021c7fc71000 nmethod 12572 0x0000021c6c604490 code [0x0000021c6c604660, 0x0000021c6c604848]
Event: 15.525 Thread 0x0000021c7fc71000 12577       2       com.android.tools.r8.v.a.t.n::a (131 bytes)
Event: 15.526 Thread 0x0000021c7fc71000 nmethod 12577 0x0000021c6c604a10 code [0x0000021c6c604c60, 0x0000021c6c605398]
Event: 15.526 Thread 0x0000021c7fc71000 12579       2       com.android.tools.r8.r.o.k::a (18 bytes)
Event: 15.526 Thread 0x0000021c7fc71000 nmethod 12579 0x0000021c6c605710 code [0x0000021c6c605900, 0x0000021c6c605b68]
Event: 15.526 Thread 0x0000021c7fc71000 12651       1       com.android.tools.r8.code.w1::x (2 bytes)
Event: 15.526 Thread 0x0000021c7fc71000 nmethod 12651 0x0000021c7283c810 code [0x0000021c7283c9c0, 0x0000021c7283ca78]
Event: 15.526 Thread 0x0000021c7fc71000 12738       2       com.android.tools.r8.ir.conversion.t::b (33 bytes)
Event: 15.526 Thread 0x0000021c7fc71000 nmethod 12738 0x0000021c6c605e10 code [0x0000021c6c605fe0, 0x0000021c6c606158]
Event: 15.526 Thread 0x0000021c7fc71000 12576       2       com.android.tools.r8.r.o.w::a (184 bytes)

GC Heap History (20 events):
Event: 14.550 GC heap after
{Heap after GC invocations=34 (full 0):
 garbage-first heap   total 155648K, used 100623K [0x0000000080000000, 0x0000000100000000)
  region size 1024K, 3 young (3072K), 3 survivors (3072K)
 Metaspace       used 95133K, capacity 97265K, committed 97452K, reserved 1134592K
  class space    used 12214K, capacity 12977K, committed 13056K, reserved 1048576K
}
Event: 14.560 GC heap before
{Heap before GC invocations=34 (full 0):
 garbage-first heap   total 155648K, used 103695K [0x0000000080000000, 0x0000000100000000)
  region size 1024K, 7 young (7168K), 3 survivors (3072K)
 Metaspace       used 95205K, capacity 97363K, committed 97452K, reserved 1134592K
  class space    used 12223K, capacity 13009K, committed 13056K, reserved 1048576K
}
Event: 14.564 GC heap after
{Heap after GC invocations=35 (full 0):
 garbage-first heap   total 155648K, used 97236K [0x0000000080000000, 0x0000000100000000)
  region size 1024K, 1 young (1024K), 1 survivors (1024K)
 Metaspace       used 95205K, capacity 97363K, committed 97452K, reserved 1134592K
  class space    used 12223K, capacity 13009K, committed 13056K, reserved 1048576K
}
Event: 14.646 GC heap before
{Heap before GC invocations=35 (full 0):
 garbage-first heap   total 155648K, used 124884K [0x0000000080000000, 0x0000000100000000)
  region size 1024K, 29 young (29696K), 1 survivors (1024K)
 Metaspace       used 95505K, capacity 97639K, committed 97708K, reserved 1134592K
  class space    used 12264K, capacity 13054K, committed 13056K, reserved 1048576K
}
Event: 14.650 GC heap after
{Heap after GC invocations=36 (full 0):
 garbage-first heap   total 155648K, used 99728K [0x0000000080000000, 0x0000000100000000)
  region size 1024K, 4 young (4096K), 4 survivors (4096K)
 Metaspace       used 95505K, capacity 97639K, committed 97708K, reserved 1134592K
  class space    used 12264K, capacity 13054K, committed 13056K, reserved 1048576K
}
Event: 14.946 GC heap before
{Heap before GC invocations=37 (full 0):
 garbage-first heap   total 155648K, used 131472K [0x0000000080000000, 0x0000000100000000)
  region size 1024K, 31 young (31744K), 4 survivors (4096K)
 Metaspace       used 97204K, capacity 99432K, committed 99500K, reserved 1136640K
  class space    used 12491K, capacity 13293K, committed 13312K, reserved 1048576K
}
Event: 14.950 GC heap after
{Heap after GC invocations=38 (full 0):
 garbage-first heap   total 155648K, used 102230K [0x0000000080000000, 0x0000000100000000)
  region size 1024K, 3 young (3072K), 3 survivors (3072K)
 Metaspace       used 97204K, capacity 99432K, committed 99500K, reserved 1136640K
  class space    used 12491K, capacity 13293K, committed 13312K, reserved 1048576K
}
Event: 14.955 GC heap before
{Heap before GC invocations=38 (full 0):
 garbage-first heap   total 155648K, used 105302K [0x0000000080000000, 0x0000000100000000)
  region size 1024K, 7 young (7168K), 3 survivors (3072K)
 Metaspace       used 97224K, capacity 99432K, committed 99500K, reserved 1136640K
  class space    used 12492K, capacity 13293K, committed 13312K, reserved 1048576K
}
Event: 14.960 GC heap after
{Heap after GC invocations=39 (full 0):
 garbage-first heap   total 155648K, used 93035K [0x0000000080000000, 0x0000000100000000)
  region size 1024K, 1 young (1024K), 1 survivors (1024K)
 Metaspace       used 97224K, capacity 99432K, committed 99500K, reserved 1136640K
  class space    used 12492K, capacity 13293K, committed 13312K, reserved 1048576K
}
Event: 15.147 GC heap before
{Heap before GC invocations=39 (full 0):
 garbage-first heap   total 155648K, used 123755K [0x0000000080000000, 0x0000000100000000)
  region size 1024K, 32 young (32768K), 1 survivors (1024K)
 Metaspace       used 100071K, capacity 102578K, committed 102700K, reserved 1138688K
  class space    used 12974K, capacity 13923K, committed 13952K, reserved 1048576K
}
Event: 15.151 GC heap after
{Heap after GC invocations=40 (full 0):
 garbage-first heap   total 155648K, used 98414K [0x0000000080000000, 0x0000000100000000)
  region size 1024K, 4 young (4096K), 4 survivors (4096K)
 Metaspace       used 100071K, capacity 102578K, committed 102700K, reserved 1138688K
  class space    used 12974K, capacity 13923K, committed 13952K, reserved 1048576K
}
Event: 15.214 GC heap before
{Heap before GC invocations=40 (full 0):
 garbage-first heap   total 155648K, used 126062K [0x0000000080000000, 0x0000000100000000)
  region size 1024K, 32 young (32768K), 4 survivors (4096K)
 Metaspace       used 101302K, capacity 103924K, committed 104236K, reserved 1138688K
  class space    used 13149K, capacity 14116K, committed 14208K, reserved 1048576K
}
Event: 15.222 GC heap after
{Heap after GC invocations=41 (full 0):
 garbage-first heap   total 155648K, used 107120K [0x0000000080000000, 0x0000000100000000)
  region size 1024K, 4 young (4096K), 4 survivors (4096K)
 Metaspace       used 101302K, capacity 103924K, committed 104236K, reserved 1138688K
  class space    used 13149K, capacity 14116K, committed 14208K, reserved 1048576K
}
Event: 15.328 GC heap before
{Heap before GC invocations=41 (full 0):
 garbage-first heap   total 155648K, used 126576K [0x0000000080000000, 0x0000000100000000)
  region size 1024K, 24 young (24576K), 4 survivors (4096K)
 Metaspace       used 103753K, capacity 106903K, committed 107052K, reserved 1140736K
  class space    used 13699K, capacity 14945K, committed 14976K, reserved 1048576K
}
Event: 15.334 GC heap after
{Heap after GC invocations=42 (full 0):
 garbage-first heap   total 155648K, used 110234K [0x0000000080000000, 0x0000000100000000)
  region size 1024K, 3 young (3072K), 3 survivors (3072K)
 Metaspace       used 103753K, capacity 106903K, committed 107052K, reserved 1140736K
  class space    used 13699K, capacity 14945K, committed 14976K, reserved 1048576K
}
Event: 15.418 GC heap before
{Heap before GC invocations=42 (full 0):
 garbage-first heap   total 155648K, used 127642K [0x0000000080000000, 0x0000000100000000)
  region size 1024K, 21 young (21504K), 3 survivors (3072K)
 Metaspace       used 105826K, capacity 109165K, committed 109356K, reserved 1142784K
  class space    used 14070K, capacity 15396K, committed 15488K, reserved 1048576K
}
Event: 15.421 GC heap after
{Heap after GC invocations=43 (full 0):
 garbage-first heap   total 155648K, used 111558K [0x0000000080000000, 0x0000000100000000)
  region size 1024K, 2 young (2048K), 2 survivors (2048K)
 Metaspace       used 105826K, capacity 109165K, committed 109356K, reserved 1142784K
  class space    used 14070K, capacity 15396K, committed 15488K, reserved 1048576K
}
Event: 15.468 GC heap before
{Heap before GC invocations=43 (full 0):
 garbage-first heap   total 155648K, used 129990K [0x0000000080000000, 0x0000000100000000)
  region size 1024K, 20 young (20480K), 2 survivors (2048K)
 Metaspace       used 106478K, capacity 109873K, committed 109996K, reserved 1144832K
  class space    used 14176K, capacity 15529K, committed 15616K, reserved 1048576K
}
Event: 15.470 GC heap after
{Heap after GC invocations=44 (full 0):
 garbage-first heap   total 155648K, used 113032K [0x0000000080000000, 0x0000000100000000)
  region size 1024K, 3 young (3072K), 3 survivors (3072K)
 Metaspace       used 106478K, capacity 109873K, committed 109996K, reserved 1144832K
  class space    used 14176K, capacity 15529K, committed 15616K, reserved 1048576K
}
Event: 15.534 GC heap before
{Heap before GC invocations=44 (full 0):
 garbage-first heap   total 155648K, used 130440K [0x0000000080000000, 0x0000000100000000)
  region size 1024K, 21 young (21504K), 3 survivors (3072K)
 Metaspace       used 107253K, capacity 110729K, committed 110892K, reserved 1144832K
  class space    used 14296K, capacity 15707K, committed 15744K, reserved 1048576K
}

Deoptimization events (20 events):
Event: 15.445 Thread 0x0000021c09d19800 DEOPT PACKING pc=0x0000021c6c4bcce4 sp=0x0000002b238fbf50
Event: 15.445 Thread 0x0000021c09d19800 DEOPT UNPACKING pc=0x0000021c6a6e72ce sp=0x0000002b238fb420 mode 0
Event: 15.452 Thread 0x0000021c09d18800 Uncommon trap: trap_request=0xffffff4d fr.pc=0x0000021c725b4418 relative=0x0000000000001078
Event: 15.452 Thread 0x0000021c09d18800 Uncommon trap: reason=unstable_if action=reinterpret pc=0x0000021c725b4418 method=java.util.HashMap.computeIfAbsent(Ljava/lang/Object;Ljava/util/function/Function;)Ljava/lang/Object; @ 145 c2
Event: 15.452 Thread 0x0000021c09d18800 DEOPT PACKING pc=0x0000021c725b4418 sp=0x0000002b239fc480
Event: 15.452 Thread 0x0000021c09d18800 DEOPT UNPACKING pc=0x0000021c6a6e74af sp=0x0000002b239fc460 mode 2
Event: 15.452 Thread 0x0000021c09d1a800 Uncommon trap: trap_request=0xffffff4d fr.pc=0x0000021c723d1a7c relative=0x000000000000023c
Event: 15.452 Thread 0x0000021c09d1a800 Uncommon trap: reason=unstable_if action=reinterpret pc=0x0000021c723d1a7c method=java.util.HashMap.getNode(ILjava/lang/Object;)Ljava/util/HashMap$Node; @ 84 c2
Event: 15.452 Thread 0x0000021c09d1a800 DEOPT PACKING pc=0x0000021c723d1a7c sp=0x0000002b23afc070
Event: 15.452 Thread 0x0000021c09d1a800 DEOPT UNPACKING pc=0x0000021c6a6e74af sp=0x0000002b23afbf88 mode 2
Event: 15.473 Thread 0x0000021c09d19800 DEOPT PACKING pc=0x0000021c6c55572a sp=0x0000002b238fc990
Event: 15.473 Thread 0x0000021c09d19800 DEOPT UNPACKING pc=0x0000021c6a6e72ce sp=0x0000002b238fbe48 mode 0
Event: 15.481 Thread 0x0000021c09d18800 Uncommon trap: trap_request=0xffffffd6 fr.pc=0x0000021c727dbfbc relative=0x000000000000211c
Event: 15.481 Thread 0x0000021c09d18800 Uncommon trap: reason=array_check action=maybe_recompile pc=0x0000021c727dbfbc method=java.util.TimSort.binarySort([Ljava/lang/Object;IIILjava/util/Comparator;)V @ 193 c2
Event: 15.481 Thread 0x0000021c09d18800 DEOPT PACKING pc=0x0000021c727dbfbc sp=0x0000002b239fd6c0
Event: 15.481 Thread 0x0000021c09d18800 DEOPT UNPACKING pc=0x0000021c6a6e74af sp=0x0000002b239fd5f0 mode 2
Event: 15.494 Thread 0x0000021c09d1c000 DEOPT PACKING pc=0x0000021c6c5d9c82 sp=0x0000002b23dfce70
Event: 15.494 Thread 0x0000021c09d1c000 DEOPT UNPACKING pc=0x0000021c6a6e72ce sp=0x0000002b23dfc2e8 mode 0
Event: 15.495 Thread 0x0000021c09d1c000 DEOPT PACKING pc=0x0000021c6c5d9c82 sp=0x0000002b23dfce70
Event: 15.495 Thread 0x0000021c09d1c000 DEOPT UNPACKING pc=0x0000021c6a6e72ce sp=0x0000002b23dfc2e8 mode 0

Classes redefined (0 events):
No events

Internal exceptions (20 events):
Event: 15.323 Thread 0x0000021c09d18800 Exception <a 'java/lang/NoSuchMethodError'{0x0000000088576388}: 'java.lang.Object java.lang.invoke.DirectMethodHandle$Holder.invokeVirtual(java.lang.Object, java.lang.Object, int, java.lang.Object)'> (0x0000000088576388) thrown at [./src/hotspot/share/interpreter/linkResolver.cpp, line 773]
Event: 15.323 Thread 0x0000021c09d16800 Exception <a 'java/lang/NoSuchMethodError'{0x00000000886c2298}: 'java.lang.Object java.lang.invoke.DirectMethodHandle$Holder.invokeVirtual(java.lang.Object, java.lang.Object, int, java.lang.Object)'> (0x00000000886c2298) thrown at [./src/hotspot/share/interpreter/linkResolver.cpp, line 773]
Event: 15.323 Thread 0x0000021c09d1d000 Exception <a 'java/lang/NoSuchMethodError'{0x00000000885f80e8}: 'java.lang.Object java.lang.invoke.DirectMethodHandle$Holder.invokeVirtual(java.lang.Object, java.lang.Object, int, java.lang.Object)'> (0x00000000885f80e8) thrown at [./src/hotspot/share/interpreter/linkResolver.cpp, line 773]
Event: 15.341 Thread 0x0000021c09d1b000 Exception <a 'java/lang/NoSuchMethodError'{0x000000008965bdd8}: 'void java.lang.invoke.DirectMethodHandle$Holder.invokeVirtual(java.lang.Object, java.lang.Object, int, java.lang.Object)'> (0x000000008965bdd8) thrown at [./src/hotspot/share/interpreter/linkResolver.cpp, line 773]
Event: 15.341 Thread 0x0000021c09d1c000 Exception <a 'java/lang/NoSuchMethodError'{0x00000000897298e8}: 'void java.lang.invoke.DirectMethodHandle$Holder.invokeVirtual(java.lang.Object, java.lang.Object, int, java.lang.Object)'> (0x00000000897298e8) thrown at [./src/hotspot/share/interpreter/linkResolver.cpp, line 773]
Event: 15.341 Thread 0x0000021c09d16800 Exception <a 'java/lang/NoSuchMethodError'{0x000000008974e088}: 'void java.lang.invoke.DirectMethodHandle$Holder.invokeVirtual(java.lang.Object, java.lang.Object, int, java.lang.Object)'> (0x000000008974e088) thrown at [./src/hotspot/share/interpreter/linkResolver.cpp, line 773]
Event: 15.341 Thread 0x0000021c09d18800 Exception <a 'java/lang/NoSuchMethodError'{0x00000000897edf60}: 'void java.lang.invoke.DirectMethodHandle$Holder.invokeVirtual(java.lang.Object, java.lang.Object, int, java.lang.Object)'> (0x00000000897edf60) thrown at [./src/hotspot/share/interpreter/linkResolver.cpp, line 773]
Event: 15.341 Thread 0x0000021c0bedf000 Exception <a 'java/lang/NoSuchMethodError'{0x00000000897f7ac0}: 'void java.lang.invoke.DirectMethodHandle$Holder.invokeVirtual(java.lang.Object, java.lang.Object, int, java.lang.Object)'> (0x00000000897f7ac0) thrown at [./src/hotspot/share/interpreter/linkResolver.cpp, line 773]
Event: 15.341 Thread 0x0000021c09d1d000 Exception <a 'java/lang/NoSuchMethodError'{0x0000000089732ac8}: 'void java.lang.invoke.DirectMethodHandle$Holder.invokeVirtual(java.lang.Object, java.lang.Object, int, java.lang.Object)'> (0x0000000089732ac8) thrown at [./src/hotspot/share/interpreter/linkResolver.cpp, line 773]
Event: 15.378 Thread 0x0000021c09d1a800 Exception <a 'java/lang/NoSuchMethodError'{0x00000000891cc9a8}: 'int java.lang.invoke.DirectMethodHandle$Holder.invokeInterface(java.lang.Object, java.lang.Object, int)'> (0x00000000891cc9a8) thrown at [./src/hotspot/share/interpreter/linkResolver.cpp, line 773]
Event: 15.379 Thread 0x0000021c09d19800 Exception <a 'java/lang/NoSuchMethodError'{0x0000000089190fa8}: 'int java.lang.invoke.DirectMethodHandle$Holder.invokeSpecial(java.lang.Object, java.lang.Object, java.lang.Object, int, java.lang.Object)'> (0x0000000089190fa8) thrown at [./src/hotspot/share/interpreter/linkResolver.cpp, line 773]
Event: 15.386 Thread 0x0000021c0bedf000 Exception <a 'java/lang/NoSuchMethodError'{0x0000000089021380}: 'java.lang.Object java.lang.invoke.DirectMethodHandle$Holder.newInvokeSpecial(java.lang.Object, int)'> (0x0000000089021380) thrown at [./src/hotspot/share/interpreter/linkResolver.cpp, line 773]
Event: 15.386 Thread 0x0000021c0bee1000 Exception <a 'java/lang/NoSuchMethodError'{0x00000000890fe490}: 'java.lang.Object java.lang.invoke.DirectMethodHandle$Holder.newInvokeSpecial(java.lang.Object, int)'> (0x00000000890fe490) thrown at [./src/hotspot/share/interpreter/linkResolver.cpp, line 773]
Event: 15.386 Thread 0x0000021c09d18800 Exception <a 'java/lang/NoSuchMethodError'{0x000000008903dd78}: 'java.lang.Object java.lang.invoke.DirectMethodHandle$Holder.newInvokeSpecial(java.lang.Object, int)'> (0x000000008903dd78) thrown at [./src/hotspot/share/interpreter/linkResolver.cpp, line 773]
Event: 15.437 Thread 0x0000021c0bee1000 Exception <a 'java/lang/NoSuchMethodError'{0x000000008919dd50}: 'java.lang.Object java.lang.invoke.DirectMethodHandle$Holder.invokeSpecial(java.lang.Object, java.lang.Object, java.lang.Object, java.lang.Object, java.lang.Object, java.lang.Object, java.lang.Object, java.lang.Object, java.lang.Object, java.lang.Object)'> (0x000000008919dd50) thrown at [./src/hotspot/share/interpreter/linkResolver.cpp, line 773]
Event: 15.437 Thread 0x0000021c09d16800 Exception <a 'java/lang/NoSuchMethodError'{0x00000000891a5520}: 'java.lang.Object java.lang.invoke.DirectMethodHandle$Holder.invokeSpecial(java.lang.Object, java.lang.Object, java.lang.Object, java.lang.Object, java.lang.Object, java.lang.Object, java.lang.Object, java.lang.Object, java.lang.Object, java.lang.Object)'> (0x00000000891a5520) thrown at [./src/hotspot/share/interpreter/linkResolver.cpp, line 773]
Event: 15.437 Thread 0x0000021c0bee1000 Exception <a 'java/lang/NoSuchMethodError'{0x00000000891c0100}: 'java.lang.Object java.lang.invoke.Invokers$Holder.linkToTargetMethod(java.lang.Object, java.lang.Object, java.lang.Object, java.lang.Object, java.lang.Object, java.lang.Object, java.lang.Object, java.lang.Object, java.lang.Object)'> (0x00000000891c0100) thrown at [./src/hotspot/share/interpreter/linkResolver.cpp, line 773]
Event: 15.438 Thread 0x0000021c09d16800 Exception <a 'java/lang/NoSuchMethodError'{0x00000000891d10e0}: 'java.lang.Object java.lang.invoke.Invokers$Holder.linkToTargetMethod(java.lang.Object, java.lang.Object, java.lang.Object, java.lang.Object, java.lang.Object, java.lang.Object, java.lang.Object, java.lang.Object, java.lang.Object)'> (0x00000000891d10e0) thrown at [./src/hotspot/share/interpreter/linkResolver.cpp, line 773]
Event: 15.442 Thread 0x0000021c0bedf000 Exception <a 'java/lang/NoSuchMethodError'{0x0000000088f7d270}: 'void java.lang.invoke.DirectMethodHandle$Holder.invokeStaticInit(java.lang.Object, java.lang.Object, java.lang.Object)'> (0x0000000088f7d270) thrown at [./src/hotspot/share/interpreter/linkResolver.cpp, line 773]
Event: 15.504 Thread 0x0000021c09d16800 Exception <a 'java/lang/NoSuchMethodError'{0x0000000088a145c8}: 'void java.lang.invoke.DirectMethodHandle$Holder.invokeVirtual(java.lang.Object, java.lang.Object, int)'> (0x0000000088a145c8) thrown at [./src/hotspot/share/interpreter/linkResolver.cpp, line 773]

Events (20 events):
Event: 15.504 loading class com/android/tools/r8/graph/J1 done
Event: 15.504 loading class com/android/tools/r8/dex/l
Event: 15.504 loading class com/android/tools/r8/dex/l done
Event: 15.504 loading class com/android/tools/r8/utils/u0
Event: 15.504 loading class com/android/tools/r8/utils/u0 done
Event: 15.504 loading class com/android/tools/r8/dex/s
Event: 15.504 loading class com/android/tools/r8/dex/s done
Event: 15.505 loading class com/android/tools/r8/graph/J1
Event: 15.505 loading class com/android/tools/r8/graph/J1 done
Event: 15.505 loading class com/android/tools/r8/graph/J1
Event: 15.505 loading class com/android/tools/r8/graph/J1 done
Event: 15.505 loading class com/android/tools/r8/dex/r
Event: 15.505 loading class com/android/tools/r8/dex/r done
Event: 15.505 loading class com/android/tools/r8/dex/r
Event: 15.505 loading class com/android/tools/r8/dex/r done
Event: 15.505 loading class java/nio/ByteBufferAsShortBufferL
Event: 15.505 loading class com/android/tools/r8/dex/r
Event: 15.505 loading class com/android/tools/r8/dex/r done
Event: 15.527 Executing VM operation: G1CollectForAllocation
Event: 15.532 loading class java/nio/ShortBuffer


Dynamic libraries:
0x00007ff73c2c0000 - 0x00007ff73c2ca000 	D:\AndroidStudio\jre\bin\java.exe
0x00007ffdd48d0000 - 0x00007ffdd4ac5000 	C:\WINDOWS\SYSTEM32\ntdll.dll
0x00007ffdd3820000 - 0x00007ffdd38dd000 	C:\WINDOWS\System32\KERNEL32.DLL
0x00007ffdd20f0000 - 0x00007ffdd23b9000 	C:\WINDOWS\System32\KERNELBASE.dll
0x00007ffdd24d0000 - 0x00007ffdd25d0000 	C:\WINDOWS\System32\ucrtbase.dll
0x00007ffdc8890000 - 0x00007ffdc88a9000 	D:\AndroidStudio\jre\bin\jli.dll
0x00007ffdc5d90000 - 0x00007ffdc5da7000 	D:\AndroidStudio\jre\bin\VCRUNTIME140.dll
0x00007ffdd46f0000 - 0x00007ffdd4890000 	C:\WINDOWS\System32\USER32.dll
0x00007ffdbadb0000 - 0x00007ffdbb04a000 	C:\WINDOWS\WinSxS\amd64_microsoft.windows.common-controls_6595b64144ccf1df_6.0.19041.1110_none_60b5254171f9507e\COMCTL32.dll
0x00007ffdd2730000 - 0x00007ffdd2752000 	C:\WINDOWS\System32\win32u.dll
0x00007ffdd3170000 - 0x00007ffdd320e000 	C:\WINDOWS\System32\msvcrt.dll
0x00007ffdd3a10000 - 0x00007ffdd3a3a000 	C:\WINDOWS\System32\GDI32.dll
0x00007ffdd23c0000 - 0x00007ffdd24cb000 	C:\WINDOWS\System32\gdi32full.dll
0x00007ffdd2790000 - 0x00007ffdd282d000 	C:\WINDOWS\System32\msvcp_win.dll
0x00007ffdd3270000 - 0x00007ffdd32a0000 	C:\WINDOWS\System32\IMM32.DLL
0x00007ffdbc460000 - 0x00007ffdbc4fd000 	D:\AndroidStudio\jre\bin\msvcp140.dll
0x00007ffd6c530000 - 0x00007ffd6cfec000 	D:\AndroidStudio\jre\bin\server\jvm.dll
0x00007ffdd2940000 - 0x00007ffdd29ec000 	C:\WINDOWS\System32\ADVAPI32.dll
0x00007ffdd30d0000 - 0x00007ffdd316b000 	C:\WINDOWS\System32\sechost.dll
0x00007ffdd38e0000 - 0x00007ffdd3a0a000 	C:\WINDOWS\System32\RPCRT4.dll
0x00007ffdd3310000 - 0x00007ffdd3318000 	C:\WINDOWS\System32\PSAPI.DLL
0x00007ffda6d30000 - 0x00007ffda6d39000 	C:\WINDOWS\SYSTEM32\WSOCK32.dll
0x00007ffdbdb60000 - 0x00007ffdbdb87000 	C:\WINDOWS\SYSTEM32\WINMM.dll
0x00007ffdcf620000 - 0x00007ffdcf62a000 	C:\WINDOWS\SYSTEM32\VERSION.dll
0x00007ffdd3d00000 - 0x00007ffdd3d6b000 	C:\WINDOWS\System32\WS2_32.dll
0x00007ffdcfe40000 - 0x00007ffdcfe52000 	C:\WINDOWS\SYSTEM32\kernel.appcore.dll
0x00007ffdc8830000 - 0x00007ffdc8841000 	D:\AndroidStudio\jre\bin\verify.dll
0x00007ffdcf7f0000 - 0x00007ffdcf9d4000 	C:\WINDOWS\SYSTEM32\DBGHELP.DLL
0x00007ffdb84a0000 - 0x00007ffdb84cc000 	C:\WINDOWS\SYSTEM32\dbgcore.DLL
0x00007ffdd2060000 - 0x00007ffdd20e3000 	C:\WINDOWS\System32\bcryptPrimitives.dll
0x00007ffdc60c0000 - 0x00007ffdc60e9000 	D:\AndroidStudio\jre\bin\java.dll
0x00007ffdcd6f0000 - 0x00007ffdcd6fb000 	D:\AndroidStudio\jre\bin\jimage.dll
0x00007ffdc8770000 - 0x00007ffdc8788000 	D:\AndroidStudio\jre\bin\zip.dll
0x00007ffdd3d70000 - 0x00007ffdd44af000 	C:\WINDOWS\System32\SHELL32.dll
0x00007ffdd0140000 - 0x00007ffdd08d1000 	C:\WINDOWS\SYSTEM32\windows.storage.dll
0x00007ffdd2d70000 - 0x00007ffdd30c5000 	C:\WINDOWS\System32\combase.dll
0x00007ffdd1a80000 - 0x00007ffdd1aac000 	C:\WINDOWS\SYSTEM32\Wldp.dll
0x00007ffdd3b20000 - 0x00007ffdd3bce000 	C:\WINDOWS\System32\SHCORE.dll
0x00007ffdd3210000 - 0x00007ffdd3265000 	C:\WINDOWS\System32\shlwapi.dll
0x00007ffdd1f50000 - 0x00007ffdd1f6f000 	C:\WINDOWS\SYSTEM32\profapi.dll
0x00007ffdc8680000 - 0x00007ffdc869a000 	D:\AndroidStudio\jre\bin\net.dll
0x00007ffdcc870000 - 0x00007ffdcc97a000 	C:\WINDOWS\SYSTEM32\WINHTTP.dll
0x00007ffdd17e0000 - 0x00007ffdd184a000 	C:\WINDOWS\system32\mswsock.dll
0x00007ffdc6b90000 - 0x00007ffdc6ba4000 	D:\AndroidStudio\jre\bin\nio.dll
0x00007ffdbd2d0000 - 0x00007ffdbd2f7000 	C:\Users\josem\.gradle\native\fdc75f09e3144964f2cf3f50f0aa648679c211496f362492102eb8c894070792\windows-amd64\native-platform.dll
0x00007ffdbd130000 - 0x00007ffdbd2c6000 	C:\Users\josem\.gradle\native\12488b8bf47d2d4c9fbf2f6322a914ad602e24e48041cd04a747c6da556b65c4\windows-amd64\native-platform-file-events.dll
0x00007ffdc60b0000 - 0x00007ffdc60ba000 	D:\AndroidStudio\jre\bin\management.dll
0x00007ffdc60a0000 - 0x00007ffdc60ac000 	D:\AndroidStudio\jre\bin\management_ext.dll
0x00007ffdd19c0000 - 0x00007ffdd19d8000 	C:\WINDOWS\SYSTEM32\CRYPTSP.dll
0x00007ffdd1110000 - 0x00007ffdd1144000 	C:\WINDOWS\system32\rsaenh.dll
0x00007ffdd2760000 - 0x00007ffdd2787000 	C:\WINDOWS\System32\bcrypt.dll
0x00007ffdd1f10000 - 0x00007ffdd1f3e000 	C:\WINDOWS\SYSTEM32\USERENV.dll
0x00007ffdd19e0000 - 0x00007ffdd19ec000 	C:\WINDOWS\SYSTEM32\CRYPTBASE.dll
0x00007ffdd1480000 - 0x00007ffdd14bb000 	C:\WINDOWS\SYSTEM32\IPHLPAPI.DLL
0x00007ffdd45c0000 - 0x00007ffdd45c8000 	C:\WINDOWS\System32\NSI.dll
0x00007ffdc75b0000 - 0x00007ffdc75c7000 	C:\WINDOWS\SYSTEM32\dhcpcsvc6.DLL
0x00007ffdc7300000 - 0x00007ffdc731d000 	C:\WINDOWS\SYSTEM32\dhcpcsvc.DLL
0x00007ffdd14d0000 - 0x00007ffdd159c000 	C:\WINDOWS\SYSTEM32\DNSAPI.dll
0x00007ffdcc990000 - 0x00007ffdcc99b000 	C:\WINDOWS\SYSTEM32\WINNSI.DLL

dbghelp: loaded successfully - version: 4.0.5 - missing functions: none
symbol engine: initialized successfully - sym options: 0x614 - pdb path: .;D:\AndroidStudio\jre\bin;C:\WINDOWS\SYSTEM32;C:\WINDOWS\WinSxS\amd64_microsoft.windows.common-controls_6595b64144ccf1df_6.0.19041.1110_none_60b5254171f9507e;D:\AndroidStudio\jre\bin\server;C:\Users\josem\.gradle\native\fdc75f09e3144964f2cf3f50f0aa648679c211496f362492102eb8c894070792\windows-amd64;C:\Users\josem\.gradle\native\12488b8bf47d2d4c9fbf2f6322a914ad602e24e48041cd04a747c6da556b65c4\windows-amd64

VM Arguments:
jvm_args: --add-opens=java.base/java.util=ALL-UNNAMED --add-opens=java.base/java.lang=ALL-UNNAMED --add-opens=java.base/java.lang.invoke=ALL-UNNAMED --add-opens=java.prefs/java.util.prefs=ALL-UNNAMED -Xmx2048m -Dfile.encoding=UTF-8 -Duser.country=HN -Duser.language=es -Duser.variant 
java_command: org.gradle.launcher.daemon.bootstrap.GradleDaemon 6.7.1
java_class_path (initial): C:\Users\josem\.gradle\wrapper\dists\gradle-6.7.1-bin\bwlcbys1h7rz3272sye1xwiv6\gradle-6.7.1\lib\gradle-launcher-6.7.1.jar
Launcher Type: SUN_STANDARD

[Global flags]
     intx CICompilerCount                          = 4                                         {product} {ergonomic}
     uint ConcGCThreads                            = 3                                         {product} {ergonomic}
     uint G1ConcRefinementThreads                  = 10                                        {product} {ergonomic}
   size_t G1HeapRegionSize                         = 1048576                                   {product} {ergonomic}
    uintx GCDrainStackTargetSize                   = 64                                        {product} {ergonomic}
   size_t InitialHeapSize                          = 132120576                                 {product} {ergonomic}
   size_t MarkStackSize                            = 4194304                                   {product} {ergonomic}
   size_t MaxHeapSize                              = 2147483648                                {product} {command line}
   size_t MaxNewSize                               = 1287651328                                {product} {ergonomic}
   size_t MinHeapDeltaBytes                        = 1048576                                   {product} {ergonomic}
    uintx NonNMethodCodeHeapSize                   = 5836300                                {pd product} {ergonomic}
    uintx NonProfiledCodeHeapSize                  = 122910970                              {pd product} {ergonomic}
    uintx ProfiledCodeHeapSize                     = 122910970                              {pd product} {ergonomic}
    uintx ReservedCodeCacheSize                    = 251658240                              {pd product} {ergonomic}
     bool SegmentedCodeCache                       = true                                      {product} {ergonomic}
     bool UseCompressedClassPointers               = true                                 {lp64_product} {ergonomic}
     bool UseCompressedOops                        = true                                 {lp64_product} {ergonomic}
     bool UseG1GC                                  = true                                      {product} {ergonomic}
     bool UseLargePagesIndividualAllocation        = false                                  {pd product} {ergonomic}

Logging:
Log output configuration:
 #0: stdout all=warning uptime,level,tags
 #1: stderr all=off uptime,level,tags

Environment Variables:
PATH=C:\Program Files (x86)\Common Files\Oracle\Java\javapath;C:\Windows\system32;C:\Windows;C:\Windows\System32\Wbem;C:\Windows\System32\WindowsPowerShell\v1.0\;C:\Windows\System32\OpenSSH\;C:\Program Files\Intel\WiFi\bin\;C:\Program Files\Common Files\Intel\WirelessCommon\;C:\WINDOWS\system32;C:\WINDOWS;C:\WINDOWS\System32\Wbem;C:\WINDOWS\System32\WindowsPowerShell\v1.0\;C:\WINDOWS\System32\OpenSSH\;D:\Git\Git\cmd;C:\Program Files\Azure Data Studio\bin;C:\Program Files\Microsoft SQL Server\Client SDK\ODBC\170\Tools\Binn\;C:\Program Files (x86)\Microsoft SQL Server\150\Tools\Binn\;C:\Program Files\Microsoft SQL Server\150\Tools\Binn\;C:\Program Files\Microsoft SQL Server\150\DTS\Binn\;C:\Program Files (x86)\Microsoft SQL Server\150\DTS\Binn\;C:\Program Files\Apache Software Foundation\Tomcat 9.0\bin;C:\Program Files\MySQL\MySQL Server 8.0\bin;C:\Program Files\MariaDB 10.6\bin;;C:\Program Files\NVIDIA Corporation\NVIDIA NvDLISR;C:\Program Files (x86)\NVIDIA Corporation\PhysX\Common;C:\Users\josem\AppData\Local\Programs\Python\Python39\Scripts\;C:\Users\josem\AppData\Local\Programs\Python\Python39\;C:\Users\josem\AppData\Local\Microsoft\WindowsApps;C:\Program Files\mingw-w64\x86_64-8.1.0-posix-seh-rt_v6-rev0\mingw64\bin;D:\Intellij\IntelliJ IDEA Community Edition 2020.3.3\bin;;C:\Program Files\Azure Data Studio\bin
USERNAME=josem
OS=Windows_NT
PROCESSOR_IDENTIFIER=Intel64 Family 6 Model 158 Stepping 10, GenuineIntel



---------------  S Y S T E M  ---------------

OS: Windows 10 , 64 bit Build 19041 (10.0.19041.1023)
OS uptime: 0 days 18:15 hours

CPU:total 12 (initial active 12) (6 cores per cpu, 2 threads per core) family 6 model 158 stepping 10, cmov, cx8, fxsr, mmx, sse, sse2, sse3, ssse3, sse4.1, sse4.2, popcnt, avx, avx2, aes, clmul, erms, 3dnowpref, lzcnt, ht, tsc, tscinvbit, bmi1, bmi2, adx, fma

Memory: 4k page, system-wide physical 8002M (369M free)
TotalPageFile size 18112M (AvailPageFile size 15M)
current process WorkingSet (physical memory assigned to process): 443M, peak: 444M
current process commit charge ("private bytes"): 484M, peak: 515M

vm_info: OpenJDK 64-Bit Server VM (11.0.8+10-b944.6842174) for windows-amd64 JRE (11.0.8+10-b944.6842174), built on Sep 19 2020 01:11:42 by "builder" with MS VC++ 14.0 (VS2015)

END.
