#
# There is insufficient memory for the Java Runtime Environment to continue.
# Native memory allocation (malloc) failed to allocate 135216 bytes for Chunk::new
# Possible reasons:
#   The system is out of physical RAM or swap space
#   The process is running with CompressedOops enabled, and the Java Heap may be blocking the growth of the native heap
# Possible solutions:
#   Reduce memory load on the system
#   Increase physical memory or swap space
#   Check if swap backing store is full
#   Decrease Java heap size (-Xmx/-Xms)
#   Decrease number of Java threads
#   Decrease Java thread stack sizes (-Xss)
#   Set larger code cache with -XX:ReservedCodeCacheSize=
#   JVM is running with Unscaled Compressed Oops mode in which the Java heap is
#     placed in the first 4GB address space. The Java Heap base address is the
#     maximum limit for the native heap growth. Please use -XX:HeapBaseMinAddress
#     to set the Java Heap base and to place the Java Heap above 4GB virtual address.
# This output file may be truncated or incomplete.
#
#  Out of Memory Error (./src/hotspot/share/memory/arena.cpp:197), pid=18996, tid=5332
#
# JRE version: OpenJDK Runtime Environment (11.0.8+10) (build 11.0.8+10-b944.6842174)
# Java VM: OpenJDK 64-Bit Server VM (11.0.8+10-b944.6842174, mixed mode, tiered, compressed oops, g1 gc, windows-amd64)
# No core dump will be written. Minidumps are not enabled by default on client versions of Windows
#

---------------  S U M M A R Y ------------

Command Line: --add-opens=java.base/java.util=ALL-UNNAMED --add-opens=java.base/java.lang=ALL-UNNAMED --add-opens=java.base/java.lang.invoke=ALL-UNNAMED --add-opens=java.prefs/java.util.prefs=ALL-UNNAMED -Xmx2048m -Dfile.encoding=UTF-8 -Duser.country=HN -Duser.language=es -Duser.variant org.gradle.launcher.daemon.bootstrap.GradleDaemon 6.7.1

Host: Intel(R) Core(TM) i7-9750H CPU @ 2.60GHz, 12 cores, 7G,  Windows 10 , 64 bit Build 19041 (10.0.19041.1023)
Time: Sat Jul 31 15:28:40 2021 Hora estándar, América Central elapsed time: 1713 seconds (0d 0h 28m 33s)

---------------  T H R E A D  ---------------

Current thread (0x00000170ca7d0000):  JavaThread "C2 CompilerThread2" daemon [_thread_in_native, id=5332, stack(0x0000005330900000,0x0000005330a00000)]


Current CompileTask:
C2:1713920 16134       4       org.gradle.api.internal.tasks.compile.incremental.deps.ClassSetAnalysisData$Serializer::readClassName (63 bytes)

Stack: [0x0000005330900000,0x0000005330a00000]
Native frames: (J=compiled Java code, j=interpreted, Vv=VM code, C=native code)
V  [jvm.dll+0x5de50a]
V  [jvm.dll+0x7122f5]
V  [jvm.dll+0x71384d]
V  [jvm.dll+0x713f03]
V  [jvm.dll+0x23e728]
V  [jvm.dll+0xb899c]
V  [jvm.dll+0xb8e9c]
V  [jvm.dll+0x35020b]
V  [jvm.dll+0x193ebc]
V  [jvm.dll+0x1f780e]
V  [jvm.dll+0x1f68d4]
V  [jvm.dll+0x17f32c]
V  [jvm.dll+0x205047]
V  [jvm.dll+0x203891]
V  [jvm.dll+0x6dad3f]
V  [jvm.dll+0x6d3895]
V  [jvm.dll+0x5dd4a6]
C  [ucrtbase.dll+0x21bb2]
C  [KERNEL32.DLL+0x17034]
C  [ntdll.dll+0x52651]


---------------  P R O C E S S  ---------------

Threads class SMR info:
_java_thread_list=0x00000170ca626f00, length=192, elements={
0x00000170ad319000, 0x00000170c7a68800, 0x00000170c7a6a800, 0x00000170c8404800,
0x00000170c8406000, 0x00000170c8407000, 0x00000170c7a7e000, 0x00000170c7a86000,
0x00000170c855b800, 0x00000170c855e000, 0x00000170cab20800, 0x00000170caad8800,
0x00000170c880a000, 0x00000170ca1a1800, 0x00000170ca1a6800, 0x00000170ca1a2800,
0x00000170ce237000, 0x00000170ce23c800, 0x00000170ce1f4000, 0x00000170ce1f1000,
0x00000170ce1f5000, 0x00000170ce1f1800, 0x00000170ce1f3800, 0x00000170ce1f6000,
0x00000170ce1f6800, 0x00000170ce1f8800, 0x00000170ce1f7800, 0x00000170ce1f2800,
0x00000170ce1ff000, 0x00000170ce1fc800, 0x00000170ce1fb800, 0x00000170ce1fd000,
0x00000170ce1ff800, 0x00000170ce1fa800, 0x00000170ce23b800, 0x00000170ce238800,
0x00000170ce241800, 0x00000170ce243000, 0x00000170ce240800, 0x00000170ce240000,
0x00000170ce242800, 0x00000170ce23f000, 0x00000170ce23e000, 0x00000170ce244000,
0x00000170ce244800, 0x00000170ce245800, 0x00000170ca1a4000, 0x00000170ca1a3000,
0x00000170ca1a4800, 0x00000170ca1a7000, 0x00000170ca1a5800, 0x00000170ca1a8000,
0x00000170c92df800, 0x00000170c92e0800, 0x00000170c92dd000, 0x00000170c92e3800,
0x00000170c92de000, 0x00000170c92e2000, 0x00000170c92e4800, 0x00000170c92e1000,
0x00000170c92e3000, 0x00000170c92de800, 0x00000170c92e6000, 0x00000170c92e7000,
0x00000170c92eb000, 0x00000170c92e5000, 0x00000170c92ec000, 0x00000170c92e8800,
0x00000170c92e7800, 0x00000170c92e9800, 0x00000170c92ea000, 0x00000170d2e83800,
0x00000170d2e85000, 0x00000170d2e88800, 0x00000170d2e87000, 0x00000170d2e89000,
0x00000170d2e8a000, 0x00000170d2e84800, 0x00000170d2e87800, 0x00000170d2e86000,
0x00000170cf654800, 0x00000170cf650800, 0x00000170cf64f800, 0x00000170cf654000,
0x00000170cf651800, 0x00000170cf652000, 0x00000170cf64f000, 0x00000170cf653000,
0x00000170cf655800, 0x00000170d47b7800, 0x00000170d47b7000, 0x00000170d47bb000,
0x00000170d47b5000, 0x00000170d47b8800, 0x00000170d47bb800, 0x00000170d47b9000,
0x00000170d47ba000, 0x00000170d47b6000, 0x00000170d47bc800, 0x00000170d47c0800,
0x00000170d47c0000, 0x00000170d47bd800, 0x00000170d47bf000, 0x00000170d47be000,
0x00000170d47c3000, 0x00000170d47c1800, 0x00000170d47c2000, 0x00000170d47c4000,
0x00000170d2bb7000, 0x00000170d2bbb800, 0x00000170d2bba800, 0x00000170d2bbd000,
0x00000170d2bb9000, 0x00000170d2bbd800, 0x00000170d2bbc000, 0x00000170d2bb8000,
0x00000170d2bbe800, 0x00000170d2bbf800, 0x00000170d2bb9800, 0x00000170d2bc1000,
0x00000170d2bc2000, 0x00000170d2bc2800, 0x00000170d2bc5000, 0x00000170d2bc0000,
0x00000170d2bc4800, 0x00000170d2bc3800, 0x00000170d2bc6000, 0x00000170cc6be800,
0x00000170cc6bd000, 0x00000170cc6bb800, 0x00000170cc6bc000, 0x00000170cc6be000,
0x00000170cc6bf800, 0x00000170cc6ba000, 0x00000170cc6ba800, 0x00000170cc6c5000,
0x00000170cc6c1000, 0x00000170cc6c6000, 0x00000170cc6c0800, 0x00000170cc6c2000,
0x00000170cc6c7000, 0x00000170cc6c7800, 0x00000170cc6c8800, 0x00000170cc6c3000,
0x00000170cc6c3800, 0x00000170cc6c4800, 0x00000170d2de9000, 0x00000170d2de3000,
0x00000170d2de7800, 0x00000170d2de5800, 0x00000170d2de8000, 0x00000170d2de4000,
0x00000170d2de9800, 0x00000170d2dea800, 0x00000170d2de5000, 0x00000170d2deb800,
0x00000170d2dec000, 0x00000170d2de6800, 0x00000170d2dee000, 0x00000170d2df0000,
0x00000170d2ded000, 0x00000170d2def800, 0x00000170d2dee800, 0x00000170d2df1000,
0x00000170d2df2000, 0x00000170d4949000, 0x00000170d4948000, 0x00000170d4949800,
0x00000170d494a800, 0x00000170d4947800, 0x00000170d494e800, 0x00000170d494f800,
0x00000170d494e000, 0x00000170d4950800, 0x00000170d4951000, 0x00000170d494b800,
0x00000170d494d000, 0x00000170d4952000, 0x00000170d4952800, 0x00000170d494c000,
0x00000170d4955000, 0x00000170ce1fe000, 0x00000170ce1fa000, 0x00000170d4953800,
0x00000170ce23d800, 0x00000170ca7d3800, 0x00000170ca7d2000, 0x00000170ca7d4800,
0x00000170ca7d6800, 0x00000170ca7d5000, 0x00000170ca7d2800, 0x00000170ca7d0000
}

Java Threads: ( => current thread )
  0x00000170ad319000 JavaThread "main" [_thread_blocked, id=7796, stack(0x0000005323900000,0x0000005323a00000)]
  0x00000170c7a68800 JavaThread "Reference Handler" daemon [_thread_blocked, id=17300, stack(0x0000005324000000,0x0000005324100000)]
  0x00000170c7a6a800 JavaThread "Finalizer" daemon [_thread_blocked, id=7944, stack(0x0000005324100000,0x0000005324200000)]
  0x00000170c8404800 JavaThread "Signal Dispatcher" daemon [_thread_blocked, id=19312, stack(0x0000005324200000,0x0000005324300000)]
  0x00000170c8406000 JavaThread "Attach Listener" daemon [_thread_blocked, id=13064, stack(0x0000005324300000,0x0000005324400000)]
  0x00000170c8407000 JavaThread "C2 CompilerThread0" daemon [_thread_blocked, id=17316, stack(0x0000005324400000,0x0000005324500000)]
  0x00000170c7a7e000 JavaThread "C1 CompilerThread0" daemon [_thread_blocked, id=19916, stack(0x0000005324500000,0x0000005324600000)]
  0x00000170c7a86000 JavaThread "Sweeper thread" daemon [_thread_blocked, id=16004, stack(0x0000005324600000,0x0000005324700000)]
  0x00000170c855b800 JavaThread "Common-Cleaner" daemon [_thread_blocked, id=21812, stack(0x0000005324700000,0x0000005324800000)]
  0x00000170c855e000 JavaThread "Service Thread" daemon [_thread_blocked, id=6016, stack(0x0000005324800000,0x0000005324900000)]
  0x00000170cab20800 JavaThread "Daemon health stats" [_thread_blocked, id=7032, stack(0x0000005324e00000,0x0000005324f00000)]
  0x00000170caad8800 JavaThread "Incoming local TCP Connector on port 60502" [_thread_in_native, id=19540, stack(0x0000005324f00000,0x0000005325000000)]
  0x00000170c880a000 JavaThread "Daemon periodic checks" [_thread_blocked, id=9016, stack(0x0000005325000000,0x0000005325100000)]
  0x00000170ca1a1800 JavaThread "Cache worker for file hash cache (C:\Users\josem\.gradle\caches\6.7.1\fileHashes)" [_thread_blocked, id=4280, stack(0x0000005325f00000,0x0000005326000000)]
  0x00000170ca1a6800 JavaThread "File lock request listener" [_thread_in_native, id=15624, stack(0x0000005326000000,0x0000005326100000)]
  0x00000170ca1a2800 JavaThread "Cache worker for journal cache (C:\Users\josem\.gradle\caches\journal-1)" [_thread_blocked, id=15888, stack(0x0000005326300000,0x0000005326400000)]
  0x00000170ce237000 JavaThread "Cache worker for execution history cache (C:\Users\josem\.gradle\caches\6.7.1\executionHistory)" [_thread_blocked, id=21280, stack(0x0000005327f00000,0x0000005328000000)]
  0x00000170ce23c800 JavaThread "Cache worker for file content cache (C:\Users\josem\.gradle\caches\6.7.1\fileContent)" [_thread_blocked, id=4080, stack(0x0000005328000000,0x0000005328100000)]
  0x00000170ce1f4000 JavaThread "Memory manager" [_thread_blocked, id=22640, stack(0x000000532ef00000,0x000000532f000000)]
  0x00000170ce1f1000 JavaThread "pool-3-thread-1" [_thread_blocked, id=14908, stack(0x000000532f000000,0x000000532f100000)]
  0x00000170ce1f5000 JavaThread "Daemon Thread 2" [_thread_blocked, id=19776, stack(0x0000005323600000,0x0000005323700000)]
  0x00000170ce1f1800 JavaThread "Handler for socket connection from /127.0.0.1:60502 to /127.0.0.1:60778" [_thread_in_native, id=14152, stack(0x0000005323700000,0x0000005323800000)]
  0x00000170ce1f3800 JavaThread "Cancel handler" [_thread_blocked, id=20328, stack(0x0000005323800000,0x0000005323900000)]
  0x00000170ce1f6000 JavaThread "Daemon worker Thread 2" [_thread_blocked, id=8636, stack(0x0000005324a00000,0x0000005324b00000)]
  0x00000170ce1f6800 JavaThread "Asynchronous log dispatcher for DefaultDaemonConnection: socket connection from /127.0.0.1:60502 to /127.0.0.1:60778" [_thread_blocked, id=14648, stack(0x0000005324d00000,0x0000005324e00000)]
  0x00000170ce1f8800 JavaThread "Stdin handler" [_thread_blocked, id=22656, stack(0x0000005325100000,0x0000005325200000)]
  0x00000170ce1f7800 JavaThread "Thread-167" [_thread_blocked, id=18008, stack(0x0000005325200000,0x0000005325300000)]
  0x00000170ce1f2800 JavaThread "Cache worker for file hash cache (D:\Dispositivos moviles\Tercer Parcial\PDM_2021_II_P3_PROYECTO3\.gradle\6.7.1\fileHashes)" [_thread_blocked, id=9108, stack(0x0000005325300000,0x0000005325400000)]
  0x00000170ce1ff000 JavaThread "Cache worker for checksums cache (D:\Dispositivos moviles\Tercer Parcial\PDM_2021_II_P3_PROYECTO3\.gradle\checksums)" [_thread_blocked, id=10860, stack(0x0000005325400000,0x0000005325500000)]
  0x00000170ce1fc800 JavaThread "Cache worker for cache directory md-supplier (C:\Users\josem\.gradle\caches\6.7.1\md-supplier)" [_thread_blocked, id=15224, stack(0x0000005325500000,0x0000005325600000)]
  0x00000170ce1fb800 JavaThread "Cache worker for cache directory md-rule (C:\Users\josem\.gradle\caches\6.7.1\md-rule)" [_thread_blocked, id=11944, stack(0x0000005325600000,0x0000005325700000)]
  0x00000170ce1fd000 JavaThread "Cache worker for Build Output Cleanup Cache (D:\Dispositivos moviles\Tercer Parcial\PDM_2021_II_P3_PROYECTO3\.gradle\buildOutputCleanup)" [_thread_blocked, id=16332, stack(0x0000005326400000,0x0000005326500000)]
  0x00000170ce1ff800 JavaThread "Build operations" [_thread_blocked, id=4944, stack(0x0000005326600000,0x0000005326700000)]
  0x00000170ce1fa800 JavaThread "Build operations Thread 2" [_thread_blocked, id=22620, stack(0x0000005326700000,0x0000005326800000)]
  0x00000170ce23b800 JavaThread "Build operations Thread 3" [_thread_blocked, id=4372, stack(0x0000005326800000,0x0000005326900000)]
  0x00000170ce238800 JavaThread "Build operations Thread 4" [_thread_blocked, id=4760, stack(0x0000005326900000,0x0000005326a00000)]
  0x00000170ce241800 JavaThread "Build operations Thread 5" [_thread_blocked, id=7660, stack(0x0000005326a00000,0x0000005326b00000)]
  0x00000170ce243000 JavaThread "Build operations Thread 6" [_thread_blocked, id=7088, stack(0x0000005326b00000,0x0000005326c00000)]
  0x00000170ce240800 JavaThread "Build operations Thread 7" [_thread_blocked, id=13768, stack(0x0000005326c00000,0x0000005326d00000)]
  0x00000170ce240000 JavaThread "Build operations Thread 8" [_thread_blocked, id=6608, stack(0x0000005326d00000,0x0000005326e00000)]
  0x00000170ce242800 JavaThread "Build operations Thread 9" [_thread_blocked, id=13144, stack(0x0000005326e00000,0x0000005326f00000)]
  0x00000170ce23f000 JavaThread "Build operations Thread 10" [_thread_blocked, id=6124, stack(0x0000005326f00000,0x0000005327000000)]
  0x00000170ce23e000 JavaThread "Build operations Thread 11" [_thread_blocked, id=20956, stack(0x0000005327000000,0x0000005327100000)]
  0x00000170ce244000 JavaThread "Build operations Thread 12" [_thread_blocked, id=13644, stack(0x0000005327100000,0x0000005327200000)]
  0x00000170ce244800 JavaThread "jar transforms Thread 120" [_thread_blocked, id=20976, stack(0x0000005327200000,0x0000005327300000)]
  0x00000170ce245800 JavaThread "jar transforms Thread 121" [_thread_blocked, id=3436, stack(0x0000005327300000,0x0000005327400000)]
  0x00000170ca1a4000 JavaThread "jar transforms Thread 122" [_thread_blocked, id=22212, stack(0x0000005327400000,0x0000005327500000)]
  0x00000170ca1a3000 JavaThread "jar transforms Thread 123" [_thread_blocked, id=14228, stack(0x0000005327500000,0x0000005327600000)]
  0x00000170ca1a4800 JavaThread "jar transforms Thread 124" [_thread_blocked, id=6436, stack(0x0000005327600000,0x0000005327700000)]
  0x00000170ca1a7000 JavaThread "jar transforms Thread 125" [_thread_blocked, id=16416, stack(0x0000005327700000,0x0000005327800000)]
  0x00000170ca1a5800 JavaThread "jar transforms Thread 126" [_thread_blocked, id=11016, stack(0x0000005327800000,0x0000005327900000)]
  0x00000170ca1a8000 JavaThread "jar transforms Thread 127" [_thread_blocked, id=3996, stack(0x0000005327900000,0x0000005327a00000)]
  0x00000170c92df800 JavaThread "jar transforms Thread 128" [_thread_blocked, id=20192, stack(0x0000005327a00000,0x0000005327b00000)]
  0x00000170c92e0800 JavaThread "jar transforms Thread 129" [_thread_blocked, id=12984, stack(0x0000005327b00000,0x0000005327c00000)]
  0x00000170c92dd000 JavaThread "jar transforms Thread 130" [_thread_blocked, id=12960, stack(0x0000005327c00000,0x0000005327d00000)]
  0x00000170c92e3800 JavaThread "jar transforms Thread 131" [_thread_blocked, id=21612, stack(0x0000005327d00000,0x0000005327e00000)]
  0x00000170c92de000 JavaThread "jar transforms Thread 132" [_thread_blocked, id=21024, stack(0x0000005327e00000,0x0000005327f00000)]
  0x00000170c92e2000 JavaThread "jar transforms Thread 133" [_thread_blocked, id=16700, stack(0x0000005328100000,0x0000005328200000)]
  0x00000170c92e4800 JavaThread "jar transforms Thread 134" [_thread_blocked, id=3696, stack(0x0000005328200000,0x0000005328300000)]
  0x00000170c92e1000 JavaThread "jar transforms Thread 135" [_thread_blocked, id=16424, stack(0x0000005328300000,0x0000005328400000)]
  0x00000170c92e3000 JavaThread "jar transforms Thread 136" [_thread_blocked, id=13024, stack(0x0000005328400000,0x0000005328500000)]
  0x00000170c92de800 JavaThread "jar transforms Thread 137" [_thread_blocked, id=23272, stack(0x0000005328500000,0x0000005328600000)]
  0x00000170c92e6000 JavaThread "jar transforms Thread 138" [_thread_blocked, id=12372, stack(0x0000005328600000,0x0000005328700000)]
  0x00000170c92e7000 JavaThread "jar transforms Thread 139" [_thread_blocked, id=4176, stack(0x0000005328700000,0x0000005328800000)]
  0x00000170c92eb000 JavaThread "jar transforms Thread 140" [_thread_blocked, id=4920, stack(0x0000005328800000,0x0000005328900000)]
  0x00000170c92e5000 JavaThread "jar transforms Thread 141" [_thread_blocked, id=12116, stack(0x0000005328900000,0x0000005328a00000)]
  0x00000170c92ec000 JavaThread "jar transforms Thread 142" [_thread_blocked, id=14064, stack(0x0000005328a00000,0x0000005328b00000)]
  0x00000170c92e8800 JavaThread "jar transforms Thread 143" [_thread_blocked, id=13752, stack(0x0000005328b00000,0x0000005328c00000)]
  0x00000170c92e7800 JavaThread "jar transforms Thread 144" [_thread_blocked, id=18180, stack(0x0000005328c00000,0x0000005328d00000)]
  0x00000170c92e9800 JavaThread "jar transforms Thread 145" [_thread_blocked, id=2452, stack(0x0000005328d00000,0x0000005328e00000)]
  0x00000170c92ea000 JavaThread "jar transforms Thread 146" [_thread_blocked, id=13484, stack(0x0000005328e00000,0x0000005328f00000)]
  0x00000170d2e83800 JavaThread "jar transforms Thread 147" [_thread_blocked, id=520, stack(0x0000005328f00000,0x0000005329000000)]
  0x00000170d2e85000 JavaThread "jar transforms Thread 148" [_thread_blocked, id=23124, stack(0x0000005329000000,0x0000005329100000)]
  0x00000170d2e88800 JavaThread "jar transforms Thread 149" [_thread_blocked, id=5508, stack(0x0000005329100000,0x0000005329200000)]
  0x00000170d2e87000 JavaThread "jar transforms Thread 150" [_thread_blocked, id=17576, stack(0x0000005329200000,0x0000005329300000)]
  0x00000170d2e89000 JavaThread "jar transforms Thread 151" [_thread_blocked, id=16508, stack(0x0000005329300000,0x0000005329400000)]
  0x00000170d2e8a000 JavaThread "jar transforms Thread 152" [_thread_blocked, id=15632, stack(0x0000005329400000,0x0000005329500000)]
  0x00000170d2e84800 JavaThread "jar transforms Thread 153" [_thread_blocked, id=10272, stack(0x0000005329500000,0x0000005329600000)]
  0x00000170d2e87800 JavaThread "jar transforms Thread 154" [_thread_blocked, id=21584, stack(0x0000005329600000,0x0000005329700000)]
  0x00000170d2e86000 JavaThread "jar transforms Thread 155" [_thread_blocked, id=22288, stack(0x0000005329700000,0x0000005329800000)]
  0x00000170cf654800 JavaThread "jar transforms Thread 156" [_thread_blocked, id=6220, stack(0x0000005329800000,0x0000005329900000)]
  0x00000170cf650800 JavaThread "jar transforms Thread 157" [_thread_blocked, id=23304, stack(0x0000005329900000,0x0000005329a00000)]
  0x00000170cf64f800 JavaThread "jar transforms Thread 158" [_thread_blocked, id=17256, stack(0x0000005329a00000,0x0000005329b00000)]
  0x00000170cf654000 JavaThread "jar transforms Thread 159" [_thread_blocked, id=5728, stack(0x0000005329b00000,0x0000005329c00000)]
  0x00000170cf651800 JavaThread "jar transforms Thread 160" [_thread_blocked, id=6604, stack(0x0000005329c00000,0x0000005329d00000)]
  0x00000170cf652000 JavaThread "jar transforms Thread 161" [_thread_blocked, id=5324, stack(0x0000005329d00000,0x0000005329e00000)]
  0x00000170cf64f000 JavaThread "jar transforms Thread 162" [_thread_blocked, id=11308, stack(0x0000005329e00000,0x0000005329f00000)]
  0x00000170cf653000 JavaThread "jar transforms Thread 163" [_thread_blocked, id=22004, stack(0x0000005329f00000,0x000000532a000000)]
  0x00000170cf655800 JavaThread "jar transforms Thread 164" [_thread_blocked, id=14436, stack(0x000000532a000000,0x000000532a100000)]
  0x00000170d47b7800 JavaThread "jar transforms Thread 165" [_thread_blocked, id=15188, stack(0x000000532a100000,0x000000532a200000)]
  0x00000170d47b7000 JavaThread "jar transforms Thread 166" [_thread_blocked, id=12432, stack(0x000000532a200000,0x000000532a300000)]
  0x00000170d47bb000 JavaThread "jar transforms Thread 167" [_thread_blocked, id=14892, stack(0x000000532a300000,0x000000532a400000)]
  0x00000170d47b5000 JavaThread "jar transforms Thread 168" [_thread_blocked, id=12616, stack(0x000000532a400000,0x000000532a500000)]
  0x00000170d47b8800 JavaThread "jar transforms Thread 169" [_thread_blocked, id=2880, stack(0x000000532a500000,0x000000532a600000)]
  0x00000170d47bb800 JavaThread "jar transforms Thread 170" [_thread_blocked, id=13856, stack(0x000000532a600000,0x000000532a700000)]
  0x00000170d47b9000 JavaThread "jar transforms Thread 171" [_thread_blocked, id=1548, stack(0x000000532a700000,0x000000532a800000)]
  0x00000170d47ba000 JavaThread "jar transforms Thread 172" [_thread_blocked, id=6904, stack(0x000000532a800000,0x000000532a900000)]
  0x00000170d47b6000 JavaThread "jar transforms Thread 173" [_thread_blocked, id=14452, stack(0x000000532a900000,0x000000532aa00000)]
  0x00000170d47bc800 JavaThread "jar transforms Thread 174" [_thread_blocked, id=1656, stack(0x000000532aa00000,0x000000532ab00000)]
  0x00000170d47c0800 JavaThread "jar transforms Thread 175" [_thread_blocked, id=19804, stack(0x000000532ab00000,0x000000532ac00000)]
  0x00000170d47c0000 JavaThread "jar transforms Thread 176" [_thread_blocked, id=1896, stack(0x000000532ac00000,0x000000532ad00000)]
  0x00000170d47bd800 JavaThread "jar transforms Thread 177" [_thread_blocked, id=18068, stack(0x000000532ad00000,0x000000532ae00000)]
  0x00000170d47bf000 JavaThread "jar transforms Thread 178" [_thread_blocked, id=11968, stack(0x000000532ae00000,0x000000532af00000)]
  0x00000170d47be000 JavaThread "jar transforms Thread 179" [_thread_blocked, id=14796, stack(0x000000532af00000,0x000000532b000000)]
  0x00000170d47c3000 JavaThread "jar transforms Thread 180" [_thread_blocked, id=10268, stack(0x000000532b000000,0x000000532b100000)]
  0x00000170d47c1800 JavaThread "jar transforms Thread 181" [_thread_blocked, id=13512, stack(0x000000532b100000,0x000000532b200000)]
  0x00000170d47c2000 JavaThread "jar transforms Thread 182" [_thread_blocked, id=21284, stack(0x000000532b200000,0x000000532b300000)]
  0x00000170d47c4000 JavaThread "jar transforms Thread 183" [_thread_blocked, id=22612, stack(0x000000532b300000,0x000000532b400000)]
  0x00000170d2bb7000 JavaThread "jar transforms Thread 184" [_thread_blocked, id=4208, stack(0x000000532b400000,0x000000532b500000)]
  0x00000170d2bbb800 JavaThread "jar transforms Thread 185" [_thread_blocked, id=5788, stack(0x000000532b500000,0x000000532b600000)]
  0x00000170d2bba800 JavaThread "jar transforms Thread 186" [_thread_blocked, id=15332, stack(0x000000532b600000,0x000000532b700000)]
  0x00000170d2bbd000 JavaThread "jar transforms Thread 187" [_thread_blocked, id=2936, stack(0x000000532b700000,0x000000532b800000)]
  0x00000170d2bb9000 JavaThread "jar transforms Thread 188" [_thread_blocked, id=9936, stack(0x000000532b800000,0x000000532b900000)]
  0x00000170d2bbd800 JavaThread "jar transforms Thread 189" [_thread_blocked, id=21412, stack(0x000000532b900000,0x000000532ba00000)]
  0x00000170d2bbc000 JavaThread "jar transforms Thread 190" [_thread_blocked, id=22364, stack(0x000000532ba00000,0x000000532bb00000)]
  0x00000170d2bb8000 JavaThread "jar transforms Thread 191" [_thread_blocked, id=20508, stack(0x000000532bb00000,0x000000532bc00000)]
  0x00000170d2bbe800 JavaThread "jar transforms Thread 192" [_thread_blocked, id=992, stack(0x000000532bc00000,0x000000532bd00000)]
  0x00000170d2bbf800 JavaThread "jar transforms Thread 193" [_thread_blocked, id=13728, stack(0x000000532bd00000,0x000000532be00000)]
  0x00000170d2bb9800 JavaThread "jar transforms Thread 194" [_thread_blocked, id=23492, stack(0x000000532be00000,0x000000532bf00000)]
  0x00000170d2bc1000 JavaThread "jar transforms Thread 195" [_thread_blocked, id=2224, stack(0x000000532bf00000,0x000000532c000000)]
  0x00000170d2bc2000 JavaThread "jar transforms Thread 196" [_thread_blocked, id=14408, stack(0x000000532c000000,0x000000532c100000)]
  0x00000170d2bc2800 JavaThread "jar transforms Thread 197" [_thread_blocked, id=21408, stack(0x000000532c100000,0x000000532c200000)]
  0x00000170d2bc5000 JavaThread "jar transforms Thread 198" [_thread_blocked, id=5836, stack(0x000000532c200000,0x000000532c300000)]
  0x00000170d2bc0000 JavaThread "jar transforms Thread 199" [_thread_blocked, id=23052, stack(0x000000532c300000,0x000000532c400000)]
  0x00000170d2bc4800 JavaThread "jar transforms Thread 200" [_thread_blocked, id=20768, stack(0x000000532c400000,0x000000532c500000)]
  0x00000170d2bc3800 JavaThread "jar transforms Thread 201" [_thread_blocked, id=21872, stack(0x000000532c500000,0x000000532c600000)]
  0x00000170d2bc6000 JavaThread "jar transforms Thread 202" [_thread_blocked, id=21760, stack(0x000000532c600000,0x000000532c700000)]
  0x00000170cc6be800 JavaThread "jar transforms Thread 203" [_thread_blocked, id=3980, stack(0x000000532c700000,0x000000532c800000)]
  0x00000170cc6bd000 JavaThread "jar transforms Thread 204" [_thread_blocked, id=13740, stack(0x000000532c800000,0x000000532c900000)]
  0x00000170cc6bb800 JavaThread "jar transforms Thread 205" [_thread_blocked, id=5480, stack(0x000000532c900000,0x000000532ca00000)]
  0x00000170cc6bc000 JavaThread "jar transforms Thread 206" [_thread_blocked, id=13748, stack(0x000000532ca00000,0x000000532cb00000)]
  0x00000170cc6be000 JavaThread "jar transforms Thread 207" [_thread_blocked, id=17932, stack(0x000000532cb00000,0x000000532cc00000)]
  0x00000170cc6bf800 JavaThread "jar transforms Thread 208" [_thread_blocked, id=17216, stack(0x000000532cc00000,0x000000532cd00000)]
  0x00000170cc6ba000 JavaThread "jar transforms Thread 209" [_thread_blocked, id=4512, stack(0x000000532cd00000,0x000000532ce00000)]
  0x00000170cc6ba800 JavaThread "jar transforms Thread 210" [_thread_blocked, id=17276, stack(0x000000532ce00000,0x000000532cf00000)]
  0x00000170cc6c5000 JavaThread "jar transforms Thread 211" [_thread_blocked, id=17864, stack(0x000000532cf00000,0x000000532d000000)]
  0x00000170cc6c1000 JavaThread "jar transforms Thread 212" [_thread_blocked, id=9396, stack(0x000000532d000000,0x000000532d100000)]
  0x00000170cc6c6000 JavaThread "jar transforms Thread 213" [_thread_blocked, id=11720, stack(0x000000532d100000,0x000000532d200000)]
  0x00000170cc6c0800 JavaThread "jar transforms Thread 214" [_thread_blocked, id=20996, stack(0x000000532d200000,0x000000532d300000)]
  0x00000170cc6c2000 JavaThread "jar transforms Thread 215" [_thread_blocked, id=8844, stack(0x000000532d300000,0x000000532d400000)]
  0x00000170cc6c7000 JavaThread "jar transforms Thread 216" [_thread_blocked, id=10104, stack(0x000000532d400000,0x000000532d500000)]
  0x00000170cc6c7800 JavaThread "jar transforms Thread 217" [_thread_blocked, id=17144, stack(0x000000532d500000,0x000000532d600000)]
  0x00000170cc6c8800 JavaThread "jar transforms Thread 218" [_thread_blocked, id=22008, stack(0x000000532d600000,0x000000532d700000)]
  0x00000170cc6c3000 JavaThread "jar transforms Thread 219" [_thread_blocked, id=2500, stack(0x000000532d700000,0x000000532d800000)]
  0x00000170cc6c3800 JavaThread "jar transforms Thread 220" [_thread_blocked, id=15344, stack(0x000000532d800000,0x000000532d900000)]
  0x00000170cc6c4800 JavaThread "jar transforms Thread 221" [_thread_blocked, id=10720, stack(0x000000532d900000,0x000000532da00000)]
  0x00000170d2de9000 JavaThread "jar transforms Thread 222" [_thread_blocked, id=7116, stack(0x000000532da00000,0x000000532db00000)]
  0x00000170d2de3000 JavaThread "jar transforms Thread 223" [_thread_blocked, id=3520, stack(0x000000532db00000,0x000000532dc00000)]
  0x00000170d2de7800 JavaThread "jar transforms Thread 224" [_thread_blocked, id=4436, stack(0x000000532dc00000,0x000000532dd00000)]
  0x00000170d2de5800 JavaThread "jar transforms Thread 225" [_thread_blocked, id=23196, stack(0x000000532dd00000,0x000000532de00000)]
  0x00000170d2de8000 JavaThread "jar transforms Thread 226" [_thread_blocked, id=16444, stack(0x000000532de00000,0x000000532df00000)]
  0x00000170d2de4000 JavaThread "jar transforms Thread 227" [_thread_blocked, id=7132, stack(0x000000532df00000,0x000000532e000000)]
  0x00000170d2de9800 JavaThread "jar transforms Thread 228" [_thread_blocked, id=17644, stack(0x000000532e000000,0x000000532e100000)]
  0x00000170d2dea800 JavaThread "jar transforms Thread 229" [_thread_blocked, id=16344, stack(0x000000532e100000,0x000000532e200000)]
  0x00000170d2de5000 JavaThread "jar transforms Thread 230" [_thread_blocked, id=20732, stack(0x000000532e200000,0x000000532e300000)]
  0x00000170d2deb800 JavaThread "jar transforms Thread 231" [_thread_blocked, id=11776, stack(0x000000532e300000,0x000000532e400000)]
  0x00000170d2dec000 JavaThread "jar transforms Thread 232" [_thread_blocked, id=22980, stack(0x000000532e400000,0x000000532e500000)]
  0x00000170d2de6800 JavaThread "jar transforms Thread 233" [_thread_blocked, id=2012, stack(0x000000532e500000,0x000000532e600000)]
  0x00000170d2dee000 JavaThread "jar transforms Thread 234" [_thread_blocked, id=4084, stack(0x000000532e600000,0x000000532e700000)]
  0x00000170d2df0000 JavaThread "jar transforms Thread 235" [_thread_blocked, id=20752, stack(0x000000532e700000,0x000000532e800000)]
  0x00000170d2ded000 JavaThread "jar transforms Thread 236" [_thread_blocked, id=17896, stack(0x000000532e800000,0x000000532e900000)]
  0x00000170d2def800 JavaThread "jar transforms Thread 237" [_thread_blocked, id=2436, stack(0x000000532e900000,0x000000532ea00000)]
  0x00000170d2dee800 JavaThread "jar transforms Thread 238" [_thread_blocked, id=6088, stack(0x000000532ea00000,0x000000532eb00000)]
  0x00000170d2df1000 JavaThread "build event listener" [_thread_blocked, id=14960, stack(0x000000532eb00000,0x000000532ec00000)]
  0x00000170d2df2000 JavaThread "pool-6-thread-1" [_thread_blocked, id=488, stack(0x000000532ec00000,0x000000532ed00000)]
  0x00000170d4949000 JavaThread "build event listener" [_thread_blocked, id=18052, stack(0x000000532ed00000,0x000000532ee00000)]
  0x00000170d4948000 JavaThread "Execution worker for ':'" [_thread_blocked, id=7436, stack(0x000000532ee00000,0x000000532ef00000)]
  0x00000170d4949800 JavaThread "Execution worker for ':' Thread 2" [_thread_blocked, id=19724, stack(0x000000532f100000,0x000000532f200000)]
  0x00000170d494a800 JavaThread "Execution worker for ':' Thread 3" [_thread_blocked, id=15956, stack(0x000000532f200000,0x000000532f300000)]
  0x00000170d4947800 JavaThread "Execution worker for ':' Thread 4" [_thread_blocked, id=21756, stack(0x000000532f300000,0x000000532f400000)]
  0x00000170d494e800 JavaThread "Execution worker for ':' Thread 5" [_thread_blocked, id=12764, stack(0x000000532f400000,0x000000532f500000)]
  0x00000170d494f800 JavaThread "Execution worker for ':' Thread 6" [_thread_blocked, id=22424, stack(0x000000532f500000,0x000000532f600000)]
  0x00000170d494e000 JavaThread "Execution worker for ':' Thread 7" [_thread_blocked, id=12000, stack(0x000000532f600000,0x000000532f700000)]
  0x00000170d4950800 JavaThread "Execution worker for ':' Thread 8" [_thread_blocked, id=16056, stack(0x000000532f700000,0x000000532f800000)]
  0x00000170d4951000 JavaThread "Execution worker for ':' Thread 9" [_thread_blocked, id=10208, stack(0x000000532f800000,0x000000532f900000)]
  0x00000170d494b800 JavaThread "Execution worker for ':' Thread 10" [_thread_blocked, id=4552, stack(0x000000532f900000,0x000000532fa00000)]
  0x00000170d494d000 JavaThread "Execution worker for ':' Thread 11" [_thread_blocked, id=18916, stack(0x000000532fa00000,0x000000532fb00000)]
  0x00000170d4952000 JavaThread "Cache worker for execution history cache (D:\Dispositivos moviles\Tercer Parcial\PDM_2021_II_P3_PROYECTO3\.gradle\6.7.1\executionHistory)" [_thread_blocked, id=21648, stack(0x000000532fb00000,0x000000532fc00000)]
  0x00000170d4952800 JavaThread "WorkerExecutor Queue" [_thread_blocked, id=15036, stack(0x000000532fe00000,0x000000532ff00000)]
  0x00000170d494c000 JavaThread "WorkerExecutor Queue Thread 2" [_thread_blocked, id=13252, stack(0x0000005325700000,0x0000005325800000)]
  0x00000170d4955000 JavaThread "pool-7-thread-1" [_thread_blocked, id=22836, stack(0x0000005330100000,0x0000005330200000)]
  0x00000170ce1fe000 JavaThread "stderr" [_thread_in_native, id=23480, stack(0x0000005330200000,0x0000005330300000)]
  0x00000170ce1fa000 JavaThread "stdout" [_thread_in_native, id=13928, stack(0x0000005330300000,0x0000005330400000)]
  0x00000170d4953800 JavaThread "RMI Scheduler(0)" daemon [_thread_blocked, id=2640, stack(0x000000532ff00000,0x0000005330000000)]
  0x00000170ce23d800 JavaThread "RMI GC Daemon" daemon [_thread_blocked, id=7740, stack(0x0000005330400000,0x0000005330500000)]
  0x00000170ca7d3800 JavaThread "RMI TCP Accept-0" daemon [_thread_in_native, id=20604, stack(0x0000005330500000,0x0000005330600000)]
  0x00000170ca7d2000 JavaThread "RMI Reaper" [_thread_blocked, id=20304, stack(0x0000005330600000,0x0000005330700000)]
  0x00000170ca7d4800 JavaThread "RMI TCP Connection(1)-127.0.0.1" daemon [_thread_in_native, id=2256, stack(0x0000005330800000,0x0000005330900000)]
  0x00000170ca7d6800 JavaThread "Cache worker for Java compile cache (C:\Users\josem\.gradle\caches\6.7.1\javaCompile)" [_thread_blocked, id=17088, stack(0x0000005330000000,0x0000005330100000)]
  0x00000170ca7d5000 JavaThread "Cache worker for Java compile cache (D:\Dispositivos moviles\Tercer Parcial\PDM_2021_II_P3_PROYECTO3\.gradle\6.7.1\javaCompile)" [_thread_in_native, id=20020, stack(0x0000005330a00000,0x0000005330b00000)]
  0x00000170ca7d2800 JavaThread "C2 CompilerThread1" daemon [_thread_in_native, id=10072, stack(0x0000005330700000,0x0000005330800000)]
=>0x00000170ca7d0000 JavaThread "C2 CompilerThread2" daemon [_thread_in_native, id=5332, stack(0x0000005330900000,0x0000005330a00000)]

Other Threads:
  0x00000170c7a64800 VMThread "VM Thread" [stack: 0x0000005323f00000,0x0000005324000000] [id=10704]
  0x00000170c855f000 WatcherThread [stack: 0x0000005324900000,0x0000005324a00000] [id=508]
  0x00000170ad331000 GCTaskThread "GC Thread#0" [stack: 0x0000005323a00000,0x0000005323b00000] [id=4352]
  0x00000170c9253000 GCTaskThread "GC Thread#1" [stack: 0x0000005324b00000,0x0000005324c00000] [id=20800]
  0x00000170c8e06800 GCTaskThread "GC Thread#2" [stack: 0x0000005324c00000,0x0000005324d00000] [id=2580]
  0x00000170ca020800 GCTaskThread "GC Thread#3" [stack: 0x0000005325800000,0x0000005325900000] [id=22032]
  0x00000170c9387800 GCTaskThread "GC Thread#4" [stack: 0x0000005325900000,0x0000005325a00000] [id=23060]
  0x00000170c965e800 GCTaskThread "GC Thread#5" [stack: 0x0000005325a00000,0x0000005325b00000] [id=3668]
  0x00000170c97f3800 GCTaskThread "GC Thread#6" [stack: 0x0000005325b00000,0x0000005325c00000] [id=17696]
  0x00000170c963f800 GCTaskThread "GC Thread#7" [stack: 0x0000005325c00000,0x0000005325d00000] [id=20060]
  0x00000170c9b3e800 GCTaskThread "GC Thread#8" [stack: 0x0000005325d00000,0x0000005325e00000] [id=18672]
  0x00000170cab1f800 GCTaskThread "GC Thread#9" [stack: 0x0000005325e00000,0x0000005325f00000] [id=22400]
  0x00000170ad365800 ConcurrentGCThread "G1 Main Marker" [stack: 0x0000005323b00000,0x0000005323c00000] [id=22548]
  0x00000170ad369000 ConcurrentGCThread "G1 Conc#0" [stack: 0x0000005323c00000,0x0000005323d00000] [id=21696]
  0x00000170ca052000 ConcurrentGCThread "G1 Conc#1" [stack: 0x0000005326100000,0x0000005326200000] [id=17356]
  0x00000170ca70f000 ConcurrentGCThread "G1 Conc#2" [stack: 0x0000005326200000,0x0000005326300000] [id=7496]
  0x00000170ad3fd800 ConcurrentGCThread "G1 Refine#0" [stack: 0x0000005323d00000,0x0000005323e00000] [id=4460]
  0x00000170d49c7000 ConcurrentGCThread "G1 Refine#1" [stack: 0x0000005326500000,0x0000005326600000] [id=21560]
  0x00000170ceb3d800 ConcurrentGCThread "G1 Refine#2" [stack: 0x000000532fc00000,0x000000532fd00000] [id=15552]
  0x00000170d27cb800 ConcurrentGCThread "G1 Refine#3" [stack: 0x000000532fd00000,0x000000532fe00000] [id=18696]
  0x00000170ad3fe800 ConcurrentGCThread "G1 Young RemSet Sampling" [stack: 0x0000005323e00000,0x0000005323f00000] [id=708]

Threads with active compile tasks:
C2 CompilerThread11714310 16146       4       org.gradle.api.internal.tasks.compile.incremental.deps.ClassSetAnalysisData$Serializer::readDependentsSet (118 bytes)
C2 CompilerThread21714310 16134       4       org.gradle.api.internal.tasks.compile.incremental.deps.ClassSetAnalysisData$Serializer::readClassName (63 bytes)

VM state:not at safepoint (normal execution)

VM Mutex/Monitor currently owned by a thread: None

Heap address: 0x0000000080000000, size: 2048 MB, Compressed Oops mode: 32-bit
Narrow klass base: 0x0000000000000000, Narrow klass shift: 3
Compressed class space size: 1073741824 Address: 0x0000000100000000

Heap:
 garbage-first heap   total 225280K, used 165782K [0x0000000080000000, 0x0000000100000000)
  region size 1024K, 38 young (38912K), 3 survivors (3072K)
 Metaspace       used 120563K, capacity 123806K, committed 124156K, reserved 1157120K
  class space    used 15046K, capacity 16151K, committed 16256K, reserved 1048576K
Heap Regions: E=young(eden), S=young(survivor), O=old, HS=humongous(starts), HC=humongous(continues), CS=collection set, F=free, A=archive, TAMS=top-at-mark-start (previous, next)
|   0|0x0000000080000000, 0x0000000080100000, 0x0000000080100000|100%| O|  |TAMS 0x0000000080100000, 0x0000000080000000| Untracked 
|   1|0x0000000080100000, 0x0000000080200000, 0x0000000080200000|100%| O|  |TAMS 0x0000000080200000, 0x0000000080100000| Untracked 
|   2|0x0000000080200000, 0x0000000080300000, 0x0000000080300000|100%| O|  |TAMS 0x0000000080300000, 0x0000000080200000| Untracked 
|   3|0x0000000080300000, 0x0000000080400000, 0x0000000080400000|100%|HS|  |TAMS 0x0000000080400000, 0x0000000080300000| Complete 
|   4|0x0000000080400000, 0x0000000080500000, 0x0000000080500000|100%|HC|  |TAMS 0x0000000080500000, 0x0000000080400000| Complete 
|   5|0x0000000080500000, 0x0000000080600000, 0x0000000080600000|100%|HC|  |TAMS 0x0000000080600000, 0x0000000080500000| Complete 
|   6|0x0000000080600000, 0x0000000080700000, 0x0000000080700000|100%| O|  |TAMS 0x0000000080700000, 0x0000000080600000| Untracked 
|   7|0x0000000080700000, 0x0000000080800000, 0x0000000080800000|100%| O|  |TAMS 0x0000000080800000, 0x0000000080700000| Untracked 
|   8|0x0000000080800000, 0x0000000080900000, 0x0000000080900000|100%| O|  |TAMS 0x0000000080900000, 0x0000000080800000| Untracked 
|   9|0x0000000080900000, 0x0000000080a00000, 0x0000000080a00000|100%| O|  |TAMS 0x0000000080a00000, 0x0000000080900000| Untracked 
|  10|0x0000000080a00000, 0x0000000080b00000, 0x0000000080b00000|100%| O|  |TAMS 0x0000000080b00000, 0x0000000080a00000| Untracked 
|  11|0x0000000080b00000, 0x0000000080c00000, 0x0000000080c00000|100%| O|  |TAMS 0x0000000080c00000, 0x0000000080b00000| Untracked 
|  12|0x0000000080c00000, 0x0000000080d00000, 0x0000000080d00000|100%| O|  |TAMS 0x0000000080d00000, 0x0000000080c00000| Untracked 
|  13|0x0000000080d00000, 0x0000000080e00000, 0x0000000080e00000|100%| O|  |TAMS 0x0000000080e00000, 0x0000000080d00000| Untracked 
|  14|0x0000000080e00000, 0x0000000080f00000, 0x0000000080f00000|100%| O|  |TAMS 0x0000000080f00000, 0x0000000080e00000| Untracked 
|  15|0x0000000080f00000, 0x0000000081000000, 0x0000000081000000|100%| O|  |TAMS 0x0000000081000000, 0x0000000080f00000| Untracked 
|  16|0x0000000081000000, 0x0000000081100000, 0x0000000081100000|100%|HS|  |TAMS 0x0000000081100000, 0x0000000081000000| Complete 
|  17|0x0000000081100000, 0x0000000081200000, 0x0000000081200000|100%|HC|  |TAMS 0x0000000081200000, 0x0000000081100000| Complete 
|  18|0x0000000081200000, 0x0000000081300000, 0x0000000081300000|100%|HS|  |TAMS 0x0000000081300000, 0x0000000081200000| Complete 
|  19|0x0000000081300000, 0x0000000081400000, 0x0000000081400000|100%|HC|  |TAMS 0x0000000081400000, 0x0000000081300000| Complete 
|  20|0x0000000081400000, 0x0000000081500000, 0x0000000081500000|100%|HC|  |TAMS 0x0000000081500000, 0x0000000081400000| Complete 
|  21|0x0000000081500000, 0x0000000081600000, 0x0000000081600000|100%|HS|  |TAMS 0x0000000081600000, 0x0000000081500000| Complete 
|  22|0x0000000081600000, 0x0000000081700000, 0x0000000081700000|100%|HC|  |TAMS 0x0000000081700000, 0x0000000081600000| Complete 
|  23|0x0000000081700000, 0x0000000081800000, 0x0000000081800000|100%|HC|  |TAMS 0x0000000081800000, 0x0000000081700000| Complete 
|  24|0x0000000081800000, 0x0000000081900000, 0x0000000081900000|100%|HC|  |TAMS 0x0000000081900000, 0x0000000081800000| Complete 
|  25|0x0000000081900000, 0x0000000081a00000, 0x0000000081a00000|100%| O|  |TAMS 0x0000000081a00000, 0x0000000081900000| Untracked 
|  26|0x0000000081a00000, 0x0000000081b00000, 0x0000000081b00000|100%| O|  |TAMS 0x0000000081b00000, 0x0000000081a00000| Untracked 
|  27|0x0000000081b00000, 0x0000000081c00000, 0x0000000081c00000|100%| O|  |TAMS 0x0000000081c00000, 0x0000000081b00000| Untracked 
|  28|0x0000000081c00000, 0x0000000081d00000, 0x0000000081d00000|100%| O|  |TAMS 0x0000000081d00000, 0x0000000081c00000| Untracked 
|  29|0x0000000081d00000, 0x0000000081e00000, 0x0000000081e00000|100%| O|  |TAMS 0x0000000081e00000, 0x0000000081d00000| Untracked 
|  30|0x0000000081e00000, 0x0000000081f00000, 0x0000000081f00000|100%| O|  |TAMS 0x0000000081f00000, 0x0000000081e00000| Untracked 
|  31|0x0000000081f00000, 0x0000000082000000, 0x0000000082000000|100%| O|  |TAMS 0x0000000082000000, 0x0000000081f00000| Untracked 
|  32|0x0000000082000000, 0x0000000082100000, 0x0000000082100000|100%|HS|  |TAMS 0x0000000082100000, 0x0000000082000000| Complete 
|  33|0x0000000082100000, 0x0000000082200000, 0x0000000082200000|100%|HC|  |TAMS 0x0000000082200000, 0x0000000082100000| Complete 
|  34|0x0000000082200000, 0x0000000082300000, 0x0000000082300000|100%|HC|  |TAMS 0x0000000082300000, 0x0000000082200000| Complete 
|  35|0x0000000082300000, 0x0000000082400000, 0x0000000082400000|100%|HC|  |TAMS 0x0000000082400000, 0x0000000082300000| Complete 
|  36|0x0000000082400000, 0x0000000082500000, 0x0000000082500000|100%|HS|  |TAMS 0x0000000082500000, 0x0000000082400000| Complete 
|  37|0x0000000082500000, 0x0000000082600000, 0x0000000082600000|100%|HC|  |TAMS 0x0000000082600000, 0x0000000082500000| Complete 
|  38|0x0000000082600000, 0x0000000082700000, 0x0000000082700000|100%|HC|  |TAMS 0x0000000082700000, 0x0000000082600000| Complete 
|  39|0x0000000082700000, 0x0000000082800000, 0x0000000082800000|100%| O|  |TAMS 0x0000000082800000, 0x0000000082700000| Untracked 
|  40|0x0000000082800000, 0x0000000082900000, 0x0000000082900000|100%| O|  |TAMS 0x0000000082900000, 0x0000000082800000| Untracked 
|  41|0x0000000082900000, 0x0000000082a00000, 0x0000000082a00000|100%| O|  |TAMS 0x0000000082a00000, 0x0000000082900000| Untracked 
|  42|0x0000000082a00000, 0x0000000082b00000, 0x0000000082b00000|100%| O|  |TAMS 0x0000000082b00000, 0x0000000082a00000| Untracked 
|  43|0x0000000082b00000, 0x0000000082c00000, 0x0000000082c00000|100%| O|  |TAMS 0x0000000082c00000, 0x0000000082b00000| Untracked 
|  44|0x0000000082c00000, 0x0000000082d00000, 0x0000000082d00000|100%| O|  |TAMS 0x0000000082d00000, 0x0000000082c00000| Untracked 
|  45|0x0000000082d00000, 0x0000000082e00000, 0x0000000082e00000|100%| O|  |TAMS 0x0000000082e00000, 0x0000000082d00000| Untracked 
|  46|0x0000000082e00000, 0x0000000082f00000, 0x0000000082f00000|100%| O|  |TAMS 0x0000000082f00000, 0x0000000082e00000| Untracked 
|  47|0x0000000082f00000, 0x0000000083000000, 0x0000000083000000|100%| O|  |TAMS 0x0000000083000000, 0x0000000082f00000| Untracked 
|  48|0x0000000083000000, 0x0000000083100000, 0x0000000083100000|100%| O|  |TAMS 0x0000000083100000, 0x0000000083000000| Untracked 
|  49|0x0000000083100000, 0x0000000083200000, 0x0000000083200000|100%| O|  |TAMS 0x0000000083200000, 0x0000000083100000| Untracked 
|  50|0x0000000083200000, 0x0000000083300000, 0x0000000083300000|100%| O|  |TAMS 0x0000000083200000, 0x0000000083200000| Untracked 
|  51|0x0000000083300000, 0x0000000083400000, 0x0000000083400000|100%|HS|  |TAMS 0x0000000083400000, 0x0000000083300000| Complete 
|  52|0x0000000083400000, 0x0000000083500000, 0x0000000083500000|100%|HS|  |TAMS 0x0000000083500000, 0x0000000083400000| Complete 
|  53|0x0000000083500000, 0x0000000083600000, 0x0000000083600000|100%| O|  |TAMS 0x0000000083600000, 0x0000000083500000| Untracked 
|  54|0x0000000083600000, 0x0000000083700000, 0x0000000083700000|100%| O|  |TAMS 0x0000000083700000, 0x0000000083600000| Untracked 
|  55|0x0000000083700000, 0x0000000083800000, 0x0000000083800000|100%| O|  |TAMS 0x0000000083800000, 0x0000000083700000| Untracked 
|  56|0x0000000083800000, 0x0000000083900000, 0x0000000083900000|100%| O|  |TAMS 0x0000000083900000, 0x0000000083800000| Untracked 
|  57|0x0000000083900000, 0x0000000083a00000, 0x0000000083a00000|100%| O|  |TAMS 0x0000000083900000, 0x0000000083900000| Untracked 
|  58|0x0000000083a00000, 0x0000000083b00000, 0x0000000083b00000|100%| O|  |TAMS 0x0000000083b00000, 0x0000000083a00000| Untracked 
|  59|0x0000000083b00000, 0x0000000083c00000, 0x0000000083c00000|100%| O|  |TAMS 0x0000000083c00000, 0x0000000083b00000| Untracked 
|  60|0x0000000083c00000, 0x0000000083d00000, 0x0000000083d00000|100%|HS|  |TAMS 0x0000000083d00000, 0x0000000083c00000| Complete 
|  61|0x0000000083d00000, 0x0000000083e00000, 0x0000000083e00000|100%|HC|  |TAMS 0x0000000083e00000, 0x0000000083d00000| Complete 
|  62|0x0000000083e00000, 0x0000000083f00000, 0x0000000083f00000|100%|HC|  |TAMS 0x0000000083f00000, 0x0000000083e00000| Complete 
|  63|0x0000000083f00000, 0x0000000084000000, 0x0000000084000000|100%|HS|  |TAMS 0x0000000084000000, 0x0000000083f00000| Complete 
|  64|0x0000000084000000, 0x0000000084100000, 0x0000000084100000|100%|HC|  |TAMS 0x0000000084100000, 0x0000000084000000| Complete 
|  65|0x0000000084100000, 0x0000000084200000, 0x0000000084200000|100%| O|  |TAMS 0x0000000084200000, 0x0000000084100000| Untracked 
|  66|0x0000000084200000, 0x0000000084300000, 0x0000000084300000|100%| O|  |TAMS 0x0000000084300000, 0x0000000084200000| Untracked 
|  67|0x0000000084300000, 0x0000000084400000, 0x0000000084400000|100%| O|  |TAMS 0x0000000084400000, 0x0000000084300000| Untracked 
|  68|0x0000000084400000, 0x0000000084500000, 0x0000000084500000|100%| O|  |TAMS 0x0000000084500000, 0x0000000084400000| Untracked 
|  69|0x0000000084500000, 0x0000000084600000, 0x0000000084600000|100%| O|  |TAMS 0x0000000084600000, 0x0000000084500000| Untracked 
|  70|0x0000000084600000, 0x0000000084700000, 0x0000000084700000|100%| O|  |TAMS 0x0000000084700000, 0x0000000084600000| Untracked 
|  71|0x0000000084700000, 0x0000000084800000, 0x0000000084800000|100%| O|  |TAMS 0x0000000084800000, 0x0000000084700000| Untracked 
|  72|0x0000000084800000, 0x0000000084900000, 0x0000000084900000|100%| O|  |TAMS 0x0000000084900000, 0x0000000084800000| Untracked 
|  73|0x0000000084900000, 0x0000000084a00000, 0x0000000084a00000|100%| O|  |TAMS 0x0000000084a00000, 0x0000000084900000| Untracked 
|  74|0x0000000084a00000, 0x0000000084b00000, 0x0000000084b00000|100%| O|  |TAMS 0x0000000084b00000, 0x0000000084a00000| Untracked 
|  75|0x0000000084b00000, 0x0000000084c00000, 0x0000000084c00000|100%| O|  |TAMS 0x0000000084c00000, 0x0000000084b00000| Untracked 
|  76|0x0000000084c00000, 0x0000000084d00000, 0x0000000084d00000|100%| O|  |TAMS 0x0000000084d00000, 0x0000000084c00000| Untracked 
|  77|0x0000000084d00000, 0x0000000084e00000, 0x0000000084e00000|100%| O|  |TAMS 0x0000000084e00000, 0x0000000084d00000| Untracked 
|  78|0x0000000084e00000, 0x0000000084f00000, 0x0000000084f00000|100%| O|  |TAMS 0x0000000084f00000, 0x0000000084e00000| Untracked 
|  79|0x0000000084f00000, 0x0000000085000000, 0x0000000085000000|100%| O|  |TAMS 0x0000000085000000, 0x0000000084f00000| Untracked 
|  80|0x0000000085000000, 0x0000000085100000, 0x0000000085100000|100%| O|  |TAMS 0x0000000085100000, 0x0000000085000000| Untracked 
|  81|0x0000000085100000, 0x0000000085200000, 0x0000000085200000|100%| O|  |TAMS 0x0000000085200000, 0x0000000085100000| Untracked 
|  82|0x0000000085200000, 0x0000000085300000, 0x0000000085300000|100%| O|  |TAMS 0x0000000085300000, 0x0000000085200000| Untracked 
|  83|0x0000000085300000, 0x0000000085400000, 0x0000000085400000|100%| O|  |TAMS 0x0000000085400000, 0x0000000085300000| Untracked 
|  84|0x0000000085400000, 0x0000000085500000, 0x0000000085500000|100%| O|  |TAMS 0x0000000085400000, 0x0000000085400000| Untracked 
|  85|0x0000000085500000, 0x0000000085600000, 0x0000000085600000|100%| O|  |TAMS 0x0000000085500000, 0x0000000085500000| Untracked 
|  86|0x0000000085600000, 0x0000000085700000, 0x0000000085700000|100%| O|  |TAMS 0x0000000085700000, 0x0000000085600000| Untracked 
|  87|0x0000000085700000, 0x0000000085800000, 0x0000000085800000|100%| O|  |TAMS 0x0000000085800000, 0x0000000085700000| Untracked 
|  88|0x0000000085800000, 0x0000000085900000, 0x0000000085900000|100%| O|  |TAMS 0x0000000085900000, 0x0000000085800000| Untracked 
|  89|0x0000000085900000, 0x0000000085a00000, 0x0000000085a00000|100%| O|  |TAMS 0x0000000085a00000, 0x0000000085900000| Untracked 
|  90|0x0000000085a00000, 0x0000000085b00000, 0x0000000085b00000|100%| O|  |TAMS 0x0000000085b00000, 0x0000000085a00000| Untracked 
|  91|0x0000000085b00000, 0x0000000085b35000, 0x0000000085c00000| 20%| O|  |TAMS 0x0000000085b00000, 0x0000000085b00000| Untracked 
|  92|0x0000000085c00000, 0x0000000085d00000, 0x0000000085d00000|100%| O|  |TAMS 0x0000000085d00000, 0x0000000085c00000| Untracked 
|  93|0x0000000085d00000, 0x0000000085d00000, 0x0000000085e00000|  0%| F|  |TAMS 0x0000000085d00000, 0x0000000085d00000| Untracked 
|  94|0x0000000085e00000, 0x0000000085f00000, 0x0000000085f00000|100%| O|  |TAMS 0x0000000085f00000, 0x0000000085e00000| Untracked 
|  95|0x0000000085f00000, 0x0000000086000000, 0x0000000086000000|100%| O|  |TAMS 0x0000000086000000, 0x0000000085f00000| Untracked 
|  96|0x0000000086000000, 0x0000000086100000, 0x0000000086100000|100%| O|  |TAMS 0x0000000086100000, 0x0000000086000000| Untracked 
|  97|0x0000000086100000, 0x0000000086200000, 0x0000000086200000|100%| O|  |TAMS 0x0000000086200000, 0x0000000086100000| Untracked 
|  98|0x0000000086200000, 0x0000000086300000, 0x0000000086300000|100%| O|  |TAMS 0x0000000086300000, 0x0000000086200000| Untracked 
|  99|0x0000000086300000, 0x0000000086300000, 0x0000000086400000|  0%| F|  |TAMS 0x0000000086300000, 0x0000000086300000| Untracked 
| 100|0x0000000086400000, 0x0000000086500000, 0x0000000086500000|100%| O|  |TAMS 0x0000000086500000, 0x0000000086400000| Untracked 
| 101|0x0000000086500000, 0x0000000086600000, 0x0000000086600000|100%| O|  |TAMS 0x0000000086600000, 0x0000000086500000| Untracked 
| 102|0x0000000086600000, 0x0000000086700000, 0x0000000086700000|100%| O|  |TAMS 0x0000000086700000, 0x0000000086600000| Untracked 
| 103|0x0000000086700000, 0x0000000086700000, 0x0000000086800000|  0%| F|  |TAMS 0x0000000086700000, 0x0000000086700000| Untracked 
| 104|0x0000000086800000, 0x0000000086800000, 0x0000000086900000|  0%| F|  |TAMS 0x0000000086800000, 0x0000000086800000| Untracked 
| 105|0x0000000086900000, 0x0000000086a00000, 0x0000000086a00000|100%| O|  |TAMS 0x0000000086a00000, 0x0000000086900000| Untracked 
| 106|0x0000000086a00000, 0x0000000086b00000, 0x0000000086b00000|100%| O|  |TAMS 0x0000000086b00000, 0x0000000086a00000| Untracked 
| 107|0x0000000086b00000, 0x0000000086c00000, 0x0000000086c00000|100%| O|  |TAMS 0x0000000086b00000, 0x0000000086b00000| Untracked 
| 108|0x0000000086c00000, 0x0000000086d00000, 0x0000000086d00000|100%| O|  |TAMS 0x0000000086d00000, 0x0000000086c00000| Untracked 
| 109|0x0000000086d00000, 0x0000000086e00000, 0x0000000086e00000|100%| O|  |TAMS 0x0000000086e00000, 0x0000000086d00000| Untracked 
| 110|0x0000000086e00000, 0x0000000086f00000, 0x0000000086f00000|100%| O|  |TAMS 0x0000000086ef7a00, 0x0000000086e00000| Untracked 
| 111|0x0000000086f00000, 0x0000000087000000, 0x0000000087000000|100%| O|  |TAMS 0x0000000087000000, 0x0000000086f00000| Untracked 
| 112|0x0000000087000000, 0x0000000087100000, 0x0000000087100000|100%| O|  |TAMS 0x0000000087100000, 0x0000000087000000| Untracked 
| 113|0x0000000087100000, 0x0000000087200000, 0x0000000087200000|100%| O|  |TAMS 0x0000000087200000, 0x0000000087100000| Untracked 
| 114|0x0000000087200000, 0x0000000087300000, 0x0000000087300000|100%| O|  |TAMS 0x0000000087300000, 0x0000000087200000| Untracked 
| 115|0x0000000087300000, 0x0000000087400000, 0x0000000087400000|100%| O|  |TAMS 0x0000000087400000, 0x0000000087300000| Untracked 
| 116|0x0000000087400000, 0x0000000087500000, 0x0000000087500000|100%| O|  |TAMS 0x0000000087500000, 0x0000000087400000| Untracked 
| 117|0x0000000087500000, 0x0000000087600000, 0x0000000087600000|100%| O|  |TAMS 0x0000000087600000, 0x0000000087500000| Untracked 
| 118|0x0000000087600000, 0x0000000087700000, 0x0000000087700000|100%| O|  |TAMS 0x0000000087700000, 0x0000000087600000| Untracked 
| 119|0x0000000087700000, 0x0000000087700000, 0x0000000087800000|  0%| F|  |TAMS 0x0000000087700000, 0x0000000087700000| Untracked 
| 120|0x0000000087800000, 0x0000000087900000, 0x0000000087900000|100%| O|  |TAMS 0x0000000087800000, 0x0000000087800000| Untracked 
| 121|0x0000000087900000, 0x0000000087a00000, 0x0000000087a00000|100%| O|  |TAMS 0x0000000087a00000, 0x0000000087900000| Untracked 
| 122|0x0000000087a00000, 0x0000000087b00000, 0x0000000087b00000|100%| O|  |TAMS 0x0000000087a00000, 0x0000000087a00000| Untracked 
| 123|0x0000000087b00000, 0x0000000087c00000, 0x0000000087c00000|100%| O|  |TAMS 0x0000000087b00000, 0x0000000087b00000| Untracked 
| 124|0x0000000087c00000, 0x0000000087d00000, 0x0000000087d00000|100%| O|  |TAMS 0x0000000087c00000, 0x0000000087c00000| Untracked 
| 125|0x0000000087d00000, 0x0000000087e00000, 0x0000000087e00000|100%| O|  |TAMS 0x0000000087d00000, 0x0000000087d00000| Untracked 
| 126|0x0000000087e00000, 0x0000000087f00000, 0x0000000087f00000|100%| O|  |TAMS 0x0000000087e00000, 0x0000000087e00000| Untracked 
| 127|0x0000000087f00000, 0x0000000088000000, 0x0000000088000000|100%| O|  |TAMS 0x0000000087f00000, 0x0000000087f00000| Untracked 
| 128|0x0000000088000000, 0x0000000088100000, 0x0000000088100000|100%| O|  |TAMS 0x0000000088000000, 0x0000000088000000| Untracked 
| 129|0x0000000088100000, 0x0000000088200000, 0x0000000088200000|100%| O|  |TAMS 0x0000000088100000, 0x0000000088100000| Untracked 
| 130|0x0000000088200000, 0x0000000088200000, 0x0000000088300000|  0%| F|  |TAMS 0x0000000088200000, 0x0000000088200000| Untracked 
| 131|0x0000000088300000, 0x0000000088300000, 0x0000000088400000|  0%| F|  |TAMS 0x0000000088300000, 0x0000000088300000| Untracked 
| 132|0x0000000088400000, 0x0000000088400000, 0x0000000088500000|  0%| F|  |TAMS 0x0000000088400000, 0x0000000088400000| Untracked 
| 133|0x0000000088500000, 0x0000000088500000, 0x0000000088600000|  0%| F|  |TAMS 0x0000000088500000, 0x0000000088500000| Untracked 
| 134|0x0000000088600000, 0x0000000088700000, 0x0000000088700000|100%| O|  |TAMS 0x0000000088700000, 0x0000000088600000| Untracked 
| 135|0x0000000088700000, 0x0000000088700000, 0x0000000088800000|  0%| F|  |TAMS 0x0000000088700000, 0x0000000088700000| Untracked 
| 136|0x0000000088800000, 0x0000000088800000, 0x0000000088900000|  0%| F|  |TAMS 0x0000000088800000, 0x0000000088800000| Untracked 
| 137|0x0000000088900000, 0x0000000088900000, 0x0000000088a00000|  0%| F|  |TAMS 0x0000000088900000, 0x0000000088900000| Untracked 
| 138|0x0000000088a00000, 0x0000000088b00000, 0x0000000088b00000|100%| O|  |TAMS 0x0000000088b00000, 0x0000000088a00000| Untracked 
| 139|0x0000000088b00000, 0x0000000088b00000, 0x0000000088c00000|  0%| F|  |TAMS 0x0000000088b00000, 0x0000000088b00000| Untracked 
| 140|0x0000000088c00000, 0x0000000088c00000, 0x0000000088d00000|  0%| F|  |TAMS 0x0000000088c00000, 0x0000000088c00000| Untracked 
| 141|0x0000000088d00000, 0x0000000088d00000, 0x0000000088e00000|  0%| F|  |TAMS 0x0000000088d00000, 0x0000000088d00000| Untracked 
| 142|0x0000000088e00000, 0x0000000088e00000, 0x0000000088f00000|  0%| F|  |TAMS 0x0000000088e00000, 0x0000000088e00000| Untracked 
| 143|0x0000000088f00000, 0x0000000088f00000, 0x0000000089000000|  0%| F|  |TAMS 0x0000000088f00000, 0x0000000088f00000| Untracked 
| 144|0x0000000089000000, 0x0000000089000000, 0x0000000089100000|  0%| F|  |TAMS 0x0000000089000000, 0x0000000089000000| Untracked 
| 145|0x0000000089100000, 0x0000000089100000, 0x0000000089200000|  0%| F|  |TAMS 0x0000000089100000, 0x0000000089100000| Untracked 
| 146|0x0000000089200000, 0x0000000089200000, 0x0000000089300000|  0%| F|  |TAMS 0x0000000089200000, 0x0000000089200000| Untracked 
| 147|0x0000000089300000, 0x0000000089300000, 0x0000000089400000|  0%| F|  |TAMS 0x0000000089300000, 0x0000000089300000| Untracked 
| 148|0x0000000089400000, 0x0000000089400000, 0x0000000089500000|  0%| F|  |TAMS 0x0000000089400000, 0x0000000089400000| Untracked 
| 149|0x0000000089500000, 0x0000000089500000, 0x0000000089600000|  0%| F|  |TAMS 0x0000000089500000, 0x0000000089500000| Untracked 
| 150|0x0000000089600000, 0x0000000089600000, 0x0000000089700000|  0%| F|  |TAMS 0x0000000089600000, 0x0000000089600000| Untracked 
| 151|0x0000000089700000, 0x0000000089700000, 0x0000000089800000|  0%| F|  |TAMS 0x0000000089700000, 0x0000000089700000| Untracked 
| 152|0x0000000089800000, 0x0000000089800000, 0x0000000089900000|  0%| F|  |TAMS 0x0000000089800000, 0x0000000089800000| Untracked 
| 153|0x0000000089900000, 0x0000000089900000, 0x0000000089a00000|  0%| F|  |TAMS 0x0000000089900000, 0x0000000089900000| Untracked 
| 154|0x0000000089a00000, 0x0000000089a00000, 0x0000000089b00000|  0%| F|  |TAMS 0x0000000089a00000, 0x0000000089a00000| Untracked 
| 155|0x0000000089b00000, 0x0000000089b00000, 0x0000000089c00000|  0%| F|  |TAMS 0x0000000089b00000, 0x0000000089b00000| Untracked 
| 156|0x0000000089c00000, 0x0000000089c00000, 0x0000000089d00000|  0%| F|  |TAMS 0x0000000089c00000, 0x0000000089c00000| Untracked 
| 157|0x0000000089d00000, 0x0000000089d00000, 0x0000000089e00000|  0%| F|  |TAMS 0x0000000089d00000, 0x0000000089d00000| Untracked 
| 158|0x0000000089e00000, 0x0000000089e00000, 0x0000000089f00000|  0%| F|  |TAMS 0x0000000089e00000, 0x0000000089e00000| Untracked 
| 159|0x0000000089f00000, 0x0000000089f00000, 0x000000008a000000|  0%| F|  |TAMS 0x0000000089f00000, 0x0000000089f00000| Untracked 
| 160|0x000000008a000000, 0x000000008a000000, 0x000000008a100000|  0%| F|  |TAMS 0x000000008a000000, 0x000000008a000000| Untracked 
| 161|0x000000008a100000, 0x000000008a100000, 0x000000008a200000|  0%| F|  |TAMS 0x000000008a100000, 0x000000008a100000| Untracked 
| 162|0x000000008a200000, 0x000000008a200000, 0x000000008a300000|  0%| F|  |TAMS 0x000000008a200000, 0x000000008a200000| Untracked 
| 163|0x000000008a300000, 0x000000008a300000, 0x000000008a400000|  0%| F|  |TAMS 0x000000008a300000, 0x000000008a300000| Untracked 
| 164|0x000000008a400000, 0x000000008a400000, 0x000000008a500000|  0%| F|  |TAMS 0x000000008a400000, 0x000000008a400000| Untracked 
| 165|0x000000008a500000, 0x000000008a500000, 0x000000008a600000|  0%| F|  |TAMS 0x000000008a500000, 0x000000008a500000| Untracked 
| 166|0x000000008a600000, 0x000000008a600000, 0x000000008a700000|  0%| F|  |TAMS 0x000000008a600000, 0x000000008a600000| Untracked 
| 167|0x000000008a700000, 0x000000008a7b0aa8, 0x000000008a800000| 69%| S|CS|TAMS 0x000000008a700000, 0x000000008a700000| Complete 
| 168|0x000000008a800000, 0x000000008a900000, 0x000000008a900000|100%| S|CS|TAMS 0x000000008a800000, 0x000000008a800000| Complete 
| 169|0x000000008a900000, 0x000000008a900000, 0x000000008aa00000|  0%| F|  |TAMS 0x000000008a900000, 0x000000008a900000| Untracked 
| 170|0x000000008aa00000, 0x000000008aa00000, 0x000000008ab00000|  0%| F|  |TAMS 0x000000008aa00000, 0x000000008aa00000| Untracked 
| 171|0x000000008ab00000, 0x000000008ab00000, 0x000000008ac00000|  0%| F|  |TAMS 0x000000008ab00000, 0x000000008ab00000| Untracked 
| 172|0x000000008ac00000, 0x000000008ac00000, 0x000000008ad00000|  0%| F|  |TAMS 0x000000008ac00000, 0x000000008ac00000| Untracked 
| 173|0x000000008ad00000, 0x000000008ae00000, 0x000000008ae00000|100%| S|CS|TAMS 0x000000008ad00000, 0x000000008ad00000| Complete 
| 174|0x000000008ae00000, 0x000000008ae00000, 0x000000008af00000|  0%| F|  |TAMS 0x000000008ae00000, 0x000000008ae00000| Untracked 
| 175|0x000000008af00000, 0x000000008af00000, 0x000000008b000000|  0%| F|  |TAMS 0x000000008af00000, 0x000000008af00000| Untracked 
| 176|0x000000008b000000, 0x000000008b000000, 0x000000008b100000|  0%| F|  |TAMS 0x000000008b000000, 0x000000008b000000| Untracked 
| 177|0x000000008b100000, 0x000000008b100000, 0x000000008b200000|  0%| F|  |TAMS 0x000000008b100000, 0x000000008b100000| Untracked 
| 178|0x000000008b200000, 0x000000008b200000, 0x000000008b300000|  0%| F|  |TAMS 0x000000008b200000, 0x000000008b200000| Untracked 
| 179|0x000000008b300000, 0x000000008b300000, 0x000000008b400000|  0%| F|  |TAMS 0x000000008b300000, 0x000000008b300000| Untracked 
| 180|0x000000008b400000, 0x000000008b400000, 0x000000008b500000|  0%| F|  |TAMS 0x000000008b400000, 0x000000008b400000| Untracked 
| 181|0x000000008b500000, 0x000000008b500000, 0x000000008b600000|  0%| F|  |TAMS 0x000000008b500000, 0x000000008b500000| Untracked 
| 182|0x000000008b600000, 0x000000008b600000, 0x000000008b700000|  0%| F|  |TAMS 0x000000008b600000, 0x000000008b600000| Untracked 
| 183|0x000000008b700000, 0x000000008b700000, 0x000000008b800000|  0%| F|  |TAMS 0x000000008b700000, 0x000000008b700000| Untracked 
| 184|0x000000008b800000, 0x000000008b800000, 0x000000008b900000|  0%| F|  |TAMS 0x000000008b800000, 0x000000008b800000| Untracked 
| 185|0x000000008b900000, 0x000000008b9cdf08, 0x000000008ba00000| 80%| E|  |TAMS 0x000000008b900000, 0x000000008b900000| Complete 
| 186|0x000000008ba00000, 0x000000008bb00000, 0x000000008bb00000|100%| E|CS|TAMS 0x000000008ba00000, 0x000000008ba00000| Complete 
| 187|0x000000008bb00000, 0x000000008bc00000, 0x000000008bc00000|100%| E|CS|TAMS 0x000000008bb00000, 0x000000008bb00000| Complete 
| 188|0x000000008bc00000, 0x000000008bd00000, 0x000000008bd00000|100%| E|CS|TAMS 0x000000008bc00000, 0x000000008bc00000| Complete 
| 189|0x000000008bd00000, 0x000000008be00000, 0x000000008be00000|100%| E|CS|TAMS 0x000000008bd00000, 0x000000008bd00000| Complete 
| 190|0x000000008be00000, 0x000000008bf00000, 0x000000008bf00000|100%| E|CS|TAMS 0x000000008be00000, 0x000000008be00000| Complete 
| 191|0x000000008bf00000, 0x000000008bfffc20, 0x000000008c000000| 99%| E|  |TAMS 0x000000008bf00000, 0x000000008bf00000| Complete 
| 192|0x000000008c000000, 0x000000008c100000, 0x000000008c100000|100%| E|CS|TAMS 0x000000008c000000, 0x000000008c000000| Complete 
| 193|0x000000008c100000, 0x000000008c200000, 0x000000008c200000|100%| E|CS|TAMS 0x000000008c100000, 0x000000008c100000| Complete 
| 194|0x000000008c200000, 0x000000008c300000, 0x000000008c300000|100%| E|CS|TAMS 0x000000008c200000, 0x000000008c200000| Complete 
| 195|0x000000008c300000, 0x000000008c400000, 0x000000008c400000|100%| E|CS|TAMS 0x000000008c300000, 0x000000008c300000| Complete 
| 196|0x000000008c400000, 0x000000008c500000, 0x000000008c500000|100%| E|CS|TAMS 0x000000008c400000, 0x000000008c400000| Complete 
| 197|0x000000008c500000, 0x000000008c600000, 0x000000008c600000|100%| E|CS|TAMS 0x000000008c500000, 0x000000008c500000| Complete 
| 198|0x000000008c600000, 0x000000008c700000, 0x000000008c700000|100%| E|CS|TAMS 0x000000008c600000, 0x000000008c600000| Complete 
| 199|0x000000008c700000, 0x000000008c800000, 0x000000008c800000|100%| E|CS|TAMS 0x000000008c700000, 0x000000008c700000| Complete 
| 200|0x000000008c800000, 0x000000008c900000, 0x000000008c900000|100%| E|CS|TAMS 0x000000008c800000, 0x000000008c800000| Complete 
| 201|0x000000008c900000, 0x000000008ca00000, 0x000000008ca00000|100%| E|CS|TAMS 0x000000008c900000, 0x000000008c900000| Complete 
| 202|0x000000008ca00000, 0x000000008cb00000, 0x000000008cb00000|100%| E|CS|TAMS 0x000000008ca00000, 0x000000008ca00000| Complete 
| 203|0x000000008cb00000, 0x000000008cc00000, 0x000000008cc00000|100%| E|CS|TAMS 0x000000008cb00000, 0x000000008cb00000| Complete 
| 204|0x000000008cc00000, 0x000000008cd00000, 0x000000008cd00000|100%| E|CS|TAMS 0x000000008cc00000, 0x000000008cc00000| Complete 
| 205|0x000000008cd00000, 0x000000008ce00000, 0x000000008ce00000|100%| E|CS|TAMS 0x000000008cd00000, 0x000000008cd00000| Complete 
| 206|0x000000008ce00000, 0x000000008cf00000, 0x000000008cf00000|100%| E|CS|TAMS 0x000000008ce00000, 0x000000008ce00000| Complete 
| 207|0x000000008cf00000, 0x000000008d000000, 0x000000008d000000|100%| E|CS|TAMS 0x000000008cf00000, 0x000000008cf00000| Complete 
| 208|0x000000008d000000, 0x000000008d100000, 0x000000008d100000|100%| E|CS|TAMS 0x000000008d000000, 0x000000008d000000| Complete 
| 209|0x000000008d100000, 0x000000008d200000, 0x000000008d200000|100%| E|CS|TAMS 0x000000008d100000, 0x000000008d100000| Complete 
| 210|0x000000008d200000, 0x000000008d300000, 0x000000008d300000|100%| E|CS|TAMS 0x000000008d200000, 0x000000008d200000| Complete 
| 211|0x000000008d300000, 0x000000008d400000, 0x000000008d400000|100%| E|CS|TAMS 0x000000008d300000, 0x000000008d300000| Complete 
| 212|0x000000008d400000, 0x000000008d500000, 0x000000008d500000|100%| E|CS|TAMS 0x000000008d400000, 0x000000008d400000| Complete 
| 213|0x000000008d500000, 0x000000008d600000, 0x000000008d600000|100%| E|CS|TAMS 0x000000008d500000, 0x000000008d500000| Complete 
| 214|0x000000008d600000, 0x000000008d700000, 0x000000008d700000|100%| E|CS|TAMS 0x000000008d600000, 0x000000008d600000| Complete 
| 215|0x000000008d700000, 0x000000008d800000, 0x000000008d800000|100%| E|CS|TAMS 0x000000008d700000, 0x000000008d700000| Complete 
| 216|0x000000008d800000, 0x000000008d900000, 0x000000008d900000|100%| E|CS|TAMS 0x000000008d800000, 0x000000008d800000| Complete 
| 217|0x000000008d900000, 0x000000008da00000, 0x000000008da00000|100%| E|CS|TAMS 0x000000008d900000, 0x000000008d900000| Complete 
| 218|0x000000008da00000, 0x000000008db00000, 0x000000008db00000|100%| E|CS|TAMS 0x000000008da00000, 0x000000008da00000| Complete 
| 219|0x000000008db00000, 0x000000008dc00000, 0x000000008dc00000|100%| E|CS|TAMS 0x000000008db00000, 0x000000008db00000| Complete 

Card table byte_map: [0x00000170c0600000,0x00000170c0a00000] _byte_map_base: 0x00000170c0200000

Marking Bits (Prev, Next): (CMBitMap*) 0x00000170ad35cc40, (CMBitMap*) 0x00000170ad35cc08
 Prev Bits: [0x00000170c2e00000, 0x00000170c4e00000)
 Next Bits: [0x00000170c0e00000, 0x00000170c2e00000)

Polling page: 0x00000170ab020000

Metaspace:

Usage:
  Non-class:    105.13 MB capacity,   103.04 MB ( 98%) used,     1.76 MB (  2%) free+waste,   337.69 KB ( <1%) overhead. 
      Class:     15.77 MB capacity,    14.69 MB ( 93%) used,   950.27 KB (  6%) free+waste,   154.50 KB ( <1%) overhead. 
       Both:    120.90 MB capacity,   117.74 MB ( 97%) used,     2.69 MB (  2%) free+waste,   492.19 KB ( <1%) overhead. 

Virtual space:
  Non-class space:      106.00 MB reserved,     105.37 MB (>99%) committed 
      Class space:        1.00 GB reserved,      15.88 MB (  2%) committed 
             Both:        1.10 GB reserved,     121.25 MB ( 11%) committed 

Chunk freelists:
   Non-Class:  53.00 KB
       Class:  9.00 KB
        Both:  62.00 KB

MaxMetaspaceSize: 17179869184.00 GB
CompressedClassSpaceSize: 1.00 GB

CodeHeap 'non-profiled nmethods': size=120000Kb used=10519Kb max_used=10519Kb free=109480Kb
 bounds [0x00000170b8770000, 0x00000170b91c0000, 0x00000170bfca0000]
CodeHeap 'profiled nmethods': size=120000Kb used=33521Kb max_used=33521Kb free=86478Kb
 bounds [0x00000170b1240000, 0x00000170b3310000, 0x00000170b8770000]
CodeHeap 'non-nmethods': size=5760Kb used=2360Kb max_used=2408Kb free=3399Kb
 bounds [0x00000170b0ca0000, 0x00000170b0f10000, 0x00000170b1240000]
 total_blobs=16521 nmethods=15526 adapters=906
 compilation: enabled
              stopped_count=0, restarted_count=0
 full_count=0

Compilation events (20 events):
Event: 1713.780 Thread 0x00000170c7a7e000 nmethod 16148 0x00000170b32cfd10 code [0x00000170b32cff40, 0x00000170b32d04d8]
Event: 1713.780 Thread 0x00000170c7a7e000 16149       3       it.unimi.dsi.fastutil.ints.IntOpenHashSet::<init> (8 bytes)
Event: 1713.780 Thread 0x00000170c7a7e000 nmethod 16149 0x00000170b32d0710 code [0x00000170b32d08e0, 0x00000170b32d0a08]
Event: 1713.783 Thread 0x00000170ca7d2800 nmethod 16135 0x00000170b919f190 code [0x00000170b919f3a0, 0x00000170b91a0258]
Event: 1713.784 Thread 0x00000170ca7d2800 16146       4       org.gradle.api.internal.tasks.compile.incremental.deps.ClassSetAnalysisData$Serializer::readDependentsSet (118 bytes)
Event: 1713.788 Thread 0x00000170c7a7e000 16151       1       com.google.common.collect.RegularImmutableMap::isPartialView (2 bytes)
Event: 1713.788 Thread 0x00000170c7a7e000 nmethod 16151 0x00000170b91a0a90 code [0x00000170b91a0c40, 0x00000170b91a0cf8]
Event: 1713.799 Thread 0x00000170ca7d0000 nmethod 16140 0x00000170b91a0d90 code [0x00000170b91a0fe0, 0x00000170b91a2498]
Event: 1713.799 Thread 0x00000170ca7d0000 16125       4       java.lang.Integer::equals (29 bytes)
Event: 1713.800 Thread 0x00000170ca7d0000 nmethod 16125 0x00000170b91a2e90 code [0x00000170b91a3020, 0x00000170b91a30d8]
Event: 1713.800 Thread 0x00000170ca7d0000 16141       4       com.google.common.collect.ImmutableSet::copyOf (42 bytes)
Event: 1713.801 Thread 0x00000170ca7d0000 nmethod 16141 0x00000170b91a3190 code [0x00000170b91a3340, 0x00000170b91a34e8]
Event: 1713.801 Thread 0x00000170ca7d0000 16136       4       java.util.Collections$EmptySet::toArray (5 bytes)
Event: 1713.801 Thread 0x00000170ca7d0000 nmethod 16136 0x00000170b91a3690 code [0x00000170b91a3820, 0x00000170b91a38f8]
Event: 1713.801 Thread 0x00000170ca7d0000 16150       4       org.gradle.api.internal.tasks.compile.incremental.deps.DependentsSet::dependents (52 bytes)
Event: 1713.807 Thread 0x00000170ca7d0000 nmethod 16150 0x00000170b91a3990 code [0x00000170b91a3bc0, 0x00000170b91a4128]
Event: 1713.807 Thread 0x00000170ca7d0000 16134       4       org.gradle.api.internal.tasks.compile.incremental.deps.ClassSetAnalysisData$Serializer::readClassName (63 bytes)
Event: 1713.829 Thread 0x00000170c8407000 nmethod 16115 0x00000170b91a4590 code [0x00000170b91a4a20, 0x00000170b91a83c8]
Event: 1713.830 Thread 0x00000170c8407000 16117       4       org.gradle.api.internal.cache.StringInterner::intern (20 bytes)
Event: 1713.830 Thread 0x00000170c8407000 nmethod 16117 0x00000170b91ab890 code [0x00000170b91aba40, 0x00000170b91abb48]

GC Heap History (20 events):
Event: 1688.754 GC heap before
{Heap before GC invocations=57 (full 0):
 garbage-first heap   total 225280K, used 181507K [0x0000000080000000, 0x0000000100000000)
  region size 1024K, 33 young (33792K), 4 survivors (4096K)
 Metaspace       used 113961K, capacity 116958K, committed 116988K, reserved 1150976K
  class space    used 14201K, capacity 15224K, committed 15232K, reserved 1048576K
}
Event: 1688.759 GC heap after
{Heap after GC invocations=58 (full 0):
 garbage-first heap   total 225280K, used 138837K [0x0000000080000000, 0x0000000100000000)
  region size 1024K, 4 young (4096K), 4 survivors (4096K)
 Metaspace       used 113961K, capacity 116958K, committed 116988K, reserved 1150976K
  class space    used 14201K, capacity 15224K, committed 15232K, reserved 1048576K
}
Event: 1688.839 GC heap before
{Heap before GC invocations=58 (full 0):
 garbage-first heap   total 225280K, used 144981K [0x0000000080000000, 0x0000000100000000)
  region size 1024K, 11 young (11264K), 4 survivors (4096K)
 Metaspace       used 114067K, capacity 117023K, committed 117244K, reserved 1150976K
  class space    used 14212K, capacity 15224K, committed 15232K, reserved 1048576K
}
Event: 1688.848 GC heap after
{Heap after GC invocations=59 (full 0):
 garbage-first heap   total 225280K, used 137070K [0x0000000080000000, 0x0000000100000000)
  region size 1024K, 1 young (1024K), 1 survivors (1024K)
 Metaspace       used 114067K, capacity 117023K, committed 117244K, reserved 1150976K
  class space    used 14212K, capacity 15224K, committed 15232K, reserved 1048576K
}
Event: 1689.605 GC heap before
{Heap before GC invocations=59 (full 0):
 garbage-first heap   total 225280K, used 169838K [0x0000000080000000, 0x0000000100000000)
  region size 1024K, 34 young (34816K), 1 survivors (1024K)
 Metaspace       used 115223K, capacity 118228K, committed 118396K, reserved 1153024K
  class space    used 14329K, capacity 15341K, committed 15360K, reserved 1048576K
}
Event: 1689.615 GC heap after
{Heap after GC invocations=60 (full 0):
 garbage-first heap   total 225280K, used 138884K [0x0000000080000000, 0x0000000100000000)
  region size 1024K, 3 young (3072K), 3 survivors (3072K)
 Metaspace       used 115223K, capacity 118228K, committed 118396K, reserved 1153024K
  class space    used 14329K, capacity 15341K, committed 15360K, reserved 1048576K
}
Event: 1690.614 GC heap before
{Heap before GC invocations=61 (full 0):
 garbage-first heap   total 225280K, used 165508K [0x0000000080000000, 0x0000000100000000)
  region size 1024K, 38 young (38912K), 3 survivors (3072K)
 Metaspace       used 115351K, capacity 118407K, committed 118524K, reserved 1153024K
  class space    used 14347K, capacity 15379K, committed 15488K, reserved 1048576K
}
Event: 1690.644 GC heap after
{Heap after GC invocations=62 (full 0):
 garbage-first heap   total 225280K, used 133662K [0x0000000080000000, 0x0000000100000000)
  region size 1024K, 5 young (5120K), 5 survivors (5120K)
 Metaspace       used 115351K, capacity 118407K, committed 118524K, reserved 1153024K
  class space    used 14347K, capacity 15379K, committed 15488K, reserved 1048576K
}
Event: 1690.896 GC heap before
{Heap before GC invocations=62 (full 0):
 garbage-first heap   total 225280K, used 138782K [0x0000000080000000, 0x0000000100000000)
  region size 1024K, 11 young (11264K), 5 survivors (5120K)
 Metaspace       used 115362K, capacity 118407K, committed 118524K, reserved 1153024K
  class space    used 14349K, capacity 15379K, committed 15488K, reserved 1048576K
}
Event: 1690.949 GC heap after
{Heap after GC invocations=63 (full 0):
 garbage-first heap   total 225280K, used 124038K [0x0000000080000000, 0x0000000100000000)
  region size 1024K, 2 young (2048K), 2 survivors (2048K)
 Metaspace       used 115362K, capacity 118407K, committed 118524K, reserved 1153024K
  class space    used 14349K, capacity 15379K, committed 15488K, reserved 1048576K
}
Event: 1691.417 GC heap before
{Heap before GC invocations=63 (full 0):
 garbage-first heap   total 225280K, used 169094K [0x0000000080000000, 0x0000000100000000)
  region size 1024K, 47 young (48128K), 2 survivors (2048K)
 Metaspace       used 115497K, capacity 118537K, committed 118780K, reserved 1153024K
  class space    used 14363K, capacity 15394K, committed 15488K, reserved 1048576K
}
Event: 1691.423 GC heap after
{Heap after GC invocations=64 (full 0):
 garbage-first heap   total 225280K, used 127319K [0x0000000080000000, 0x0000000100000000)
  region size 1024K, 5 young (5120K), 5 survivors (5120K)
 Metaspace       used 115497K, capacity 118537K, committed 118780K, reserved 1153024K
  class space    used 14363K, capacity 15394K, committed 15488K, reserved 1048576K
}
Event: 1696.494 GC heap before
{Heap before GC invocations=65 (full 0):
 garbage-first heap   total 225280K, used 173399K [0x0000000080000000, 0x0000000100000000)
  region size 1024K, 51 young (52224K), 5 survivors (5120K)
 Metaspace       used 116527K, capacity 119529K, committed 119676K, reserved 1153024K
  class space    used 14477K, capacity 15510K, committed 15616K, reserved 1048576K
}
Event: 1696.499 GC heap after
{Heap after GC invocations=66 (full 0):
 garbage-first heap   total 225280K, used 132313K [0x0000000080000000, 0x0000000100000000)
  region size 1024K, 7 young (7168K), 7 survivors (7168K)
 Metaspace       used 116527K, capacity 119529K, committed 119676K, reserved 1153024K
  class space    used 14477K, capacity 15510K, committed 15616K, reserved 1048576K
}
Event: 1696.512 GC heap before
{Heap before GC invocations=66 (full 0):
 garbage-first heap   total 225280K, used 135385K [0x0000000080000000, 0x0000000100000000)
  region size 1024K, 11 young (11264K), 7 survivors (7168K)
 Metaspace       used 116531K, capacity 119529K, committed 119676K, reserved 1153024K
  class space    used 14477K, capacity 15510K, committed 15616K, reserved 1048576K
}
Event: 1696.520 GC heap after
{Heap after GC invocations=67 (full 0):
 garbage-first heap   total 225280K, used 129696K [0x0000000080000000, 0x0000000100000000)
  region size 1024K, 2 young (2048K), 2 survivors (2048K)
 Metaspace       used 116531K, capacity 119529K, committed 119676K, reserved 1153024K
  class space    used 14477K, capacity 15510K, committed 15616K, reserved 1048576K
}
Event: 1696.707 GC heap before
{Heap before GC invocations=67 (full 0):
 garbage-first heap   total 225280K, used 175776K [0x0000000080000000, 0x0000000100000000)
  region size 1024K, 47 young (48128K), 2 survivors (2048K)
 Metaspace       used 117086K, capacity 120137K, committed 120444K, reserved 1155072K
  class space    used 14518K, capacity 15542K, committed 15616K, reserved 1048576K
}
Event: 1696.710 GC heap after
{Heap after GC invocations=68 (full 0):
 garbage-first heap   total 225280K, used 131909K [0x0000000080000000, 0x0000000100000000)
  region size 1024K, 4 young (4096K), 4 survivors (4096K)
 Metaspace       used 117086K, capacity 120137K, committed 120444K, reserved 1155072K
  class space    used 14518K, capacity 15542K, committed 15616K, reserved 1048576K
}
Event: 1713.432 GC heap before
{Heap before GC invocations=68 (full 0):
 garbage-first heap   total 225280K, used 177989K [0x0000000080000000, 0x0000000100000000)
  region size 1024K, 50 young (51200K), 4 survivors (4096K)
 Metaspace       used 119776K, capacity 122951K, committed 123260K, reserved 1157120K
  class space    used 14933K, capacity 16011K, committed 16128K, reserved 1048576K
}
Event: 1713.439 GC heap after
{Heap after GC invocations=69 (full 0):
 garbage-first heap   total 225280K, used 131990K [0x0000000080000000, 0x0000000100000000)
  region size 1024K, 3 young (3072K), 3 survivors (3072K)
 Metaspace       used 119776K, capacity 122951K, committed 123260K, reserved 1157120K
  class space    used 14933K, capacity 16011K, committed 16128K, reserved 1048576K
}

Deoptimization events (20 events):
Event: 1713.559 Thread 0x00000170d494b800 Uncommon trap: trap_request=0xffffffde fr.pc=0x00000170b8fe5478 relative=0x0000000000000378
Event: 1713.559 Thread 0x00000170d494b800 Uncommon trap: reason=class_check action=maybe_recompile pc=0x00000170b8fe5478 method=java.util.Iterator.forEachRemaining(Ljava/util/function/Consumer;)V @ 6 c2
Event: 1713.559 Thread 0x00000170d494b800 DEOPT PACKING pc=0x00000170b8fe5478 sp=0x000000532f9fb6b0
Event: 1713.559 Thread 0x00000170d494b800 DEOPT UNPACKING pc=0x00000170b0cc74af sp=0x000000532f9fb670 mode 2
Event: 1713.762 Thread 0x00000170ca7d6800 Uncommon trap: trap_request=0xffffffbe fr.pc=0x00000170b90013a8 relative=0x0000000000002348
Event: 1713.762 Thread 0x00000170ca7d6800 Uncommon trap: reason=profile_predicate action=maybe_recompile pc=0x00000170b90013a8 method=com.google.common.collect.MapMakerInternalMap$Segment.expand()V @ 56 c2
Event: 1713.762 Thread 0x00000170ca7d6800 DEOPT PACKING pc=0x00000170b90013a8 sp=0x00000053300fe030
Event: 1713.762 Thread 0x00000170ca7d6800 DEOPT UNPACKING pc=0x00000170b0cc74af sp=0x00000053300fe008 mode 2
Event: 1713.762 Thread 0x00000170ca7d6800 Uncommon trap: trap_request=0xffffffbe fr.pc=0x00000170b90013a8 relative=0x0000000000002348
Event: 1713.762 Thread 0x00000170ca7d6800 Uncommon trap: reason=profile_predicate action=maybe_recompile pc=0x00000170b90013a8 method=com.google.common.collect.MapMakerInternalMap$Segment.expand()V @ 56 c2
Event: 1713.762 Thread 0x00000170ca7d6800 DEOPT PACKING pc=0x00000170b90013a8 sp=0x00000053300fe030
Event: 1713.762 Thread 0x00000170ca7d6800 DEOPT UNPACKING pc=0x00000170b0cc74af sp=0x00000053300fe008 mode 2
Event: 1713.762 Thread 0x00000170ca7d6800 Uncommon trap: trap_request=0xffffffbe fr.pc=0x00000170b90013a8 relative=0x0000000000002348
Event: 1713.762 Thread 0x00000170ca7d6800 Uncommon trap: reason=profile_predicate action=maybe_recompile pc=0x00000170b90013a8 method=com.google.common.collect.MapMakerInternalMap$Segment.expand()V @ 56 c2
Event: 1713.762 Thread 0x00000170ca7d6800 DEOPT PACKING pc=0x00000170b90013a8 sp=0x00000053300fe030
Event: 1713.762 Thread 0x00000170ca7d6800 DEOPT UNPACKING pc=0x00000170b0cc74af sp=0x00000053300fe008 mode 2
Event: 1713.763 Thread 0x00000170ca7d6800 Uncommon trap: trap_request=0xffffffbe fr.pc=0x00000170b90013a8 relative=0x0000000000002348
Event: 1713.763 Thread 0x00000170ca7d6800 Uncommon trap: reason=profile_predicate action=maybe_recompile pc=0x00000170b90013a8 method=com.google.common.collect.MapMakerInternalMap$Segment.expand()V @ 56 c2
Event: 1713.763 Thread 0x00000170ca7d6800 DEOPT PACKING pc=0x00000170b90013a8 sp=0x00000053300fdf60
Event: 1713.763 Thread 0x00000170ca7d6800 DEOPT UNPACKING pc=0x00000170b0cc74af sp=0x00000053300fdf38 mode 2

Classes redefined (0 events):
No events

Internal exceptions (20 events):
Event: 1702.037 Thread 0x00000170d494b800 Exception <a 'java/net/ConnectException'{0x000000008bf2e2c8}: Connection refused: connect> (0x000000008bf2e2c8) thrown at [./src/hotspot/share/prims/jni.cpp, line 636]
Event: 1704.089 Thread 0x00000170d494b800 Exception <a 'java/net/ConnectException'{0x000000008bf2f548}: Connection refused: connect> (0x000000008bf2f548) thrown at [./src/hotspot/share/prims/jni.cpp, line 636]
Event: 1705.686 Thread 0x00000170d494b800 Exception <a 'java/lang/NoSuchMethodError'{0x000000008bbacae0}: <clinit>> (0x000000008bbacae0) thrown at [./src/hotspot/share/prims/jni.cpp, line 1362]
Event: 1705.686 Thread 0x00000170d494b800 Exception <a 'java/lang/NoSuchMethodError'{0x000000008bbbe8c0}: <clinit>> (0x000000008bbbe8c0) thrown at [./src/hotspot/share/prims/jni.cpp, line 1362]
Event: 1705.699 Thread 0x00000170d494b800 Exception <a 'java/lang/NoSuchMethodError'{0x000000008ba59540}: 'java.lang.Object java.lang.invoke.DirectMethodHandle$Holder.invokeSpecial(java.lang.Object, java.lang.Object, int, int, java.lang.Object, int, java.lang.Object, java.lang.Object)'> (0x000000008ba59540) thrown at [./src/hotspot/share/interpreter/linkResolver.cpp, line 773]
Event: 1705.699 Thread 0x00000170d494b800 Exception <a 'java/lang/NoSuchMethodError'{0x000000008ba5d620}: 'java.lang.Object java.lang.invoke.DelegatingMethodHandle$Holder.reinvoke_L(java.lang.Object, int, int, java.lang.Object, int, java.lang.Object, java.lang.Object)'> (0x000000008ba5d620) thrown at [./src/hotspot/share/interpreter/linkResolver.cpp, line 773]
Event: 1705.702 Thread 0x00000170d494b800 Exception <a 'java/lang/NoSuchMethodError'{0x000000008ba88c00}: 'java.lang.Object java.lang.invoke.DirectMethodHandle$Holder.invokeStatic(java.lang.Object, java.lang.Object, java.lang.Object, java.lang.Object, java.lang.Object, java.lang.Object, java.lang.Object, java.lang.Object, int)'> (0x000000008ba88c00) thrown at [./src/hotspot/share/interpreter/linkResolver.cpp, line 773]
Event: 1705.703 Thread 0x00000170d494b800 Exception <a 'java/lang/NoSuchMethodError'{0x000000008baa3ea0}: 'java.lang.Object java.lang.invoke.DirectMethodHandle$Holder.invokeStatic(java.lang.Object, java.lang.Object, java.lang.Object, java.lang.Object, java.lang.Object, java.lang.Object, java.lang.Object, java.lang.Object, int, int)'> (0x000000008baa3ea0) thrown at [./src/hotspot/share/interpreter/linkResolver.cpp, line 773]
Event: 1705.704 Thread 0x00000170d494b800 Exception <a 'java/lang/NoSuchMethodError'{0x000000008babfdf8}: 'java.lang.Object java.lang.invoke.DirectMethodHandle$Holder.invokeStatic(java.lang.Object, java.lang.Object, java.lang.Object, java.lang.Object, java.lang.Object, java.lang.Object, java.lang.Object, java.lang.Object, int, int, java.lang.Object)'> (0x000000008babfdf8) thrown at [./src/hotspot/share/interpreter/linkResolver.cpp, line 773]
Event: 1705.706 Thread 0x00000170d494b800 Exception <a 'java/lang/NoSuchMethodError'{0x000000008badd0c8}: 'java.lang.Object java.lang.invoke.DirectMethodHandle$Holder.invokeStatic(java.lang.Object, java.lang.Object, java.lang.Object, java.lang.Object, java.lang.Object, java.lang.Object, java.lang.Object, java.lang.Object, int, int, java.lang.Object, java.lang.Object)'> (0x000000008badd0c8) thrown at [./src/hotspot/share/interpreter/linkResolver.cpp, line 773]
Event: 1705.715 Thread 0x00000170d494b800 Exception <a 'java/lang/NoSuchMethodError'{0x000000008b9100c8}: <clinit>> (0x000000008b9100c8) thrown at [./src/hotspot/share/prims/jni.cpp, line 1362]
Event: 1705.728 Thread 0x00000170d4954800 Exception <a 'java/lang/InterruptedException'{0x000000008b96e828}> (0x000000008b96e828) thrown at [./src/hotspot/share/runtime/objectMonitor.cpp, line 1635]
Event: 1705.729 Thread 0x00000170d4954800 Exception <a 'java/lang/NoSuchMethodError'{0x000000008b976638}: 'java.lang.Object java.lang.invoke.DirectMethodHandle$Holder.invokeStatic(java.lang.Object, java.lang.Object, int, java.lang.Object, long)'> (0x000000008b976638) thrown at [./src/hotspot/share/interpreter/linkResolver.cpp, line 773]
Event: 1705.747 Thread 0x00000170d494b800 Exception <a 'java/lang/NoSuchMethodError'{0x000000008b9ab390}: <clinit>> (0x000000008b9ab390) thrown at [./src/hotspot/share/prims/jni.cpp, line 1362]
Event: 1705.747 Thread 0x00000170d494b800 Exception <a 'java/lang/NoSuchMethodError'{0x000000008b9bb458}: <clinit>> (0x000000008b9bb458) thrown at [./src/hotspot/share/prims/jni.cpp, line 1362]
Event: 1705.749 Thread 0x00000170d494b800 Exception <a 'java/lang/NoSuchMethodError'{0x000000008b9cb7b0}: <clinit>> (0x000000008b9cb7b0) thrown at [./src/hotspot/share/prims/jni.cpp, line 1362]
Event: 1705.755 Thread 0x00000170d494b800 Exception <a 'java/lang/NoSuchMethodError'{0x000000008b9ecc28}: <clinit>> (0x000000008b9ecc28) thrown at [./src/hotspot/share/prims/jni.cpp, line 1362]
Event: 1705.781 Thread 0x00000170d494b800 Exception <a 'java/lang/NoSuchMethodError'{0x000000008b75adb8}: <clinit>> (0x000000008b75adb8) thrown at [./src/hotspot/share/prims/jni.cpp, line 1362]
Event: 1705.853 Thread 0x00000170ca7d4800 Exception <a 'java/lang/NoSuchMethodError'{0x000000008b6c4688}: 'java.lang.Object java.lang.invoke.DirectMethodHandle$Holder.invokeStatic(java.lang.Object, java.lang.Object, java.lang.Object, java.lang.Object, java.lang.Object, java.lang.Object, java.lang.Object, java.lang.Object, java.lang.Object, java.lang.Object, java.lang.Object, java.lang.Object, java.lang.Object, int)'> (0x000000008b6c4688) thrown at [./src/hotspot/share/interpreter/linkResolver.cpp, line 773]
Event: 1705.858 Thread 0x00000170ca7d4800 Exception <a 'java/lang/NoSuchMethodError'{0x000000008b6d10f0}: 'java.lang.Object java.lang.invoke.DirectMethodHandle$Holder.invokeStatic(java.lang.Object, java.lang.Object, java.lang.Object, java.lang.Object, java.lang.Object, java.lang.Object, java.lang.Object, java.lang.Object, java.lang.Object, java.lang.Object, java.lang.Object, java.lang.Object, java.lang.Object, int, int)'> (0x000000008b6d10f0) thrown at [./src/hotspot/share/interpreter/linkResolver.cpp, line 773]

Events (20 events):
Event: 1713.756 loading class it/unimi/dsi/fastutil/ints/IntOpenHashSet done
Event: 1713.756 Executing VM operation: RevokeBias
Event: 1713.756 Executing VM operation: RevokeBias done
Event: 1713.756 Executing VM operation: RevokeBias
Event: 1713.757 Executing VM operation: RevokeBias done
Event: 1713.757 loading class it/unimi/dsi/fastutil/Hash
Event: 1713.757 loading class it/unimi/dsi/fastutil/Hash done
Event: 1713.758 loading class it/unimi/dsi/fastutil/ints/AbstractIntSet
Event: 1713.758 loading class it/unimi/dsi/fastutil/ints/AbstractIntSet done
Event: 1713.758 loading class it/unimi/dsi/fastutil/ints/AbstractIntCollection
Event: 1713.758 loading class it/unimi/dsi/fastutil/ints/AbstractIntCollection done
Event: 1713.759 loading class it/unimi/dsi/fastutil/ints/IntIterator
Event: 1713.759 loading class it/unimi/dsi/fastutil/ints/IntIterator done
Event: 1713.759 loading class java/util/PrimitiveIterator$OfInt
Event: 1713.759 loading class java/util/PrimitiveIterator
Event: 1713.759 loading class java/util/PrimitiveIterator done
Event: 1713.759 loading class java/util/PrimitiveIterator$OfInt done
Event: 1713.759 loading class it/unimi/dsi/fastutil/HashCommon
Event: 1713.759 loading class it/unimi/dsi/fastutil/HashCommon done
Event: 1713.771 Thread 0x00000170ca7d0000 Thread added: 0x00000170ca7d0000


Dynamic libraries:
0x00007ff73c2c0000 - 0x00007ff73c2ca000 	D:\AndroidStudio\jre\bin\java.exe
0x00007ffdd48d0000 - 0x00007ffdd4ac5000 	C:\WINDOWS\SYSTEM32\ntdll.dll
0x00007ffdd3820000 - 0x00007ffdd38dd000 	C:\WINDOWS\System32\KERNEL32.DLL
0x00007ffdd20f0000 - 0x00007ffdd23b9000 	C:\WINDOWS\System32\KERNELBASE.dll
0x00007ffdd24d0000 - 0x00007ffdd25d0000 	C:\WINDOWS\System32\ucrtbase.dll
0x00007ffdc8890000 - 0x00007ffdc88a9000 	D:\AndroidStudio\jre\bin\jli.dll
0x00007ffdc5d90000 - 0x00007ffdc5da7000 	D:\AndroidStudio\jre\bin\VCRUNTIME140.dll
0x00007ffdd46f0000 - 0x00007ffdd4890000 	C:\WINDOWS\System32\USER32.dll
0x00007ffdbadb0000 - 0x00007ffdbb04a000 	C:\WINDOWS\WinSxS\amd64_microsoft.windows.common-controls_6595b64144ccf1df_6.0.19041.1110_none_60b5254171f9507e\COMCTL32.dll
0x00007ffdd2730000 - 0x00007ffdd2752000 	C:\WINDOWS\System32\win32u.dll
0x00007ffdd3a10000 - 0x00007ffdd3a3a000 	C:\WINDOWS\System32\GDI32.dll
0x00007ffdd3170000 - 0x00007ffdd320e000 	C:\WINDOWS\System32\msvcrt.dll
0x00007ffdd23c0000 - 0x00007ffdd24cb000 	C:\WINDOWS\System32\gdi32full.dll
0x00007ffdd2790000 - 0x00007ffdd282d000 	C:\WINDOWS\System32\msvcp_win.dll
0x00007ffdd3270000 - 0x00007ffdd32a0000 	C:\WINDOWS\System32\IMM32.DLL
0x00007ffdbc460000 - 0x00007ffdbc4fd000 	D:\AndroidStudio\jre\bin\msvcp140.dll
0x00007ffd6c530000 - 0x00007ffd6cfec000 	D:\AndroidStudio\jre\bin\server\jvm.dll
0x00007ffdd2940000 - 0x00007ffdd29ec000 	C:\WINDOWS\System32\ADVAPI32.dll
0x00007ffdd30d0000 - 0x00007ffdd316b000 	C:\WINDOWS\System32\sechost.dll
0x00007ffdd38e0000 - 0x00007ffdd3a0a000 	C:\WINDOWS\System32\RPCRT4.dll
0x00007ffdd3310000 - 0x00007ffdd3318000 	C:\WINDOWS\System32\PSAPI.DLL
0x00007ffda6d30000 - 0x00007ffda6d39000 	C:\WINDOWS\SYSTEM32\WSOCK32.dll
0x00007ffdcf620000 - 0x00007ffdcf62a000 	C:\WINDOWS\SYSTEM32\VERSION.dll
0x00007ffdbdb60000 - 0x00007ffdbdb87000 	C:\WINDOWS\SYSTEM32\WINMM.dll
0x00007ffdd3d00000 - 0x00007ffdd3d6b000 	C:\WINDOWS\System32\WS2_32.dll
0x00007ffdcfe40000 - 0x00007ffdcfe52000 	C:\WINDOWS\SYSTEM32\kernel.appcore.dll
0x00007ffdc8830000 - 0x00007ffdc8841000 	D:\AndroidStudio\jre\bin\verify.dll
0x00007ffdcf7f0000 - 0x00007ffdcf9d4000 	C:\WINDOWS\SYSTEM32\DBGHELP.DLL
0x00007ffdb84a0000 - 0x00007ffdb84cc000 	C:\WINDOWS\SYSTEM32\dbgcore.DLL
0x00007ffdd2060000 - 0x00007ffdd20e3000 	C:\WINDOWS\System32\bcryptPrimitives.dll
0x00007ffdc60c0000 - 0x00007ffdc60e9000 	D:\AndroidStudio\jre\bin\java.dll
0x00007ffdcd6f0000 - 0x00007ffdcd6fb000 	D:\AndroidStudio\jre\bin\jimage.dll
0x00007ffdc8770000 - 0x00007ffdc8788000 	D:\AndroidStudio\jre\bin\zip.dll
0x00007ffdd3d70000 - 0x00007ffdd44af000 	C:\WINDOWS\System32\SHELL32.dll
0x00007ffdd0140000 - 0x00007ffdd08d1000 	C:\WINDOWS\SYSTEM32\windows.storage.dll
0x00007ffdd2d70000 - 0x00007ffdd30c5000 	C:\WINDOWS\System32\combase.dll
0x00007ffdd1a80000 - 0x00007ffdd1aac000 	C:\WINDOWS\SYSTEM32\Wldp.dll
0x00007ffdd3b20000 - 0x00007ffdd3bce000 	C:\WINDOWS\System32\SHCORE.dll
0x00007ffdd3210000 - 0x00007ffdd3265000 	C:\WINDOWS\System32\shlwapi.dll
0x00007ffdd1f50000 - 0x00007ffdd1f6f000 	C:\WINDOWS\SYSTEM32\profapi.dll
0x00007ffdc8680000 - 0x00007ffdc869a000 	D:\AndroidStudio\jre\bin\net.dll
0x00007ffdcc870000 - 0x00007ffdcc97a000 	C:\WINDOWS\SYSTEM32\WINHTTP.dll
0x00007ffdd17e0000 - 0x00007ffdd184a000 	C:\WINDOWS\system32\mswsock.dll
0x00007ffdc6b90000 - 0x00007ffdc6ba4000 	D:\AndroidStudio\jre\bin\nio.dll
0x00007ffdbd2d0000 - 0x00007ffdbd2f7000 	C:\Users\josem\.gradle\native\fdc75f09e3144964f2cf3f50f0aa648679c211496f362492102eb8c894070792\windows-amd64\native-platform.dll
0x00007ffdbd130000 - 0x00007ffdbd2c6000 	C:\Users\josem\.gradle\native\12488b8bf47d2d4c9fbf2f6322a914ad602e24e48041cd04a747c6da556b65c4\windows-amd64\native-platform-file-events.dll
0x00007ffdc60b0000 - 0x00007ffdc60ba000 	D:\AndroidStudio\jre\bin\management.dll
0x00007ffdc60a0000 - 0x00007ffdc60ac000 	D:\AndroidStudio\jre\bin\management_ext.dll
0x00007ffdd19c0000 - 0x00007ffdd19d8000 	C:\WINDOWS\SYSTEM32\CRYPTSP.dll
0x00007ffdd1110000 - 0x00007ffdd1144000 	C:\WINDOWS\system32\rsaenh.dll
0x00007ffdd2760000 - 0x00007ffdd2787000 	C:\WINDOWS\System32\bcrypt.dll
0x00007ffdd1f10000 - 0x00007ffdd1f3e000 	C:\WINDOWS\SYSTEM32\USERENV.dll
0x00007ffdd19e0000 - 0x00007ffdd19ec000 	C:\WINDOWS\SYSTEM32\CRYPTBASE.dll
0x00007ffdd1480000 - 0x00007ffdd14bb000 	C:\WINDOWS\SYSTEM32\IPHLPAPI.DLL
0x00007ffdd45c0000 - 0x00007ffdd45c8000 	C:\WINDOWS\System32\NSI.dll
0x00007ffdc75b0000 - 0x00007ffdc75c7000 	C:\WINDOWS\SYSTEM32\dhcpcsvc6.DLL
0x00007ffdc7300000 - 0x00007ffdc731d000 	C:\WINDOWS\SYSTEM32\dhcpcsvc.DLL
0x00007ffdd14d0000 - 0x00007ffdd159c000 	C:\WINDOWS\SYSTEM32\DNSAPI.dll
0x00007ffdcc990000 - 0x00007ffdcc99b000 	C:\WINDOWS\SYSTEM32\WINNSI.DLL
0x00007ffdbd0e0000 - 0x00007ffdbd0fe000 	C:\Users\josem\AppData\Local\Temp\native-platform2144332657715747182dir\native-platform.dll
0x00007ffdcd7a0000 - 0x00007ffdcd7a8000 	D:\AndroidStudio\jre\bin\rmi.dll

dbghelp: loaded successfully - version: 4.0.5 - missing functions: none
symbol engine: initialized successfully - sym options: 0x614 - pdb path: .;D:\AndroidStudio\jre\bin;C:\WINDOWS\SYSTEM32;C:\WINDOWS\WinSxS\amd64_microsoft.windows.common-controls_6595b64144ccf1df_6.0.19041.1110_none_60b5254171f9507e;D:\AndroidStudio\jre\bin\server;C:\Users\josem\.gradle\native\fdc75f09e3144964f2cf3f50f0aa648679c211496f362492102eb8c894070792\windows-amd64;C:\Users\josem\.gradle\native\12488b8bf47d2d4c9fbf2f6322a914ad602e24e48041cd04a747c6da556b65c4\windows-amd64;C:\Users\josem\AppData\Local\Temp\native-platform2144332657715747182dir

VM Arguments:
jvm_args: --add-opens=java.base/java.util=ALL-UNNAMED --add-opens=java.base/java.lang=ALL-UNNAMED --add-opens=java.base/java.lang.invoke=ALL-UNNAMED --add-opens=java.prefs/java.util.prefs=ALL-UNNAMED -Xmx2048m -Dfile.encoding=UTF-8 -Duser.country=HN -Duser.language=es -Duser.variant 
java_command: org.gradle.launcher.daemon.bootstrap.GradleDaemon 6.7.1
java_class_path (initial): C:\Users\josem\.gradle\wrapper\dists\gradle-6.7.1-bin\bwlcbys1h7rz3272sye1xwiv6\gradle-6.7.1\lib\gradle-launcher-6.7.1.jar
Launcher Type: SUN_STANDARD

[Global flags]
     intx CICompilerCount                          = 4                                         {product} {ergonomic}
     uint ConcGCThreads                            = 3                                         {product} {ergonomic}
     uint G1ConcRefinementThreads                  = 10                                        {product} {ergonomic}
   size_t G1HeapRegionSize                         = 1048576                                   {product} {ergonomic}
    uintx GCDrainStackTargetSize                   = 64                                        {product} {ergonomic}
   size_t InitialHeapSize                          = 132120576                                 {product} {ergonomic}
   size_t MarkStackSize                            = 4194304                                   {product} {ergonomic}
   size_t MaxHeapSize                              = 2147483648                                {product} {command line}
   size_t MaxNewSize                               = 1287651328                                {product} {ergonomic}
   size_t MinHeapDeltaBytes                        = 1048576                                   {product} {ergonomic}
    uintx NonNMethodCodeHeapSize                   = 5836300                                {pd product} {ergonomic}
    uintx NonProfiledCodeHeapSize                  = 122910970                              {pd product} {ergonomic}
    uintx ProfiledCodeHeapSize                     = 122910970                              {pd product} {ergonomic}
    uintx ReservedCodeCacheSize                    = 251658240                              {pd product} {ergonomic}
     bool SegmentedCodeCache                       = true                                      {product} {ergonomic}
     bool UseCompressedClassPointers               = true                                 {lp64_product} {ergonomic}
     bool UseCompressedOops                        = true                                 {lp64_product} {ergonomic}
     bool UseG1GC                                  = true                                      {product} {ergonomic}
     bool UseLargePagesIndividualAllocation        = false                                  {pd product} {ergonomic}

Logging:
Log output configuration:
 #0: stdout all=warning uptime,level,tags
 #1: stderr all=off uptime,level,tags

Environment Variables:
PATH=C:\Program Files (x86)\Common Files\Oracle\Java\javapath;C:\Windows\system32;C:\Windows;C:\Windows\System32\Wbem;C:\Windows\System32\WindowsPowerShell\v1.0\;C:\Windows\System32\OpenSSH\;C:\Program Files\Intel\WiFi\bin\;C:\Program Files\Common Files\Intel\WirelessCommon\;C:\WINDOWS\system32;C:\WINDOWS;C:\WINDOWS\System32\Wbem;C:\WINDOWS\System32\WindowsPowerShell\v1.0\;C:\WINDOWS\System32\OpenSSH\;D:\Git\Git\cmd;C:\Program Files\Azure Data Studio\bin;C:\Program Files\Microsoft SQL Server\Client SDK\ODBC\170\Tools\Binn\;C:\Program Files (x86)\Microsoft SQL Server\150\Tools\Binn\;C:\Program Files\Microsoft SQL Server\150\Tools\Binn\;C:\Program Files\Microsoft SQL Server\150\DTS\Binn\;C:\Program Files (x86)\Microsoft SQL Server\150\DTS\Binn\;C:\Program Files\Apache Software Foundation\Tomcat 9.0\bin;C:\Program Files\MySQL\MySQL Server 8.0\bin;C:\Program Files\MariaDB 10.6\bin;;C:\Program Files\NVIDIA Corporation\NVIDIA NvDLISR;C:\Program Files (x86)\NVIDIA Corporation\PhysX\Common;C:\Users\josem\AppData\Local\Programs\Python\Python39\Scripts\;C:\Users\josem\AppData\Local\Programs\Python\Python39\;C:\Users\josem\AppData\Local\Microsoft\WindowsApps;C:\Program Files\mingw-w64\x86_64-8.1.0-posix-seh-rt_v6-rev0\mingw64\bin;D:\Intellij\IntelliJ IDEA Community Edition 2020.3.3\bin;;C:\Program Files\Azure Data Studio\bin
USERNAME=josem
OS=Windows_NT
PROCESSOR_IDENTIFIER=Intel64 Family 6 Model 158 Stepping 10, GenuineIntel



---------------  S Y S T E M  ---------------

OS: Windows 10 , 64 bit Build 19041 (10.0.19041.1023)
OS uptime: 0 days 18:14 hours

CPU:total 12 (initial active 12) (6 cores per cpu, 2 threads per core) family 6 model 158 stepping 10, cmov, cx8, fxsr, mmx, sse, sse2, sse3, ssse3, sse4.1, sse4.2, popcnt, avx, avx2, aes, clmul, erms, 3dnowpref, lzcnt, ht, tsc, tscinvbit, bmi1, bmi2, adx, fma

Memory: 4k page, system-wide physical 8002M (676M free)
TotalPageFile size 18112M (AvailPageFile size 0M)
current process WorkingSet (physical memory assigned to process): 458M, peak: 465M
current process commit charge ("private bytes"): 588M, peak: 597M

vm_info: OpenJDK 64-Bit Server VM (11.0.8+10-b944.6842174) for windows-amd64 JRE (11.0.8+10-b944.6842174), built on Sep 19 2020 01:11:42 by "builder" with MS VC++ 14.0 (VS2015)

END.
